Using GPU: NVIDIA GeForce RTX 4090
Created CosineAnnealingWarmRestartsDecay (T_0=48, T_mult=1, cycle_decay=0.05)
  Warm-up: 5 epoch(s), Initial LR: 0.01
  Min LR: 0.0001, Total epochs: 64
Training on device: cuda:0
Initial training loss (before training): 2.3132
Initial validation accuracy (before training): 7.72%
--------------------------------------------------
Epoch 1/64: Train Loss: 1.8734, Val Accuracy: 40.28%, Learning Rate: 0.002000, Grad Norm: 7.1856
  -> New best model saved with accuracy: 40.28%
Epoch 2/64: Train Loss: 1.6964, Val Accuracy: 48.38%, Learning Rate: 0.004000, Grad Norm: 8.1142
  -> New best model saved with accuracy: 48.38%
Epoch 3/64: Train Loss: 1.6239, Val Accuracy: 50.22%, Learning Rate: 0.006000, Grad Norm: 7.7831
  -> New best model saved with accuracy: 50.22%
Epoch 4/64: Train Loss: 1.5770, Val Accuracy: 56.58%, Learning Rate: 0.008000, Grad Norm: 7.5179
  -> New best model saved with accuracy: 56.58%
Epoch 5/64: Train Loss: 1.5458, Val Accuracy: 49.50%, Learning Rate: 0.010000, Grad Norm: 7.3751
  -> No improvement for 1 epoch(s)
Epoch 6/64: Train Loss: 1.5050, Val Accuracy: 56.82%, Learning Rate: 0.009989, Grad Norm: 7.4776
  -> New best model saved with accuracy: 56.82%
Epoch 7/64: Train Loss: 1.4831, Val Accuracy: 55.04%, Learning Rate: 0.009958, Grad Norm: 7.5510
  -> No improvement for 1 epoch(s)
Epoch 8/64: Train Loss: 1.4775, Val Accuracy: 57.02%, Learning Rate: 0.009905, Grad Norm: 7.6765
  -> New best model saved with accuracy: 57.02%
Epoch 9/64: Train Loss: 1.4723, Val Accuracy: 56.44%, Learning Rate: 0.009831, Grad Norm: 7.6154
  -> No improvement for 1 epoch(s)
Epoch 10/64: Train Loss: 1.4612, Val Accuracy: 60.12%, Learning Rate: 0.009737, Grad Norm: 7.7188
  -> New best model saved with accuracy: 60.12%
Epoch 11/64: Train Loss: 1.4544, Val Accuracy: 55.82%, Learning Rate: 0.009623, Grad Norm: 7.8387
  -> No improvement for 1 epoch(s)
Epoch 12/64: Train Loss: 1.4484, Val Accuracy: 59.72%, Learning Rate: 0.009490, Grad Norm: 7.8977
  -> No improvement for 2 epoch(s)
Epoch 13/64: Train Loss: 1.4454, Val Accuracy: 59.50%, Learning Rate: 0.009337, Grad Norm: 7.8975
  -> No improvement for 3 epoch(s)
Epoch 14/64: Train Loss: 1.4380, Val Accuracy: 55.82%, Learning Rate: 0.009166, Grad Norm: 7.9814
  -> No improvement for 4 epoch(s)
Epoch 15/64: Train Loss: 1.4282, Val Accuracy: 58.18%, Learning Rate: 0.008977, Grad Norm: 8.0518
  -> No improvement for 5 epoch(s)
Epoch 16/64: Train Loss: 1.4252, Val Accuracy: 60.16%, Learning Rate: 0.008772, Grad Norm: 8.1021
  -> New best model saved with accuracy: 60.16%
Epoch 17/64: Train Loss: 1.4187, Val Accuracy: 57.40%, Learning Rate: 0.008550, Grad Norm: 8.1841
  -> No improvement for 1 epoch(s)
Epoch 18/64: Train Loss: 1.4122, Val Accuracy: 58.84%, Learning Rate: 0.008314, Grad Norm: 8.2872
  -> No improvement for 2 epoch(s)
Epoch 19/64: Train Loss: 1.4065, Val Accuracy: 59.26%, Learning Rate: 0.008063, Grad Norm: 8.3763
  -> No improvement for 3 epoch(s)
Epoch 20/64: Train Loss: 1.4022, Val Accuracy: 62.10%, Learning Rate: 0.007800, Grad Norm: 8.4310
  -> New best model saved with accuracy: 62.10%
Epoch 21/64: Train Loss: 1.3942, Val Accuracy: 60.74%, Learning Rate: 0.007525, Grad Norm: 8.5343
  -> No improvement for 1 epoch(s)
Epoch 22/64: Train Loss: 1.3876, Val Accuracy: 58.80%, Learning Rate: 0.007239, Grad Norm: 8.6294
  -> No improvement for 2 epoch(s)
Epoch 23/64: Train Loss: 1.3795, Val Accuracy: 61.60%, Learning Rate: 0.006944, Grad Norm: 8.8253
  -> No improvement for 3 epoch(s)
Epoch 24/64: Train Loss: 1.3743, Val Accuracy: 61.12%, Learning Rate: 0.006641, Grad Norm: 8.8248
  -> No improvement for 4 epoch(s)
Epoch 25/64: Train Loss: 1.3669, Val Accuracy: 59.98%, Learning Rate: 0.006331, Grad Norm: 8.9490
  -> No improvement for 5 epoch(s)
Epoch 26/64: Train Loss: 1.3591, Val Accuracy: 60.68%, Learning Rate: 0.006016, Grad Norm: 9.0996
  -> No improvement for 6 epoch(s)
Epoch 27/64: Train Loss: 1.3513, Val Accuracy: 62.34%, Learning Rate: 0.005696, Grad Norm: 9.2307
  -> New best model saved with accuracy: 62.34%
Epoch 28/64: Train Loss: 1.3442, Val Accuracy: 61.86%, Learning Rate: 0.005374, Grad Norm: 9.3427
  -> No improvement for 1 epoch(s)
Epoch 29/64: Train Loss: 1.3349, Val Accuracy: 63.46%, Learning Rate: 0.005050, Grad Norm: 9.5679
  -> New best model saved with accuracy: 63.46%
Epoch 30/64: Train Loss: 1.3287, Val Accuracy: 61.86%, Learning Rate: 0.004726, Grad Norm: 9.6298
  -> No improvement for 1 epoch(s)
Epoch 31/64: Train Loss: 1.3176, Val Accuracy: 62.82%, Learning Rate: 0.004404, Grad Norm: 9.7884
  -> No improvement for 2 epoch(s)
Epoch 32/64: Train Loss: 1.3096, Val Accuracy: 65.02%, Learning Rate: 0.004084, Grad Norm: 9.9658
  -> New best model saved with accuracy: 65.02%
Epoch 33/64: Train Loss: 1.3015, Val Accuracy: 64.46%, Learning Rate: 0.003769, Grad Norm: 10.1541
  -> No improvement for 1 epoch(s)
Epoch 34/64: Train Loss: 1.2903, Val Accuracy: 66.16%, Learning Rate: 0.003459, Grad Norm: 10.3822
  -> New best model saved with accuracy: 66.16%
Epoch 35/64: Train Loss: 1.2833, Val Accuracy: 64.68%, Learning Rate: 0.003156, Grad Norm: 10.5697
  -> No improvement for 1 epoch(s)
Epoch 36/64: Train Loss: 1.2755, Val Accuracy: 66.48%, Learning Rate: 0.002861, Grad Norm: 10.8458
  -> New best model saved with accuracy: 66.48%
Epoch 37/64: Train Loss: 1.2678, Val Accuracy: 64.96%, Learning Rate: 0.002575, Grad Norm: 11.0222
  -> No improvement for 1 epoch(s)
Epoch 38/64: Train Loss: 1.2592, Val Accuracy: 66.22%, Learning Rate: 0.002300, Grad Norm: 11.2637
  -> No improvement for 2 epoch(s)
Epoch 39/64: Train Loss: 1.2501, Val Accuracy: 64.80%, Learning Rate: 0.002037, Grad Norm: 11.5086
  -> No improvement for 3 epoch(s)
Epoch 40/64: Train Loss: 1.2449, Val Accuracy: 66.22%, Learning Rate: 0.001786, Grad Norm: 11.7124
  -> No improvement for 4 epoch(s)
Epoch 41/64: Train Loss: 1.2373, Val Accuracy: 66.38%, Learning Rate: 0.001550, Grad Norm: 11.9689
  -> No improvement for 5 epoch(s)
Epoch 42/64: Train Loss: 1.2281, Val Accuracy: 66.66%, Learning Rate: 0.001328, Grad Norm: 12.1985
  -> New best model saved with accuracy: 66.66%
Epoch 43/64: Train Loss: 1.2213, Val Accuracy: 66.42%, Learning Rate: 0.001123, Grad Norm: 12.4458
  -> No improvement for 1 epoch(s)
Epoch 44/64: Train Loss: 1.2124, Val Accuracy: 67.04%, Learning Rate: 0.000934, Grad Norm: 12.6260
  -> New best model saved with accuracy: 67.04%
Epoch 45/64: Train Loss: 1.2085, Val Accuracy: 67.32%, Learning Rate: 0.000763, Grad Norm: 12.9281
  -> New best model saved with accuracy: 67.32%
Epoch 46/64: Train Loss: 1.2013, Val Accuracy: 67.64%, Learning Rate: 0.000610, Grad Norm: 13.1389
  -> New best model saved with accuracy: 67.64%
Epoch 47/64: Train Loss: 1.1961, Val Accuracy: 67.92%, Learning Rate: 0.000477, Grad Norm: 13.3773
  -> New best model saved with accuracy: 67.92%
Epoch 48/64: Train Loss: 1.1924, Val Accuracy: 68.52%, Learning Rate: 0.000363, Grad Norm: 13.5655
  -> New best model saved with accuracy: 68.52%
Epoch 49/64: Train Loss: 1.1881, Val Accuracy: 68.10%, Learning Rate: 0.000269, Grad Norm: 13.7126
  -> No improvement for 1 epoch(s)
Epoch 50/64: Train Loss: 1.1837, Val Accuracy: 68.76%, Learning Rate: 0.000195, Grad Norm: 13.8497
  -> New best model saved with accuracy: 68.76%
Epoch 51/64: Train Loss: 1.1825, Val Accuracy: 68.48%, Learning Rate: 0.000142, Grad Norm: 14.0015
  -> No improvement for 1 epoch(s)
Epoch 52/64: Train Loss: 1.1810, Val Accuracy: 68.48%, Learning Rate: 0.000111, Grad Norm: 14.0527
  -> No improvement for 2 epoch(s)
  >> Cosine annealing restart #1: LR 0.000111 -> 0.000500
Epoch 53/64: Train Loss: 1.1964, Val Accuracy: 67.86%, Learning Rate: 0.000500, Grad Norm: 14.1588
  -> No improvement for 3 epoch(s)
Epoch 54/64: Train Loss: 1.2000, Val Accuracy: 67.90%, Learning Rate: 0.000500, Grad Norm: 14.0995
  -> No improvement for 4 epoch(s)
Epoch 55/64: Train Loss: 1.1992, Val Accuracy: 67.38%, Learning Rate: 0.000498, Grad Norm: 14.1748
  -> No improvement for 5 epoch(s)
Epoch 56/64: Train Loss: 1.1994, Val Accuracy: 67.14%, Learning Rate: 0.000496, Grad Norm: 14.2094
  -> No improvement for 6 epoch(s)
Epoch 57/64: Train Loss: 1.1968, Val Accuracy: 68.44%, Learning Rate: 0.000493, Grad Norm: 14.3345
  -> No improvement for 7 epoch(s)
Epoch 58/64: Train Loss: 1.1989, Val Accuracy: 67.54%, Learning Rate: 0.000489, Grad Norm: 14.2735
  -> No improvement for 8 epoch(s)
Epoch 59/64: Train Loss: 1.1993, Val Accuracy: 67.32%, Learning Rate: 0.000485, Grad Norm: 14.4093
  -> No improvement for 9 epoch(s)
Epoch 60/64: Train Loss: 1.1981, Val Accuracy: 68.50%, Learning Rate: 0.000479, Grad Norm: 14.4525
  -> No improvement for 10 epoch(s)
Early stopping triggered at epoch 60
Finished Training
Best validation accuracy: 68.76% at epoch 50 with train loss: 1.1837
