Using GPU: NVIDIA GeForce RTX 4090
Created CosineAnnealingWarmRestartsDecay (T_0=48, T_mult=1, cycle_decay=0.05)
  Warm-up: 5 epoch(s), Initial LR: 0.005
  Min LR: 5e-05, Total epochs: 64
Training on device: cuda:0
Initial training loss (before training): 2.2972
Initial validation accuracy (before training): 10.40%
--------------------------------------------------
Epoch 1/64: Train Loss: 2.2843, Val Accuracy: 22.86%, Learning Rate: 0.001000, Grad Norm: 0.3106
  -> New best model saved with accuracy: 22.86%
Epoch 2/64: Train Loss: 1.9787, Val Accuracy: 33.40%, Learning Rate: 0.002000, Grad Norm: 2.0781
  -> New best model saved with accuracy: 33.40%
Epoch 3/64: Train Loss: 1.7269, Val Accuracy: 39.96%, Learning Rate: 0.003000, Grad Norm: 3.1637
  -> New best model saved with accuracy: 39.96%
Epoch 4/64: Train Loss: 1.5948, Val Accuracy: 43.48%, Learning Rate: 0.004000, Grad Norm: 3.7699
  -> New best model saved with accuracy: 43.48%
Epoch 5/64: Train Loss: 1.5083, Val Accuracy: 46.36%, Learning Rate: 0.005000, Grad Norm: 4.1995
  -> New best model saved with accuracy: 46.36%
Epoch 6/64: Train Loss: 1.4295, Val Accuracy: 49.96%, Learning Rate: 0.004995, Grad Norm: 4.3472
  -> New best model saved with accuracy: 49.96%
Epoch 7/64: Train Loss: 1.3683, Val Accuracy: 50.96%, Learning Rate: 0.004979, Grad Norm: 4.5109
  -> New best model saved with accuracy: 50.96%
Epoch 8/64: Train Loss: 1.3144, Val Accuracy: 53.88%, Learning Rate: 0.004952, Grad Norm: 4.6621
  -> New best model saved with accuracy: 53.88%
Epoch 9/64: Train Loss: 1.2784, Val Accuracy: 55.10%, Learning Rate: 0.004916, Grad Norm: 4.8005
  -> New best model saved with accuracy: 55.10%
Epoch 10/64: Train Loss: 1.2421, Val Accuracy: 55.78%, Learning Rate: 0.004869, Grad Norm: 4.9769
  -> New best model saved with accuracy: 55.78%
Epoch 11/64: Train Loss: 1.2079, Val Accuracy: 57.44%, Learning Rate: 0.004812, Grad Norm: 5.0642
  -> New best model saved with accuracy: 57.44%
Epoch 12/64: Train Loss: 1.1838, Val Accuracy: 57.94%, Learning Rate: 0.004745, Grad Norm: 5.2539
  -> New best model saved with accuracy: 57.94%
Epoch 13/64: Train Loss: 1.1607, Val Accuracy: 57.46%, Learning Rate: 0.004668, Grad Norm: 5.2431
  -> No improvement for 1 epoch(s)
Epoch 14/64: Train Loss: 1.1342, Val Accuracy: 59.00%, Learning Rate: 0.004583, Grad Norm: 5.3514
  -> New best model saved with accuracy: 59.00%
Epoch 15/64: Train Loss: 1.1162, Val Accuracy: 60.12%, Learning Rate: 0.004489, Grad Norm: 5.3602
  -> New best model saved with accuracy: 60.12%
Epoch 16/64: Train Loss: 1.0922, Val Accuracy: 60.40%, Learning Rate: 0.004386, Grad Norm: 5.3861
  -> New best model saved with accuracy: 60.40%
Epoch 17/64: Train Loss: 1.0739, Val Accuracy: 59.62%, Learning Rate: 0.004275, Grad Norm: 5.4811
  -> No improvement for 1 epoch(s)
Epoch 18/64: Train Loss: 1.0586, Val Accuracy: 61.36%, Learning Rate: 0.004157, Grad Norm: 5.5415
  -> New best model saved with accuracy: 61.36%
Epoch 19/64: Train Loss: 1.0436, Val Accuracy: 60.64%, Learning Rate: 0.004032, Grad Norm: 5.6439
  -> No improvement for 1 epoch(s)
Epoch 20/64: Train Loss: 1.0273, Val Accuracy: 62.26%, Learning Rate: 0.003900, Grad Norm: 5.6769
  -> New best model saved with accuracy: 62.26%
Epoch 21/64: Train Loss: 1.0166, Val Accuracy: 61.94%, Learning Rate: 0.003763, Grad Norm: 5.6941
  -> No improvement for 1 epoch(s)
Epoch 22/64: Train Loss: 1.0042, Val Accuracy: 63.04%, Learning Rate: 0.003620, Grad Norm: 5.7807
  -> New best model saved with accuracy: 63.04%
Epoch 23/64: Train Loss: 0.9892, Val Accuracy: 62.30%, Learning Rate: 0.003472, Grad Norm: 5.8177
  -> No improvement for 1 epoch(s)
Epoch 24/64: Train Loss: 0.9731, Val Accuracy: 62.62%, Learning Rate: 0.003321, Grad Norm: 5.8262
  -> No improvement for 2 epoch(s)
Epoch 25/64: Train Loss: 0.9641, Val Accuracy: 63.08%, Learning Rate: 0.003166, Grad Norm: 5.9162
  -> New best model saved with accuracy: 63.08%
Epoch 26/64: Train Loss: 0.9515, Val Accuracy: 63.48%, Learning Rate: 0.003008, Grad Norm: 5.9899
  -> New best model saved with accuracy: 63.48%
Epoch 27/64: Train Loss: 0.9440, Val Accuracy: 64.04%, Learning Rate: 0.002848, Grad Norm: 5.9548
  -> New best model saved with accuracy: 64.04%
Epoch 28/64: Train Loss: 0.9328, Val Accuracy: 64.46%, Learning Rate: 0.002687, Grad Norm: 6.0515
  -> New best model saved with accuracy: 64.46%
Epoch 29/64: Train Loss: 0.9259, Val Accuracy: 63.88%, Learning Rate: 0.002525, Grad Norm: 6.0656
  -> No improvement for 1 epoch(s)
Epoch 30/64: Train Loss: 0.9147, Val Accuracy: 64.22%, Learning Rate: 0.002363, Grad Norm: 6.1254
  -> No improvement for 2 epoch(s)
Epoch 31/64: Train Loss: 0.9053, Val Accuracy: 64.76%, Learning Rate: 0.002202, Grad Norm: 6.1786
  -> New best model saved with accuracy: 64.76%
Epoch 32/64: Train Loss: 0.8974, Val Accuracy: 64.86%, Learning Rate: 0.002042, Grad Norm: 6.2021
  -> New best model saved with accuracy: 64.86%
Epoch 33/64: Train Loss: 0.8916, Val Accuracy: 64.62%, Learning Rate: 0.001884, Grad Norm: 6.2816
  -> No improvement for 1 epoch(s)
Epoch 34/64: Train Loss: 0.8831, Val Accuracy: 65.14%, Learning Rate: 0.001729, Grad Norm: 6.2470
  -> New best model saved with accuracy: 65.14%
Epoch 35/64: Train Loss: 0.8784, Val Accuracy: 64.30%, Learning Rate: 0.001578, Grad Norm: 6.3607
  -> No improvement for 1 epoch(s)
Epoch 36/64: Train Loss: 0.8708, Val Accuracy: 65.20%, Learning Rate: 0.001430, Grad Norm: 6.4133
  -> New best model saved with accuracy: 65.20%
Epoch 37/64: Train Loss: 0.8644, Val Accuracy: 65.18%, Learning Rate: 0.001288, Grad Norm: 6.3868
  -> No improvement for 1 epoch(s)
Epoch 38/64: Train Loss: 0.8606, Val Accuracy: 64.98%, Learning Rate: 0.001150, Grad Norm: 6.3810
  -> No improvement for 2 epoch(s)
Epoch 39/64: Train Loss: 0.8494, Val Accuracy: 65.12%, Learning Rate: 0.001018, Grad Norm: 6.4258
  -> No improvement for 3 epoch(s)
Epoch 40/64: Train Loss: 0.8551, Val Accuracy: 65.82%, Learning Rate: 0.000893, Grad Norm: 6.5044
  -> New best model saved with accuracy: 65.82%
Epoch 41/64: Train Loss: 0.8429, Val Accuracy: 65.50%, Learning Rate: 0.000775, Grad Norm: 6.4926
  -> No improvement for 1 epoch(s)
Epoch 42/64: Train Loss: 0.8427, Val Accuracy: 65.26%, Learning Rate: 0.000664, Grad Norm: 6.5626
  -> No improvement for 2 epoch(s)
Epoch 43/64: Train Loss: 0.8391, Val Accuracy: 65.94%, Learning Rate: 0.000561, Grad Norm: 6.4746
  -> New best model saved with accuracy: 65.94%
Epoch 44/64: Train Loss: 0.8388, Val Accuracy: 65.38%, Learning Rate: 0.000467, Grad Norm: 6.5152
  -> No improvement for 1 epoch(s)
Epoch 45/64: Train Loss: 0.8333, Val Accuracy: 65.26%, Learning Rate: 0.000382, Grad Norm: 6.5824
  -> No improvement for 2 epoch(s)
Epoch 46/64: Train Loss: 0.8281, Val Accuracy: 65.34%, Learning Rate: 0.000305, Grad Norm: 6.5005
  -> No improvement for 3 epoch(s)
Epoch 47/64: Train Loss: 0.8254, Val Accuracy: 65.54%, Learning Rate: 0.000238, Grad Norm: 6.5363
  -> No improvement for 4 epoch(s)
Epoch 48/64: Train Loss: 0.8278, Val Accuracy: 65.64%, Learning Rate: 0.000181, Grad Norm: 6.5567
  -> No improvement for 5 epoch(s)
Epoch 49/64: Train Loss: 0.8212, Val Accuracy: 65.60%, Learning Rate: 0.000134, Grad Norm: 6.5347
  -> No improvement for 6 epoch(s)
Epoch 50/64: Train Loss: 0.8220, Val Accuracy: 65.62%, Learning Rate: 0.000098, Grad Norm: 6.5303
  -> No improvement for 7 epoch(s)
Epoch 51/64: Train Loss: 0.8262, Val Accuracy: 65.70%, Learning Rate: 0.000071, Grad Norm: 6.5867
  -> No improvement for 8 epoch(s)
Epoch 52/64: Train Loss: 0.8207, Val Accuracy: 65.60%, Learning Rate: 0.000055, Grad Norm: 6.5774
  -> No improvement for 9 epoch(s)
  >> Cosine annealing restart #1: LR 0.000055 -> 0.000250
Epoch 53/64: Train Loss: 0.8263, Val Accuracy: 65.34%, Learning Rate: 0.000250, Grad Norm: 6.6187
  -> No improvement for 10 epoch(s)
Early stopping triggered at epoch 53
Finished Training
Best validation accuracy: 65.94% at epoch 43 with train loss: 0.8391
