Using GPU: NVIDIA GeForce RTX 4090
Created CosineAnnealingWarmRestartsDecay (T_0=48, T_mult=1, cycle_decay=0.05)
  Warm-up: 5 epoch(s), Initial LR: 0.005
  Min LR: 5e-05, Total epochs: 64
Training on device: cuda:0
Initial training loss (before training): 2.3054
Initial validation accuracy (before training): 8.96%
--------------------------------------------------
Epoch 1/64: Train Loss: 1.8587, Val Accuracy: 38.64%, Learning Rate: 0.001000, Grad Norm: 9.1433
  -> New best model saved with accuracy: 38.64%
Epoch 2/64: Train Loss: 1.5976, Val Accuracy: 43.26%, Learning Rate: 0.002000, Grad Norm: 12.3596
  -> New best model saved with accuracy: 43.26%
Epoch 3/64: Train Loss: 1.4556, Val Accuracy: 50.80%, Learning Rate: 0.003000, Grad Norm: 12.4147
  -> New best model saved with accuracy: 50.80%
Epoch 4/64: Train Loss: 1.3372, Val Accuracy: 56.36%, Learning Rate: 0.004000, Grad Norm: 12.6434
  -> New best model saved with accuracy: 56.36%
Epoch 5/64: Train Loss: 1.2633, Val Accuracy: 57.28%, Learning Rate: 0.005000, Grad Norm: 12.6175
  -> New best model saved with accuracy: 57.28%
Epoch 6/64: Train Loss: 1.1866, Val Accuracy: 60.08%, Learning Rate: 0.004995, Grad Norm: 12.7573
  -> New best model saved with accuracy: 60.08%
Epoch 7/64: Train Loss: 1.1254, Val Accuracy: 61.94%, Learning Rate: 0.004979, Grad Norm: 13.1090
  -> New best model saved with accuracy: 61.94%
Epoch 8/64: Train Loss: 1.0724, Val Accuracy: 62.36%, Learning Rate: 0.004952, Grad Norm: 13.3175
  -> New best model saved with accuracy: 62.36%
Epoch 9/64: Train Loss: 1.0314, Val Accuracy: 64.56%, Learning Rate: 0.004916, Grad Norm: 13.7373
  -> New best model saved with accuracy: 64.56%
Epoch 10/64: Train Loss: 0.9958, Val Accuracy: 63.90%, Learning Rate: 0.004869, Grad Norm: 14.1446
  -> No improvement for 1 epoch(s)
Epoch 11/64: Train Loss: 0.9645, Val Accuracy: 64.92%, Learning Rate: 0.004812, Grad Norm: 14.3818
  -> New best model saved with accuracy: 64.92%
Epoch 12/64: Train Loss: 0.9381, Val Accuracy: 65.52%, Learning Rate: 0.004745, Grad Norm: 14.8425
  -> New best model saved with accuracy: 65.52%
Epoch 13/64: Train Loss: 0.9150, Val Accuracy: 64.36%, Learning Rate: 0.004668, Grad Norm: 15.1148
  -> No improvement for 1 epoch(s)
Epoch 14/64: Train Loss: 0.8848, Val Accuracy: 66.24%, Learning Rate: 0.004583, Grad Norm: 15.2905
  -> New best model saved with accuracy: 66.24%
Epoch 15/64: Train Loss: 0.8698, Val Accuracy: 67.00%, Learning Rate: 0.004489, Grad Norm: 15.5036
  -> New best model saved with accuracy: 67.00%
Epoch 16/64: Train Loss: 0.8450, Val Accuracy: 66.38%, Learning Rate: 0.004386, Grad Norm: 15.8373
  -> No improvement for 1 epoch(s)
Epoch 17/64: Train Loss: 0.8312, Val Accuracy: 67.22%, Learning Rate: 0.004275, Grad Norm: 16.2861
  -> New best model saved with accuracy: 67.22%
Epoch 18/64: Train Loss: 0.8063, Val Accuracy: 65.36%, Learning Rate: 0.004157, Grad Norm: 16.4079
  -> No improvement for 1 epoch(s)
Epoch 19/64: Train Loss: 0.7920, Val Accuracy: 66.34%, Learning Rate: 0.004032, Grad Norm: 16.6699
  -> No improvement for 2 epoch(s)
Epoch 20/64: Train Loss: 0.7735, Val Accuracy: 68.02%, Learning Rate: 0.003900, Grad Norm: 16.9641
  -> New best model saved with accuracy: 68.02%
Epoch 21/64: Train Loss: 0.7590, Val Accuracy: 66.88%, Learning Rate: 0.003763, Grad Norm: 17.3004
  -> No improvement for 1 epoch(s)
Epoch 22/64: Train Loss: 0.7467, Val Accuracy: 67.98%, Learning Rate: 0.003620, Grad Norm: 17.6821
  -> No improvement for 2 epoch(s)
Epoch 23/64: Train Loss: 0.7211, Val Accuracy: 67.50%, Learning Rate: 0.003472, Grad Norm: 17.7919
  -> No improvement for 3 epoch(s)
Epoch 24/64: Train Loss: 0.7110, Val Accuracy: 68.38%, Learning Rate: 0.003321, Grad Norm: 18.1427
  -> New best model saved with accuracy: 68.38%
Epoch 25/64: Train Loss: 0.7027, Val Accuracy: 67.02%, Learning Rate: 0.003166, Grad Norm: 18.6006
  -> No improvement for 1 epoch(s)
Epoch 26/64: Train Loss: 0.6833, Val Accuracy: 68.52%, Learning Rate: 0.003008, Grad Norm: 18.7277
  -> New best model saved with accuracy: 68.52%
Epoch 27/64: Train Loss: 0.6711, Val Accuracy: 68.74%, Learning Rate: 0.002848, Grad Norm: 18.8780
  -> New best model saved with accuracy: 68.74%
Epoch 28/64: Train Loss: 0.6536, Val Accuracy: 67.36%, Learning Rate: 0.002687, Grad Norm: 19.2878
  -> No improvement for 1 epoch(s)
Epoch 29/64: Train Loss: 0.6463, Val Accuracy: 68.66%, Learning Rate: 0.002525, Grad Norm: 19.4201
  -> No improvement for 2 epoch(s)
Epoch 30/64: Train Loss: 0.6359, Val Accuracy: 67.88%, Learning Rate: 0.002363, Grad Norm: 19.7151
  -> No improvement for 3 epoch(s)
Epoch 31/64: Train Loss: 0.6204, Val Accuracy: 68.18%, Learning Rate: 0.002202, Grad Norm: 19.8207
  -> No improvement for 4 epoch(s)
Epoch 32/64: Train Loss: 0.6143, Val Accuracy: 67.54%, Learning Rate: 0.002042, Grad Norm: 19.9168
  -> No improvement for 5 epoch(s)
Epoch 33/64: Train Loss: 0.6026, Val Accuracy: 67.56%, Learning Rate: 0.001884, Grad Norm: 20.0791
  -> No improvement for 6 epoch(s)
Epoch 34/64: Train Loss: 0.5866, Val Accuracy: 68.90%, Learning Rate: 0.001729, Grad Norm: 20.0436
  -> New best model saved with accuracy: 68.90%
Epoch 35/64: Train Loss: 0.5858, Val Accuracy: 68.10%, Learning Rate: 0.001578, Grad Norm: 20.3358
  -> No improvement for 1 epoch(s)
Epoch 36/64: Train Loss: 0.5723, Val Accuracy: 68.10%, Learning Rate: 0.001430, Grad Norm: 20.2859
  -> No improvement for 2 epoch(s)
Epoch 37/64: Train Loss: 0.5653, Val Accuracy: 67.78%, Learning Rate: 0.001288, Grad Norm: 20.2428
  -> No improvement for 3 epoch(s)
Epoch 38/64: Train Loss: 0.5480, Val Accuracy: 68.44%, Learning Rate: 0.001150, Grad Norm: 20.1517
  -> No improvement for 4 epoch(s)
Epoch 39/64: Train Loss: 0.5441, Val Accuracy: 68.18%, Learning Rate: 0.001018, Grad Norm: 19.9846
  -> No improvement for 5 epoch(s)
Epoch 40/64: Train Loss: 0.5366, Val Accuracy: 68.12%, Learning Rate: 0.000893, Grad Norm: 20.1677
  -> No improvement for 6 epoch(s)
Epoch 41/64: Train Loss: 0.5357, Val Accuracy: 68.24%, Learning Rate: 0.000775, Grad Norm: 20.0712
  -> No improvement for 7 epoch(s)
Epoch 42/64: Train Loss: 0.5207, Val Accuracy: 68.54%, Learning Rate: 0.000664, Grad Norm: 20.0819
  -> No improvement for 8 epoch(s)
Epoch 43/64: Train Loss: 0.5179, Val Accuracy: 68.70%, Learning Rate: 0.000561, Grad Norm: 19.8234
  -> No improvement for 9 epoch(s)
Epoch 44/64: Train Loss: 0.5193, Val Accuracy: 68.46%, Learning Rate: 0.000467, Grad Norm: 20.0562
  -> No improvement for 10 epoch(s)
Early stopping triggered at epoch 44
Finished Training
Best validation accuracy: 68.90% at epoch 34 with train loss: 0.5866
