Using GPU: NVIDIA GeForce RTX 4090
Created CosineAnnealingWarmRestartsDecay (T_0=48, T_mult=1, cycle_decay=0.05)
  Warm-up: 5 epoch(s), Initial LR: 0.001
  Min LR: 1e-05, Total epochs: 64
Training on device: cuda:0
Initial training loss (before training): 2.2797
Initial validation accuracy (before training): 9.96%
--------------------------------------------------
Epoch 1/64: Train Loss: 2.2999, Val Accuracy: 14.00%, Learning Rate: 0.000200, Grad Norm: 0.3536
  -> New best model saved with accuracy: 14.00%
Epoch 2/64: Train Loss: 2.0983, Val Accuracy: 28.10%, Learning Rate: 0.000400, Grad Norm: 2.4230
  -> New best model saved with accuracy: 28.10%
Epoch 3/64: Train Loss: 1.8962, Val Accuracy: 33.34%, Learning Rate: 0.000600, Grad Norm: 4.7693
  -> New best model saved with accuracy: 33.34%
Epoch 4/64: Train Loss: 1.7890, Val Accuracy: 37.20%, Learning Rate: 0.000800, Grad Norm: 5.9655
  -> New best model saved with accuracy: 37.20%
Epoch 5/64: Train Loss: 1.7033, Val Accuracy: 40.74%, Learning Rate: 0.001000, Grad Norm: 6.7838
  -> New best model saved with accuracy: 40.74%
Epoch 6/64: Train Loss: 1.6325, Val Accuracy: 42.72%, Learning Rate: 0.000999, Grad Norm: 7.4993
  -> New best model saved with accuracy: 42.72%
Epoch 7/64: Train Loss: 1.5740, Val Accuracy: 45.16%, Learning Rate: 0.000996, Grad Norm: 8.1397
  -> New best model saved with accuracy: 45.16%
Epoch 8/64: Train Loss: 1.5215, Val Accuracy: 47.04%, Learning Rate: 0.000990, Grad Norm: 8.6168
  -> New best model saved with accuracy: 47.04%
Epoch 9/64: Train Loss: 1.4815, Val Accuracy: 48.32%, Learning Rate: 0.000983, Grad Norm: 8.9541
  -> New best model saved with accuracy: 48.32%
Epoch 10/64: Train Loss: 1.4485, Val Accuracy: 49.38%, Learning Rate: 0.000974, Grad Norm: 9.1686
  -> New best model saved with accuracy: 49.38%
Epoch 11/64: Train Loss: 1.4214, Val Accuracy: 50.34%, Learning Rate: 0.000962, Grad Norm: 9.3592
  -> New best model saved with accuracy: 50.34%
Epoch 12/64: Train Loss: 1.3964, Val Accuracy: 49.94%, Learning Rate: 0.000949, Grad Norm: 9.5701
  -> No improvement for 1 epoch(s)
Epoch 13/64: Train Loss: 1.3735, Val Accuracy: 52.22%, Learning Rate: 0.000934, Grad Norm: 9.7159
  -> New best model saved with accuracy: 52.22%
Epoch 14/64: Train Loss: 1.3549, Val Accuracy: 52.02%, Learning Rate: 0.000917, Grad Norm: 9.9006
  -> No improvement for 1 epoch(s)
Epoch 15/64: Train Loss: 1.3344, Val Accuracy: 52.02%, Learning Rate: 0.000898, Grad Norm: 10.0861
  -> No improvement for 2 epoch(s)
Epoch 16/64: Train Loss: 1.3146, Val Accuracy: 52.74%, Learning Rate: 0.000877, Grad Norm: 10.2738
  -> New best model saved with accuracy: 52.74%
Epoch 17/64: Train Loss: 1.2975, Val Accuracy: 53.52%, Learning Rate: 0.000855, Grad Norm: 10.5514
  -> New best model saved with accuracy: 53.52%
Epoch 18/64: Train Loss: 1.2837, Val Accuracy: 54.74%, Learning Rate: 0.000831, Grad Norm: 10.6568
  -> New best model saved with accuracy: 54.74%
Epoch 19/64: Train Loss: 1.2679, Val Accuracy: 54.90%, Learning Rate: 0.000806, Grad Norm: 10.9130
  -> New best model saved with accuracy: 54.90%
Epoch 20/64: Train Loss: 1.2552, Val Accuracy: 55.30%, Learning Rate: 0.000780, Grad Norm: 11.0872
  -> New best model saved with accuracy: 55.30%
Epoch 21/64: Train Loss: 1.2438, Val Accuracy: 55.62%, Learning Rate: 0.000753, Grad Norm: 11.1223
  -> New best model saved with accuracy: 55.62%
Epoch 22/64: Train Loss: 1.2292, Val Accuracy: 55.98%, Learning Rate: 0.000724, Grad Norm: 11.3768
  -> New best model saved with accuracy: 55.98%
Epoch 23/64: Train Loss: 1.2197, Val Accuracy: 56.06%, Learning Rate: 0.000694, Grad Norm: 11.5399
  -> New best model saved with accuracy: 56.06%
Epoch 24/64: Train Loss: 1.2097, Val Accuracy: 56.86%, Learning Rate: 0.000664, Grad Norm: 11.7022
  -> New best model saved with accuracy: 56.86%
Epoch 25/64: Train Loss: 1.1997, Val Accuracy: 57.02%, Learning Rate: 0.000633, Grad Norm: 11.9561
  -> New best model saved with accuracy: 57.02%
Epoch 26/64: Train Loss: 1.1891, Val Accuracy: 57.70%, Learning Rate: 0.000602, Grad Norm: 12.0863
  -> New best model saved with accuracy: 57.70%
Epoch 27/64: Train Loss: 1.1800, Val Accuracy: 57.66%, Learning Rate: 0.000570, Grad Norm: 12.1630
  -> No improvement for 1 epoch(s)
Epoch 28/64: Train Loss: 1.1724, Val Accuracy: 58.24%, Learning Rate: 0.000537, Grad Norm: 12.2697
  -> New best model saved with accuracy: 58.24%
Epoch 29/64: Train Loss: 1.1639, Val Accuracy: 58.14%, Learning Rate: 0.000505, Grad Norm: 12.3864
  -> No improvement for 1 epoch(s)
Epoch 30/64: Train Loss: 1.1574, Val Accuracy: 58.18%, Learning Rate: 0.000473, Grad Norm: 12.5035
  -> No improvement for 2 epoch(s)
Epoch 31/64: Train Loss: 1.1502, Val Accuracy: 58.66%, Learning Rate: 0.000440, Grad Norm: 12.6346
  -> New best model saved with accuracy: 58.66%
Epoch 32/64: Train Loss: 1.1439, Val Accuracy: 57.66%, Learning Rate: 0.000408, Grad Norm: 12.6839
  -> No improvement for 1 epoch(s)
Epoch 33/64: Train Loss: 1.1377, Val Accuracy: 58.66%, Learning Rate: 0.000377, Grad Norm: 12.8158
  -> No improvement for 2 epoch(s)
Epoch 34/64: Train Loss: 1.1309, Val Accuracy: 59.34%, Learning Rate: 0.000346, Grad Norm: 12.9840
  -> New best model saved with accuracy: 59.34%
Epoch 35/64: Train Loss: 1.1270, Val Accuracy: 59.82%, Learning Rate: 0.000316, Grad Norm: 13.0326
  -> New best model saved with accuracy: 59.82%
Epoch 36/64: Train Loss: 1.1242, Val Accuracy: 59.24%, Learning Rate: 0.000286, Grad Norm: 13.1203
  -> No improvement for 1 epoch(s)
Epoch 37/64: Train Loss: 1.1186, Val Accuracy: 60.18%, Learning Rate: 0.000258, Grad Norm: 13.2461
  -> New best model saved with accuracy: 60.18%
Epoch 38/64: Train Loss: 1.1134, Val Accuracy: 59.90%, Learning Rate: 0.000230, Grad Norm: 13.2234
  -> No improvement for 1 epoch(s)
Epoch 39/64: Train Loss: 1.1134, Val Accuracy: 59.80%, Learning Rate: 0.000204, Grad Norm: 13.3411
  -> No improvement for 2 epoch(s)
Epoch 40/64: Train Loss: 1.1070, Val Accuracy: 59.76%, Learning Rate: 0.000179, Grad Norm: 13.4145
  -> No improvement for 3 epoch(s)
Epoch 41/64: Train Loss: 1.1069, Val Accuracy: 59.46%, Learning Rate: 0.000155, Grad Norm: 13.4010
  -> No improvement for 4 epoch(s)
Epoch 42/64: Train Loss: 1.1046, Val Accuracy: 59.80%, Learning Rate: 0.000133, Grad Norm: 13.5204
  -> No improvement for 5 epoch(s)
Epoch 43/64: Train Loss: 1.0977, Val Accuracy: 60.48%, Learning Rate: 0.000112, Grad Norm: 13.4727
  -> New best model saved with accuracy: 60.48%
Epoch 44/64: Train Loss: 1.0977, Val Accuracy: 59.98%, Learning Rate: 0.000093, Grad Norm: 13.5344
  -> No improvement for 1 epoch(s)
Epoch 45/64: Train Loss: 1.0976, Val Accuracy: 60.50%, Learning Rate: 0.000076, Grad Norm: 13.5540
  -> New best model saved with accuracy: 60.50%
Epoch 46/64: Train Loss: 1.0961, Val Accuracy: 60.38%, Learning Rate: 0.000061, Grad Norm: 13.6647
  -> No improvement for 1 epoch(s)
Epoch 47/64: Train Loss: 1.0960, Val Accuracy: 60.68%, Learning Rate: 0.000048, Grad Norm: 13.6275
  -> New best model saved with accuracy: 60.68%
Epoch 48/64: Train Loss: 1.0957, Val Accuracy: 60.58%, Learning Rate: 0.000036, Grad Norm: 13.6857
  -> No improvement for 1 epoch(s)
Epoch 49/64: Train Loss: 1.0956, Val Accuracy: 60.26%, Learning Rate: 0.000027, Grad Norm: 13.6719
  -> No improvement for 2 epoch(s)
Epoch 50/64: Train Loss: 1.0930, Val Accuracy: 60.58%, Learning Rate: 0.000020, Grad Norm: 13.6194
  -> No improvement for 3 epoch(s)
Epoch 51/64: Train Loss: 1.0936, Val Accuracy: 60.40%, Learning Rate: 0.000014, Grad Norm: 13.6682
  -> No improvement for 4 epoch(s)
Epoch 52/64: Train Loss: 1.0911, Val Accuracy: 60.58%, Learning Rate: 0.000011, Grad Norm: 13.6395
  -> No improvement for 5 epoch(s)
  >> Cosine annealing restart #1: LR 0.000011 -> 0.000050
Epoch 53/64: Train Loss: 1.0934, Val Accuracy: 60.64%, Learning Rate: 0.000050, Grad Norm: 13.7196
  -> No improvement for 6 epoch(s)
Epoch 54/64: Train Loss: 1.0929, Val Accuracy: 60.40%, Learning Rate: 0.000050, Grad Norm: 13.7189
  -> No improvement for 7 epoch(s)
Epoch 55/64: Train Loss: 1.0930, Val Accuracy: 60.40%, Learning Rate: 0.000050, Grad Norm: 13.6956
  -> No improvement for 8 epoch(s)
Epoch 56/64: Train Loss: 1.0933, Val Accuracy: 60.50%, Learning Rate: 0.000050, Grad Norm: 13.7978
  -> No improvement for 9 epoch(s)
Epoch 57/64: Train Loss: 1.0908, Val Accuracy: 60.70%, Learning Rate: 0.000049, Grad Norm: 13.7628
  -> New best model saved with accuracy: 60.70%
Epoch 58/64: Train Loss: 1.0888, Val Accuracy: 60.44%, Learning Rate: 0.000049, Grad Norm: 13.8100
  -> No improvement for 1 epoch(s)
Epoch 59/64: Train Loss: 1.0898, Val Accuracy: 60.60%, Learning Rate: 0.000048, Grad Norm: 13.7621
  -> No improvement for 2 epoch(s)
Epoch 60/64: Train Loss: 1.0917, Val Accuracy: 60.56%, Learning Rate: 0.000048, Grad Norm: 13.9071
  -> No improvement for 3 epoch(s)
Epoch 61/64: Train Loss: 1.0890, Val Accuracy: 60.62%, Learning Rate: 0.000047, Grad Norm: 13.8184
  -> No improvement for 4 epoch(s)
Epoch 62/64: Train Loss: 1.0874, Val Accuracy: 61.00%, Learning Rate: 0.000047, Grad Norm: 13.8088
  -> New best model saved with accuracy: 61.00%
Epoch 63/64: Train Loss: 1.0877, Val Accuracy: 61.02%, Learning Rate: 0.000046, Grad Norm: 13.8979
  -> New best model saved with accuracy: 61.02%
Epoch 64/64: Train Loss: 1.0896, Val Accuracy: 61.08%, Learning Rate: 0.000045, Grad Norm: 13.9240
  -> New best model saved with accuracy: 61.08%
Finished Training
Best validation accuracy: 61.08% at epoch 64 with train loss: 1.0896
