Using GPU: NVIDIA GeForce RTX 4090
Created CosineAnnealingWarmRestartsDecay (T_0=48, T_mult=1, cycle_decay=0.05)
  Warm-up: 5 epoch(s), Initial LR: 0.005
  Min LR: 5e-05, Total epochs: 64
Training on device: cuda:0
Initial training loss (before training): 2.2880
Initial validation accuracy (before training): 10.18%
--------------------------------------------------
Epoch 1/64: Train Loss: 2.1009, Val Accuracy: 29.86%, Learning Rate: 0.001000, Grad Norm: 2.4944
  -> New best model saved with accuracy: 29.86%
Epoch 2/64: Train Loss: 1.7650, Val Accuracy: 40.10%, Learning Rate: 0.002000, Grad Norm: 5.8631
  -> New best model saved with accuracy: 40.10%
Epoch 3/64: Train Loss: 1.5766, Val Accuracy: 44.02%, Learning Rate: 0.003000, Grad Norm: 6.8016
  -> New best model saved with accuracy: 44.02%
Epoch 4/64: Train Loss: 1.4672, Val Accuracy: 49.64%, Learning Rate: 0.004000, Grad Norm: 6.8343
  -> New best model saved with accuracy: 49.64%
Epoch 5/64: Train Loss: 1.3667, Val Accuracy: 52.50%, Learning Rate: 0.005000, Grad Norm: 7.0234
  -> New best model saved with accuracy: 52.50%
Epoch 6/64: Train Loss: 1.2765, Val Accuracy: 55.80%, Learning Rate: 0.004995, Grad Norm: 7.2198
  -> New best model saved with accuracy: 55.80%
Epoch 7/64: Train Loss: 1.2090, Val Accuracy: 58.02%, Learning Rate: 0.004979, Grad Norm: 7.4057
  -> New best model saved with accuracy: 58.02%
Epoch 8/64: Train Loss: 1.1615, Val Accuracy: 57.92%, Learning Rate: 0.004952, Grad Norm: 7.5489
  -> No improvement for 1 epoch(s)
Epoch 9/64: Train Loss: 1.1231, Val Accuracy: 59.54%, Learning Rate: 0.004916, Grad Norm: 7.7307
  -> New best model saved with accuracy: 59.54%
Epoch 10/64: Train Loss: 1.0880, Val Accuracy: 61.00%, Learning Rate: 0.004869, Grad Norm: 7.9151
  -> New best model saved with accuracy: 61.00%
Epoch 11/64: Train Loss: 1.0579, Val Accuracy: 61.26%, Learning Rate: 0.004812, Grad Norm: 8.0147
  -> New best model saved with accuracy: 61.26%
Epoch 12/64: Train Loss: 1.0291, Val Accuracy: 61.40%, Learning Rate: 0.004745, Grad Norm: 8.1290
  -> New best model saved with accuracy: 61.40%
Epoch 13/64: Train Loss: 1.0003, Val Accuracy: 62.66%, Learning Rate: 0.004668, Grad Norm: 8.2894
  -> New best model saved with accuracy: 62.66%
Epoch 14/64: Train Loss: 0.9791, Val Accuracy: 63.04%, Learning Rate: 0.004583, Grad Norm: 8.3561
  -> New best model saved with accuracy: 63.04%
Epoch 15/64: Train Loss: 0.9522, Val Accuracy: 64.00%, Learning Rate: 0.004489, Grad Norm: 8.4872
  -> New best model saved with accuracy: 64.00%
Epoch 16/64: Train Loss: 0.9332, Val Accuracy: 64.40%, Learning Rate: 0.004386, Grad Norm: 8.6376
  -> New best model saved with accuracy: 64.40%
Epoch 17/64: Train Loss: 0.9149, Val Accuracy: 64.10%, Learning Rate: 0.004275, Grad Norm: 8.7475
  -> No improvement for 1 epoch(s)
Epoch 18/64: Train Loss: 0.8920, Val Accuracy: 64.72%, Learning Rate: 0.004157, Grad Norm: 8.9151
  -> New best model saved with accuracy: 64.72%
Epoch 19/64: Train Loss: 0.8730, Val Accuracy: 63.80%, Learning Rate: 0.004032, Grad Norm: 9.0229
  -> No improvement for 1 epoch(s)
Epoch 20/64: Train Loss: 0.8608, Val Accuracy: 64.40%, Learning Rate: 0.003900, Grad Norm: 9.1715
  -> No improvement for 2 epoch(s)
Epoch 21/64: Train Loss: 0.8381, Val Accuracy: 65.28%, Learning Rate: 0.003763, Grad Norm: 9.3537
  -> New best model saved with accuracy: 65.28%
Epoch 22/64: Train Loss: 0.8240, Val Accuracy: 65.22%, Learning Rate: 0.003620, Grad Norm: 9.4125
  -> No improvement for 1 epoch(s)
Epoch 23/64: Train Loss: 0.8049, Val Accuracy: 65.52%, Learning Rate: 0.003472, Grad Norm: 9.5785
  -> New best model saved with accuracy: 65.52%
Epoch 24/64: Train Loss: 0.7909, Val Accuracy: 66.06%, Learning Rate: 0.003321, Grad Norm: 9.7078
  -> New best model saved with accuracy: 66.06%
Epoch 25/64: Train Loss: 0.7801, Val Accuracy: 65.24%, Learning Rate: 0.003166, Grad Norm: 9.7405
  -> No improvement for 1 epoch(s)
Epoch 26/64: Train Loss: 0.7669, Val Accuracy: 65.20%, Learning Rate: 0.003008, Grad Norm: 9.8541
  -> No improvement for 2 epoch(s)
Epoch 27/64: Train Loss: 0.7451, Val Accuracy: 66.38%, Learning Rate: 0.002848, Grad Norm: 9.9782
  -> New best model saved with accuracy: 66.38%
Epoch 28/64: Train Loss: 0.7414, Val Accuracy: 66.50%, Learning Rate: 0.002687, Grad Norm: 10.1410
  -> New best model saved with accuracy: 66.50%
Epoch 29/64: Train Loss: 0.7299, Val Accuracy: 66.20%, Learning Rate: 0.002525, Grad Norm: 10.2145
  -> No improvement for 1 epoch(s)
Epoch 30/64: Train Loss: 0.7106, Val Accuracy: 67.52%, Learning Rate: 0.002363, Grad Norm: 10.2819
  -> New best model saved with accuracy: 67.52%
Epoch 31/64: Train Loss: 0.7045, Val Accuracy: 66.94%, Learning Rate: 0.002202, Grad Norm: 10.4617
  -> No improvement for 1 epoch(s)
Epoch 32/64: Train Loss: 0.6890, Val Accuracy: 67.00%, Learning Rate: 0.002042, Grad Norm: 10.5029
  -> No improvement for 2 epoch(s)
Epoch 33/64: Train Loss: 0.6829, Val Accuracy: 66.80%, Learning Rate: 0.001884, Grad Norm: 10.7352
  -> No improvement for 3 epoch(s)
Epoch 34/64: Train Loss: 0.6722, Val Accuracy: 67.38%, Learning Rate: 0.001729, Grad Norm: 10.7353
  -> No improvement for 4 epoch(s)
Epoch 35/64: Train Loss: 0.6615, Val Accuracy: 66.74%, Learning Rate: 0.001578, Grad Norm: 10.8766
  -> No improvement for 5 epoch(s)
Epoch 36/64: Train Loss: 0.6523, Val Accuracy: 66.96%, Learning Rate: 0.001430, Grad Norm: 10.9814
  -> No improvement for 6 epoch(s)
Epoch 37/64: Train Loss: 0.6426, Val Accuracy: 67.62%, Learning Rate: 0.001288, Grad Norm: 11.0632
  -> New best model saved with accuracy: 67.62%
Epoch 38/64: Train Loss: 0.6348, Val Accuracy: 67.38%, Learning Rate: 0.001150, Grad Norm: 11.0677
  -> No improvement for 1 epoch(s)
Epoch 39/64: Train Loss: 0.6323, Val Accuracy: 67.44%, Learning Rate: 0.001018, Grad Norm: 11.2218
  -> No improvement for 2 epoch(s)
Epoch 40/64: Train Loss: 0.6228, Val Accuracy: 67.16%, Learning Rate: 0.000893, Grad Norm: 11.2048
  -> No improvement for 3 epoch(s)
Epoch 41/64: Train Loss: 0.6157, Val Accuracy: 67.24%, Learning Rate: 0.000775, Grad Norm: 11.3224
  -> No improvement for 4 epoch(s)
Epoch 42/64: Train Loss: 0.6090, Val Accuracy: 67.58%, Learning Rate: 0.000664, Grad Norm: 11.2728
  -> No improvement for 5 epoch(s)
Epoch 43/64: Train Loss: 0.6016, Val Accuracy: 67.62%, Learning Rate: 0.000561, Grad Norm: 11.3292
  -> No improvement for 6 epoch(s)
Epoch 44/64: Train Loss: 0.6006, Val Accuracy: 68.02%, Learning Rate: 0.000467, Grad Norm: 11.3775
  -> New best model saved with accuracy: 68.02%
Epoch 45/64: Train Loss: 0.5959, Val Accuracy: 67.70%, Learning Rate: 0.000382, Grad Norm: 11.4307
  -> No improvement for 1 epoch(s)
Epoch 46/64: Train Loss: 0.5898, Val Accuracy: 67.96%, Learning Rate: 0.000305, Grad Norm: 11.3443
  -> No improvement for 2 epoch(s)
Epoch 47/64: Train Loss: 0.5890, Val Accuracy: 67.70%, Learning Rate: 0.000238, Grad Norm: 11.4134
  -> No improvement for 3 epoch(s)
Epoch 48/64: Train Loss: 0.5868, Val Accuracy: 67.88%, Learning Rate: 0.000181, Grad Norm: 11.4892
  -> No improvement for 4 epoch(s)
Epoch 49/64: Train Loss: 0.5800, Val Accuracy: 67.84%, Learning Rate: 0.000134, Grad Norm: 11.4524
  -> No improvement for 5 epoch(s)
Epoch 50/64: Train Loss: 0.5828, Val Accuracy: 67.74%, Learning Rate: 0.000098, Grad Norm: 11.4335
  -> No improvement for 6 epoch(s)
Epoch 51/64: Train Loss: 0.5798, Val Accuracy: 68.00%, Learning Rate: 0.000071, Grad Norm: 11.4871
  -> No improvement for 7 epoch(s)
Epoch 52/64: Train Loss: 0.5804, Val Accuracy: 67.86%, Learning Rate: 0.000055, Grad Norm: 11.4474
  -> No improvement for 8 epoch(s)
  >> Cosine annealing restart #1: LR 0.000055 -> 0.000250
Epoch 53/64: Train Loss: 0.5862, Val Accuracy: 67.92%, Learning Rate: 0.000250, Grad Norm: 11.5933
  -> No improvement for 9 epoch(s)
Epoch 54/64: Train Loss: 0.5830, Val Accuracy: 67.98%, Learning Rate: 0.000250, Grad Norm: 11.6103
  -> No improvement for 10 epoch(s)
Early stopping triggered at epoch 54
Finished Training
Best validation accuracy: 68.02% at epoch 44 with train loss: 0.6006
