Using GPU: NVIDIA GeForce RTX 4090
Created CosineAnnealingWarmRestartsDecay (T_0=48, T_mult=1, cycle_decay=0.05)
  Warm-up: 5 epoch(s), Initial LR: 0.01
  Min LR: 0.0001, Total epochs: 64
Training on device: cuda:0
Initial training loss (before training): 2.2986
Initial validation accuracy (before training): 10.18%
--------------------------------------------------
Epoch 1/64: Train Loss: 2.1843, Val Accuracy: 29.86%, Learning Rate: 0.002000, Grad Norm: 0.9794
  -> New best model saved with accuracy: 29.86%
Epoch 2/64: Train Loss: 1.8886, Val Accuracy: 40.70%, Learning Rate: 0.004000, Grad Norm: 2.2172
  -> New best model saved with accuracy: 40.70%
Epoch 3/64: Train Loss: 1.7207, Val Accuracy: 46.54%, Learning Rate: 0.006000, Grad Norm: 2.5979
  -> New best model saved with accuracy: 46.54%
Epoch 4/64: Train Loss: 1.6321, Val Accuracy: 50.06%, Learning Rate: 0.008000, Grad Norm: 2.7672
  -> New best model saved with accuracy: 50.06%
Epoch 5/64: Train Loss: 1.5603, Val Accuracy: 54.52%, Learning Rate: 0.010000, Grad Norm: 2.8631
  -> New best model saved with accuracy: 54.52%
Epoch 6/64: Train Loss: 1.4926, Val Accuracy: 56.34%, Learning Rate: 0.009989, Grad Norm: 3.0000
  -> New best model saved with accuracy: 56.34%
Epoch 7/64: Train Loss: 1.4450, Val Accuracy: 58.88%, Learning Rate: 0.009958, Grad Norm: 3.1167
  -> New best model saved with accuracy: 58.88%
Epoch 8/64: Train Loss: 1.4096, Val Accuracy: 60.90%, Learning Rate: 0.009905, Grad Norm: 3.1850
  -> New best model saved with accuracy: 60.90%
Epoch 9/64: Train Loss: 1.3756, Val Accuracy: 61.44%, Learning Rate: 0.009831, Grad Norm: 3.2491
  -> New best model saved with accuracy: 61.44%
Epoch 10/64: Train Loss: 1.3495, Val Accuracy: 61.70%, Learning Rate: 0.009737, Grad Norm: 3.3222
  -> New best model saved with accuracy: 61.70%
Epoch 11/64: Train Loss: 1.3254, Val Accuracy: 63.26%, Learning Rate: 0.009623, Grad Norm: 3.3836
  -> New best model saved with accuracy: 63.26%
Epoch 12/64: Train Loss: 1.3081, Val Accuracy: 64.10%, Learning Rate: 0.009490, Grad Norm: 3.4068
  -> New best model saved with accuracy: 64.10%
Epoch 13/64: Train Loss: 1.2877, Val Accuracy: 64.50%, Learning Rate: 0.009337, Grad Norm: 3.4154
  -> New best model saved with accuracy: 64.50%
Epoch 14/64: Train Loss: 1.2709, Val Accuracy: 64.28%, Learning Rate: 0.009166, Grad Norm: 3.4980
  -> No improvement for 1 epoch(s)
Epoch 15/64: Train Loss: 1.2597, Val Accuracy: 65.12%, Learning Rate: 0.008977, Grad Norm: 3.5482
  -> New best model saved with accuracy: 65.12%
Epoch 16/64: Train Loss: 1.2454, Val Accuracy: 64.50%, Learning Rate: 0.008772, Grad Norm: 3.5545
  -> No improvement for 1 epoch(s)
Epoch 17/64: Train Loss: 1.2324, Val Accuracy: 64.36%, Learning Rate: 0.008550, Grad Norm: 3.5901
  -> No improvement for 2 epoch(s)
Epoch 18/64: Train Loss: 1.2222, Val Accuracy: 66.46%, Learning Rate: 0.008314, Grad Norm: 3.6080
  -> New best model saved with accuracy: 66.46%
Epoch 19/64: Train Loss: 1.2121, Val Accuracy: 65.26%, Learning Rate: 0.008063, Grad Norm: 3.6420
  -> No improvement for 1 epoch(s)
Epoch 20/64: Train Loss: 1.1993, Val Accuracy: 66.68%, Learning Rate: 0.007800, Grad Norm: 3.7282
  -> New best model saved with accuracy: 66.68%
Epoch 21/64: Train Loss: 1.1922, Val Accuracy: 66.20%, Learning Rate: 0.007525, Grad Norm: 3.7183
  -> No improvement for 1 epoch(s)
Epoch 22/64: Train Loss: 1.1848, Val Accuracy: 66.22%, Learning Rate: 0.007239, Grad Norm: 3.8110
  -> No improvement for 2 epoch(s)
Epoch 23/64: Train Loss: 1.1739, Val Accuracy: 67.16%, Learning Rate: 0.006944, Grad Norm: 3.8197
  -> New best model saved with accuracy: 67.16%
Epoch 24/64: Train Loss: 1.1681, Val Accuracy: 67.04%, Learning Rate: 0.006641, Grad Norm: 3.8661
  -> No improvement for 1 epoch(s)
Epoch 25/64: Train Loss: 1.1577, Val Accuracy: 68.34%, Learning Rate: 0.006331, Grad Norm: 3.9023
  -> New best model saved with accuracy: 68.34%
Epoch 26/64: Train Loss: 1.1507, Val Accuracy: 67.96%, Learning Rate: 0.006016, Grad Norm: 3.9244
  -> No improvement for 1 epoch(s)
Epoch 27/64: Train Loss: 1.1422, Val Accuracy: 68.22%, Learning Rate: 0.005696, Grad Norm: 3.9900
  -> No improvement for 2 epoch(s)
Epoch 28/64: Train Loss: 1.1361, Val Accuracy: 68.16%, Learning Rate: 0.005374, Grad Norm: 4.0036
  -> No improvement for 3 epoch(s)
Epoch 29/64: Train Loss: 1.1312, Val Accuracy: 67.72%, Learning Rate: 0.005050, Grad Norm: 4.0570
  -> No improvement for 4 epoch(s)
Epoch 30/64: Train Loss: 1.1212, Val Accuracy: 67.58%, Learning Rate: 0.004726, Grad Norm: 4.0908
  -> No improvement for 5 epoch(s)
Epoch 31/64: Train Loss: 1.1183, Val Accuracy: 68.96%, Learning Rate: 0.004404, Grad Norm: 4.1393
  -> New best model saved with accuracy: 68.96%
Epoch 32/64: Train Loss: 1.1114, Val Accuracy: 68.80%, Learning Rate: 0.004084, Grad Norm: 4.2124
  -> No improvement for 1 epoch(s)
Epoch 33/64: Train Loss: 1.1070, Val Accuracy: 69.56%, Learning Rate: 0.003769, Grad Norm: 4.2341
  -> New best model saved with accuracy: 69.56%
Epoch 34/64: Train Loss: 1.1005, Val Accuracy: 69.60%, Learning Rate: 0.003459, Grad Norm: 4.3006
  -> New best model saved with accuracy: 69.60%
Epoch 35/64: Train Loss: 1.0946, Val Accuracy: 69.38%, Learning Rate: 0.003156, Grad Norm: 4.3297
  -> No improvement for 1 epoch(s)
Epoch 36/64: Train Loss: 1.0910, Val Accuracy: 69.44%, Learning Rate: 0.002861, Grad Norm: 4.3775
  -> No improvement for 2 epoch(s)
Epoch 37/64: Train Loss: 1.0849, Val Accuracy: 69.70%, Learning Rate: 0.002575, Grad Norm: 4.4027
  -> New best model saved with accuracy: 69.70%
Epoch 38/64: Train Loss: 1.0826, Val Accuracy: 70.20%, Learning Rate: 0.002300, Grad Norm: 4.4640
  -> New best model saved with accuracy: 70.20%
Epoch 39/64: Train Loss: 1.0759, Val Accuracy: 69.90%, Learning Rate: 0.002037, Grad Norm: 4.4747
  -> No improvement for 1 epoch(s)
Epoch 40/64: Train Loss: 1.0731, Val Accuracy: 69.76%, Learning Rate: 0.001786, Grad Norm: 4.4910
  -> No improvement for 2 epoch(s)
Epoch 41/64: Train Loss: 1.0696, Val Accuracy: 69.92%, Learning Rate: 0.001550, Grad Norm: 4.5357
  -> No improvement for 3 epoch(s)
Epoch 42/64: Train Loss: 1.0678, Val Accuracy: 69.98%, Learning Rate: 0.001328, Grad Norm: 4.5813
  -> No improvement for 4 epoch(s)
Epoch 43/64: Train Loss: 1.0627, Val Accuracy: 70.24%, Learning Rate: 0.001123, Grad Norm: 4.5930
  -> New best model saved with accuracy: 70.24%
Epoch 44/64: Train Loss: 1.0600, Val Accuracy: 70.38%, Learning Rate: 0.000934, Grad Norm: 4.6011
  -> New best model saved with accuracy: 70.38%
Epoch 45/64: Train Loss: 1.0560, Val Accuracy: 70.48%, Learning Rate: 0.000763, Grad Norm: 4.6079
  -> New best model saved with accuracy: 70.48%
Epoch 46/64: Train Loss: 1.0524, Val Accuracy: 70.44%, Learning Rate: 0.000610, Grad Norm: 4.5958
  -> No improvement for 1 epoch(s)
Epoch 47/64: Train Loss: 1.0498, Val Accuracy: 70.20%, Learning Rate: 0.000477, Grad Norm: 4.5833
  -> No improvement for 2 epoch(s)
Epoch 48/64: Train Loss: 1.0493, Val Accuracy: 70.38%, Learning Rate: 0.000363, Grad Norm: 4.6321
  -> No improvement for 3 epoch(s)
Epoch 49/64: Train Loss: 1.0486, Val Accuracy: 70.52%, Learning Rate: 0.000269, Grad Norm: 4.6245
  -> New best model saved with accuracy: 70.52%
Epoch 50/64: Train Loss: 1.0483, Val Accuracy: 70.36%, Learning Rate: 0.000195, Grad Norm: 4.6021
  -> No improvement for 1 epoch(s)
Epoch 51/64: Train Loss: 1.0469, Val Accuracy: 70.38%, Learning Rate: 0.000142, Grad Norm: 4.6372
  -> No improvement for 2 epoch(s)
Epoch 52/64: Train Loss: 1.0453, Val Accuracy: 70.34%, Learning Rate: 0.000111, Grad Norm: 4.6034
  -> No improvement for 3 epoch(s)
  >> Cosine annealing restart #1: LR 0.000111 -> 0.000500
Epoch 53/64: Train Loss: 1.0528, Val Accuracy: 70.80%, Learning Rate: 0.000500, Grad Norm: 4.7142
  -> New best model saved with accuracy: 70.80%
Epoch 54/64: Train Loss: 1.0529, Val Accuracy: 70.32%, Learning Rate: 0.000500, Grad Norm: 4.7653
  -> No improvement for 1 epoch(s)
Epoch 55/64: Train Loss: 1.0509, Val Accuracy: 70.20%, Learning Rate: 0.000498, Grad Norm: 4.7474
  -> No improvement for 2 epoch(s)
Epoch 56/64: Train Loss: 1.0478, Val Accuracy: 70.56%, Learning Rate: 0.000496, Grad Norm: 4.7052
  -> No improvement for 3 epoch(s)
Epoch 57/64: Train Loss: 1.0493, Val Accuracy: 70.24%, Learning Rate: 0.000493, Grad Norm: 4.7491
  -> No improvement for 4 epoch(s)
Epoch 58/64: Train Loss: 1.0489, Val Accuracy: 70.74%, Learning Rate: 0.000489, Grad Norm: 4.8052
  -> No improvement for 5 epoch(s)
Epoch 59/64: Train Loss: 1.0495, Val Accuracy: 70.32%, Learning Rate: 0.000485, Grad Norm: 4.7941
  -> No improvement for 6 epoch(s)
Epoch 60/64: Train Loss: 1.0453, Val Accuracy: 70.48%, Learning Rate: 0.000479, Grad Norm: 4.7903
  -> No improvement for 7 epoch(s)
Epoch 61/64: Train Loss: 1.0437, Val Accuracy: 70.76%, Learning Rate: 0.000473, Grad Norm: 4.7999
  -> No improvement for 8 epoch(s)
Epoch 62/64: Train Loss: 1.0457, Val Accuracy: 70.40%, Learning Rate: 0.000466, Grad Norm: 4.8323
  -> No improvement for 9 epoch(s)
Epoch 63/64: Train Loss: 1.0473, Val Accuracy: 70.30%, Learning Rate: 0.000459, Grad Norm: 4.8346
  -> No improvement for 10 epoch(s)
Early stopping triggered at epoch 63
Finished Training
Best validation accuracy: 70.80% at epoch 53 with train loss: 1.0528
