Using GPU: NVIDIA GeForce RTX 4090
Created CosineAnnealingWarmRestartsDecay (T_0=30, T_mult=1, cycle_decay=0.01)
  Warm-up: 5 epoch(s), Initial LR: 0.0001
  Min LR: 1.0000000000000002e-06, Total epochs: 60
Training on device: cuda:0
Initial training loss (before training): 2.3018
Initial validation accuracy (before training): 9.24%
--------------------------------------------------
Epoch 1/60: Train Loss: 2.0504, Val Accuracy: 30.20%, Learning Rate: 0.000020, Grad Norm: 6.8443
  -> New best model saved with accuracy: 30.20%
Epoch 2/60: Train Loss: 1.8191, Val Accuracy: 37.86%, Learning Rate: 0.000040, Grad Norm: 12.5468
  -> New best model saved with accuracy: 37.86%
Epoch 3/60: Train Loss: 1.6743, Val Accuracy: 43.36%, Learning Rate: 0.000060, Grad Norm: 14.3281
  -> New best model saved with accuracy: 43.36%
Epoch 4/60: Train Loss: 1.5463, Val Accuracy: 49.52%, Learning Rate: 0.000080, Grad Norm: 14.4675
  -> New best model saved with accuracy: 49.52%
Epoch 5/60: Train Loss: 1.4355, Val Accuracy: 50.34%, Learning Rate: 0.000100, Grad Norm: 14.8417
  -> New best model saved with accuracy: 50.34%
Epoch 6/60: Train Loss: 1.3438, Val Accuracy: 54.96%, Learning Rate: 0.000100, Grad Norm: 15.5237
  -> New best model saved with accuracy: 54.96%
Epoch 7/60: Train Loss: 1.2799, Val Accuracy: 57.42%, Learning Rate: 0.000099, Grad Norm: 16.2504
  -> New best model saved with accuracy: 57.42%
Epoch 8/60: Train Loss: 1.2295, Val Accuracy: 58.48%, Learning Rate: 0.000098, Grad Norm: 16.6608
  -> New best model saved with accuracy: 58.48%
Epoch 9/60: Train Loss: 1.1902, Val Accuracy: 58.76%, Learning Rate: 0.000096, Grad Norm: 17.0390
  -> New best model saved with accuracy: 58.76%
