Using GPU: NVIDIA GeForce RTX 4090
Created CosineAnnealingWarmRestartsDecay (T_0=30, T_mult=1, cycle_decay=0.01)
  Warm-up: 5 epoch(s), Initial LR: 0.0001
  Min LR: 1.0000000000000002e-06, Total epochs: 60
Training on device: cuda:0
Initial training loss (before training): 2.3302
Initial validation accuracy (before training): 10.42%
--------------------------------------------------
Epoch 1/60: Train Loss: 2.0508, Val Accuracy: 32.52%, Learning Rate: 0.000020, Grad Norm: 6.2274
  -> New best model saved with accuracy: 32.52%
Epoch 2/60: Train Loss: 1.7779, Val Accuracy: 39.32%, Learning Rate: 0.000040, Grad Norm: 12.7209
  -> New best model saved with accuracy: 39.32%
Epoch 3/60: Train Loss: 1.6241, Val Accuracy: 45.02%, Learning Rate: 0.000060, Grad Norm: 15.0924
  -> New best model saved with accuracy: 45.02%
Epoch 4/60: Train Loss: 1.5257, Val Accuracy: 46.16%, Learning Rate: 0.000080, Grad Norm: 15.3641
  -> New best model saved with accuracy: 46.16%
Epoch 5/60: Train Loss: 1.4445, Val Accuracy: 51.02%, Learning Rate: 0.000100, Grad Norm: 14.8422
  -> New best model saved with accuracy: 51.02%
Epoch 6/60: Train Loss: 1.3643, Val Accuracy: 52.98%, Learning Rate: 0.000100, Grad Norm: 15.0222
  -> New best model saved with accuracy: 52.98%
Epoch 7/60: Train Loss: 1.2999, Val Accuracy: 55.00%, Learning Rate: 0.000099, Grad Norm: 15.2747
  -> New best model saved with accuracy: 55.00%
Epoch 8/60: Train Loss: 1.2487, Val Accuracy: 57.46%, Learning Rate: 0.000098, Grad Norm: 15.9109
  -> New best model saved with accuracy: 57.46%
Epoch 9/60: Train Loss: 1.2051, Val Accuracy: 59.26%, Learning Rate: 0.000096, Grad Norm: 16.4363
  -> New best model saved with accuracy: 59.26%
