Using GPU: NVIDIA GeForce RTX 4090
Created CosineAnnealingWarmRestartsDecay (T_0=48, T_mult=1, cycle_decay=0.05)
  Warm-up: 5 epoch(s), Initial LR: 0.005
  Min LR: 5e-05, Total epochs: 64
Training on device: cuda:0
Initial training loss (before training): 2.2836
Initial validation accuracy (before training): 9.56%
--------------------------------------------------
Epoch 1/64: Train Loss: 2.0468, Val Accuracy: 33.56%, Learning Rate: 0.001000, Grad Norm: 2.7279
  -> New best model saved with accuracy: 33.56%
Epoch 2/64: Train Loss: 1.7064, Val Accuracy: 40.22%, Learning Rate: 0.002000, Grad Norm: 6.1200
  -> New best model saved with accuracy: 40.22%
Epoch 3/64: Train Loss: 1.5510, Val Accuracy: 45.86%, Learning Rate: 0.003000, Grad Norm: 6.9731
  -> New best model saved with accuracy: 45.86%
Epoch 4/64: Train Loss: 1.4315, Val Accuracy: 50.92%, Learning Rate: 0.004000, Grad Norm: 7.1452
  -> New best model saved with accuracy: 50.92%
Epoch 5/64: Train Loss: 1.3414, Val Accuracy: 53.38%, Learning Rate: 0.005000, Grad Norm: 7.3680
  -> New best model saved with accuracy: 53.38%
Epoch 6/64: Train Loss: 1.2535, Val Accuracy: 56.74%, Learning Rate: 0.004995, Grad Norm: 7.5398
  -> New best model saved with accuracy: 56.74%
Epoch 7/64: Train Loss: 1.1876, Val Accuracy: 57.18%, Learning Rate: 0.004979, Grad Norm: 7.7257
  -> New best model saved with accuracy: 57.18%
Epoch 8/64: Train Loss: 1.1386, Val Accuracy: 58.78%, Learning Rate: 0.004952, Grad Norm: 7.8130
  -> New best model saved with accuracy: 58.78%
Epoch 9/64: Train Loss: 1.0958, Val Accuracy: 60.48%, Learning Rate: 0.004916, Grad Norm: 7.8784
  -> New best model saved with accuracy: 60.48%
Epoch 10/64: Train Loss: 1.0556, Val Accuracy: 61.48%, Learning Rate: 0.004869, Grad Norm: 8.0376
  -> New best model saved with accuracy: 61.48%
Epoch 11/64: Train Loss: 1.0221, Val Accuracy: 62.08%, Learning Rate: 0.004812, Grad Norm: 8.1223
  -> New best model saved with accuracy: 62.08%
Epoch 12/64: Train Loss: 0.9865, Val Accuracy: 62.24%, Learning Rate: 0.004745, Grad Norm: 8.2573
  -> New best model saved with accuracy: 62.24%
Epoch 13/64: Train Loss: 0.9575, Val Accuracy: 64.92%, Learning Rate: 0.004668, Grad Norm: 8.3185
  -> New best model saved with accuracy: 64.92%
Epoch 14/64: Train Loss: 0.9275, Val Accuracy: 63.88%, Learning Rate: 0.004583, Grad Norm: 8.4539
  -> No improvement for 1 epoch(s)
Epoch 15/64: Train Loss: 0.9052, Val Accuracy: 64.40%, Learning Rate: 0.004489, Grad Norm: 8.5797
  -> No improvement for 2 epoch(s)
Epoch 16/64: Train Loss: 0.8723, Val Accuracy: 64.74%, Learning Rate: 0.004386, Grad Norm: 8.6869
  -> No improvement for 3 epoch(s)
Epoch 17/64: Train Loss: 0.8529, Val Accuracy: 65.14%, Learning Rate: 0.004275, Grad Norm: 8.8594
  -> New best model saved with accuracy: 65.14%
Epoch 18/64: Train Loss: 0.8375, Val Accuracy: 65.84%, Learning Rate: 0.004157, Grad Norm: 8.8384
  -> New best model saved with accuracy: 65.84%
Epoch 19/64: Train Loss: 0.8119, Val Accuracy: 66.44%, Learning Rate: 0.004032, Grad Norm: 8.9433
  -> New best model saved with accuracy: 66.44%
Epoch 20/64: Train Loss: 0.7969, Val Accuracy: 66.50%, Learning Rate: 0.003900, Grad Norm: 9.1259
  -> New best model saved with accuracy: 66.50%
Epoch 21/64: Train Loss: 0.7789, Val Accuracy: 66.48%, Learning Rate: 0.003763, Grad Norm: 9.1957
  -> No improvement for 1 epoch(s)
Epoch 22/64: Train Loss: 0.7585, Val Accuracy: 66.88%, Learning Rate: 0.003620, Grad Norm: 9.3194
  -> New best model saved with accuracy: 66.88%
Epoch 23/64: Train Loss: 0.7444, Val Accuracy: 67.44%, Learning Rate: 0.003472, Grad Norm: 9.3550
  -> New best model saved with accuracy: 67.44%
Epoch 24/64: Train Loss: 0.7341, Val Accuracy: 67.64%, Learning Rate: 0.003321, Grad Norm: 9.5379
  -> New best model saved with accuracy: 67.64%
Epoch 25/64: Train Loss: 0.7183, Val Accuracy: 67.70%, Learning Rate: 0.003166, Grad Norm: 9.5671
  -> New best model saved with accuracy: 67.70%
Epoch 26/64: Train Loss: 0.7032, Val Accuracy: 67.88%, Learning Rate: 0.003008, Grad Norm: 9.6661
  -> New best model saved with accuracy: 67.88%
Epoch 27/64: Train Loss: 0.6848, Val Accuracy: 67.76%, Learning Rate: 0.002848, Grad Norm: 9.7519
  -> No improvement for 1 epoch(s)
Epoch 28/64: Train Loss: 0.6766, Val Accuracy: 68.78%, Learning Rate: 0.002687, Grad Norm: 9.9665
  -> New best model saved with accuracy: 68.78%
Epoch 29/64: Train Loss: 0.6688, Val Accuracy: 68.34%, Learning Rate: 0.002525, Grad Norm: 9.9023
  -> No improvement for 1 epoch(s)
Epoch 30/64: Train Loss: 0.6491, Val Accuracy: 68.48%, Learning Rate: 0.002363, Grad Norm: 10.0618
  -> No improvement for 2 epoch(s)
Epoch 31/64: Train Loss: 0.6440, Val Accuracy: 68.28%, Learning Rate: 0.002202, Grad Norm: 10.1133
  -> No improvement for 3 epoch(s)
Epoch 32/64: Train Loss: 0.6317, Val Accuracy: 68.54%, Learning Rate: 0.002042, Grad Norm: 10.3132
  -> No improvement for 4 epoch(s)
Epoch 33/64: Train Loss: 0.6169, Val Accuracy: 68.80%, Learning Rate: 0.001884, Grad Norm: 10.3195
  -> New best model saved with accuracy: 68.80%
Epoch 34/64: Train Loss: 0.6121, Val Accuracy: 69.08%, Learning Rate: 0.001729, Grad Norm: 10.3892
  -> New best model saved with accuracy: 69.08%
Epoch 35/64: Train Loss: 0.6015, Val Accuracy: 68.32%, Learning Rate: 0.001578, Grad Norm: 10.4038
  -> No improvement for 1 epoch(s)
Epoch 36/64: Train Loss: 0.5933, Val Accuracy: 69.36%, Learning Rate: 0.001430, Grad Norm: 10.4777
  -> New best model saved with accuracy: 69.36%
Epoch 37/64: Train Loss: 0.5891, Val Accuracy: 68.86%, Learning Rate: 0.001288, Grad Norm: 10.6033
  -> No improvement for 1 epoch(s)
Epoch 38/64: Train Loss: 0.5786, Val Accuracy: 69.08%, Learning Rate: 0.001150, Grad Norm: 10.6326
  -> No improvement for 2 epoch(s)
Epoch 39/64: Train Loss: 0.5669, Val Accuracy: 69.18%, Learning Rate: 0.001018, Grad Norm: 10.6308
  -> No improvement for 3 epoch(s)
Epoch 40/64: Train Loss: 0.5674, Val Accuracy: 68.86%, Learning Rate: 0.000893, Grad Norm: 10.6604
  -> No improvement for 4 epoch(s)
Epoch 41/64: Train Loss: 0.5590, Val Accuracy: 69.16%, Learning Rate: 0.000775, Grad Norm: 10.7316
  -> No improvement for 5 epoch(s)
Epoch 42/64: Train Loss: 0.5531, Val Accuracy: 69.32%, Learning Rate: 0.000664, Grad Norm: 10.7103
  -> No improvement for 6 epoch(s)
Epoch 43/64: Train Loss: 0.5500, Val Accuracy: 69.04%, Learning Rate: 0.000561, Grad Norm: 10.6887
  -> No improvement for 7 epoch(s)
Epoch 44/64: Train Loss: 0.5418, Val Accuracy: 68.94%, Learning Rate: 0.000467, Grad Norm: 10.7592
  -> No improvement for 8 epoch(s)
Epoch 45/64: Train Loss: 0.5350, Val Accuracy: 69.26%, Learning Rate: 0.000382, Grad Norm: 10.6904
  -> No improvement for 9 epoch(s)
Epoch 46/64: Train Loss: 0.5304, Val Accuracy: 69.48%, Learning Rate: 0.000305, Grad Norm: 10.7837
  -> New best model saved with accuracy: 69.48%
Epoch 47/64: Train Loss: 0.5289, Val Accuracy: 69.48%, Learning Rate: 0.000238, Grad Norm: 10.7204
  -> No improvement for 1 epoch(s)
Epoch 48/64: Train Loss: 0.5294, Val Accuracy: 69.56%, Learning Rate: 0.000181, Grad Norm: 10.7965
  -> New best model saved with accuracy: 69.56%
Epoch 49/64: Train Loss: 0.5244, Val Accuracy: 69.60%, Learning Rate: 0.000134, Grad Norm: 10.7389
  -> New best model saved with accuracy: 69.60%
Epoch 50/64: Train Loss: 0.5247, Val Accuracy: 69.70%, Learning Rate: 0.000098, Grad Norm: 10.7760
  -> New best model saved with accuracy: 69.70%
Epoch 51/64: Train Loss: 0.5297, Val Accuracy: 69.50%, Learning Rate: 0.000071, Grad Norm: 10.8404
  -> No improvement for 1 epoch(s)
Epoch 52/64: Train Loss: 0.5236, Val Accuracy: 69.68%, Learning Rate: 0.000055, Grad Norm: 10.7988
  -> No improvement for 2 epoch(s)
  >> Cosine annealing restart #1: LR 0.000055 -> 0.000250
Epoch 53/64: Train Loss: 0.5295, Val Accuracy: 69.42%, Learning Rate: 0.000250, Grad Norm: 10.8830
  -> No improvement for 3 epoch(s)
Epoch 54/64: Train Loss: 0.5260, Val Accuracy: 69.40%, Learning Rate: 0.000250, Grad Norm: 10.8983
  -> No improvement for 4 epoch(s)
Epoch 55/64: Train Loss: 0.5283, Val Accuracy: 69.70%, Learning Rate: 0.000249, Grad Norm: 10.8938
  -> No improvement for 5 epoch(s)
Epoch 56/64: Train Loss: 0.5279, Val Accuracy: 69.50%, Learning Rate: 0.000248, Grad Norm: 11.0186
  -> No improvement for 6 epoch(s)
Epoch 57/64: Train Loss: 0.5231, Val Accuracy: 69.48%, Learning Rate: 0.000247, Grad Norm: 10.9850
  -> No improvement for 7 epoch(s)
Epoch 58/64: Train Loss: 0.5250, Val Accuracy: 69.38%, Learning Rate: 0.000245, Grad Norm: 10.9599
  -> No improvement for 8 epoch(s)
Epoch 59/64: Train Loss: 0.5294, Val Accuracy: 69.36%, Learning Rate: 0.000242, Grad Norm: 11.0462
  -> No improvement for 9 epoch(s)
Epoch 60/64: Train Loss: 0.5242, Val Accuracy: 69.38%, Learning Rate: 0.000240, Grad Norm: 10.9745
  -> No improvement for 10 epoch(s)
Early stopping triggered at epoch 60
Finished Training
Best validation accuracy: 69.70% at epoch 50 with train loss: 0.5247
