Using GPU: NVIDIA GeForce RTX 4090
Created CosineAnnealingWarmRestartsDecay (T_0=48, T_mult=1, cycle_decay=0.05)
  Warm-up: 5 epoch(s), Initial LR: 0.001
  Min LR: 1e-05, Total epochs: 64
Training on device: cuda:0
Initial training loss (before training): 2.2508
Initial validation accuracy (before training): 9.60%
--------------------------------------------------
Epoch 1/64: Train Loss: 2.1615, Val Accuracy: 30.06%, Learning Rate: 0.000200, Grad Norm: 3.4550
  -> New best model saved with accuracy: 30.06%
Epoch 2/64: Train Loss: 1.8555, Val Accuracy: 35.64%, Learning Rate: 0.000400, Grad Norm: 9.8243
  -> New best model saved with accuracy: 35.64%
Epoch 3/64: Train Loss: 1.7021, Val Accuracy: 39.92%, Learning Rate: 0.000600, Grad Norm: 12.0809
  -> New best model saved with accuracy: 39.92%
Epoch 4/64: Train Loss: 1.6225, Val Accuracy: 43.30%, Learning Rate: 0.000800, Grad Norm: 13.1377
  -> New best model saved with accuracy: 43.30%
Epoch 5/64: Train Loss: 1.5708, Val Accuracy: 44.34%, Learning Rate: 0.001000, Grad Norm: 13.3966
  -> New best model saved with accuracy: 44.34%
Epoch 6/64: Train Loss: 1.5140, Val Accuracy: 47.26%, Learning Rate: 0.000999, Grad Norm: 13.5606
  -> New best model saved with accuracy: 47.26%
Epoch 7/64: Train Loss: 1.4668, Val Accuracy: 46.86%, Learning Rate: 0.000996, Grad Norm: 13.9456
  -> No improvement for 1 epoch(s)
Epoch 8/64: Train Loss: 1.4326, Val Accuracy: 48.86%, Learning Rate: 0.000990, Grad Norm: 14.3837
  -> New best model saved with accuracy: 48.86%
Epoch 9/64: Train Loss: 1.3972, Val Accuracy: 50.36%, Learning Rate: 0.000983, Grad Norm: 14.8340
  -> New best model saved with accuracy: 50.36%
Epoch 10/64: Train Loss: 1.3674, Val Accuracy: 50.52%, Learning Rate: 0.000974, Grad Norm: 15.3605
  -> New best model saved with accuracy: 50.52%
Epoch 11/64: Train Loss: 1.3398, Val Accuracy: 51.18%, Learning Rate: 0.000962, Grad Norm: 15.8844
  -> New best model saved with accuracy: 51.18%
Epoch 12/64: Train Loss: 1.3151, Val Accuracy: 53.56%, Learning Rate: 0.000949, Grad Norm: 16.3394
  -> New best model saved with accuracy: 53.56%
Epoch 13/64: Train Loss: 1.2979, Val Accuracy: 52.44%, Learning Rate: 0.000934, Grad Norm: 16.7068
  -> No improvement for 1 epoch(s)
Epoch 14/64: Train Loss: 1.2779, Val Accuracy: 54.06%, Learning Rate: 0.000917, Grad Norm: 17.0135
  -> New best model saved with accuracy: 54.06%
Epoch 15/64: Train Loss: 1.2661, Val Accuracy: 53.58%, Learning Rate: 0.000898, Grad Norm: 17.3413
  -> No improvement for 1 epoch(s)
Epoch 16/64: Train Loss: 1.2488, Val Accuracy: 55.54%, Learning Rate: 0.000877, Grad Norm: 17.5688
  -> New best model saved with accuracy: 55.54%
Epoch 17/64: Train Loss: 1.2390, Val Accuracy: 56.70%, Learning Rate: 0.000855, Grad Norm: 17.6561
  -> New best model saved with accuracy: 56.70%
Epoch 18/64: Train Loss: 1.2253, Val Accuracy: 57.14%, Learning Rate: 0.000831, Grad Norm: 17.9543
  -> New best model saved with accuracy: 57.14%
Epoch 19/64: Train Loss: 1.2181, Val Accuracy: 56.24%, Learning Rate: 0.000806, Grad Norm: 18.2067
  -> No improvement for 1 epoch(s)
Epoch 20/64: Train Loss: 1.2090, Val Accuracy: 56.66%, Learning Rate: 0.000780, Grad Norm: 18.2075
  -> No improvement for 2 epoch(s)
Epoch 21/64: Train Loss: 1.1995, Val Accuracy: 58.46%, Learning Rate: 0.000753, Grad Norm: 18.4409
  -> New best model saved with accuracy: 58.46%
Epoch 22/64: Train Loss: 1.1913, Val Accuracy: 56.62%, Learning Rate: 0.000724, Grad Norm: 18.6916
  -> No improvement for 1 epoch(s)
Epoch 23/64: Train Loss: 1.1849, Val Accuracy: 58.02%, Learning Rate: 0.000694, Grad Norm: 18.8850
  -> No improvement for 2 epoch(s)
Epoch 24/64: Train Loss: 1.1788, Val Accuracy: 57.80%, Learning Rate: 0.000664, Grad Norm: 19.0752
  -> No improvement for 3 epoch(s)
Epoch 25/64: Train Loss: 1.1733, Val Accuracy: 57.84%, Learning Rate: 0.000633, Grad Norm: 19.2875
  -> No improvement for 4 epoch(s)
Epoch 26/64: Train Loss: 1.1690, Val Accuracy: 58.78%, Learning Rate: 0.000602, Grad Norm: 19.5132
  -> New best model saved with accuracy: 58.78%
Epoch 27/64: Train Loss: 1.1639, Val Accuracy: 58.92%, Learning Rate: 0.000570, Grad Norm: 19.5308
  -> New best model saved with accuracy: 58.92%
Epoch 28/64: Train Loss: 1.1613, Val Accuracy: 58.74%, Learning Rate: 0.000537, Grad Norm: 19.9040
  -> No improvement for 1 epoch(s)
Epoch 29/64: Train Loss: 1.1533, Val Accuracy: 58.98%, Learning Rate: 0.000505, Grad Norm: 19.9658
  -> New best model saved with accuracy: 58.98%
Epoch 30/64: Train Loss: 1.1503, Val Accuracy: 59.26%, Learning Rate: 0.000473, Grad Norm: 20.2488
  -> New best model saved with accuracy: 59.26%
Epoch 31/64: Train Loss: 1.1466, Val Accuracy: 59.18%, Learning Rate: 0.000440, Grad Norm: 20.3023
  -> No improvement for 1 epoch(s)
Epoch 32/64: Train Loss: 1.1433, Val Accuracy: 58.88%, Learning Rate: 0.000408, Grad Norm: 20.6759
  -> No improvement for 2 epoch(s)
Epoch 33/64: Train Loss: 1.1379, Val Accuracy: 59.52%, Learning Rate: 0.000377, Grad Norm: 20.8196
  -> New best model saved with accuracy: 59.52%
Epoch 34/64: Train Loss: 1.1363, Val Accuracy: 58.58%, Learning Rate: 0.000346, Grad Norm: 21.0784
  -> No improvement for 1 epoch(s)
Epoch 35/64: Train Loss: 1.1341, Val Accuracy: 59.38%, Learning Rate: 0.000316, Grad Norm: 21.1600
  -> No improvement for 2 epoch(s)
Epoch 36/64: Train Loss: 1.1324, Val Accuracy: 59.06%, Learning Rate: 0.000286, Grad Norm: 21.3953
  -> No improvement for 3 epoch(s)
Epoch 37/64: Train Loss: 1.1294, Val Accuracy: 59.50%, Learning Rate: 0.000258, Grad Norm: 21.5339
  -> No improvement for 4 epoch(s)
Epoch 38/64: Train Loss: 1.1254, Val Accuracy: 59.68%, Learning Rate: 0.000230, Grad Norm: 21.7187
  -> New best model saved with accuracy: 59.68%
Epoch 39/64: Train Loss: 1.1265, Val Accuracy: 59.34%, Learning Rate: 0.000204, Grad Norm: 21.9310
  -> No improvement for 1 epoch(s)
Epoch 40/64: Train Loss: 1.1223, Val Accuracy: 59.72%, Learning Rate: 0.000179, Grad Norm: 21.8683
  -> New best model saved with accuracy: 59.72%
Epoch 41/64: Train Loss: 1.1218, Val Accuracy: 60.06%, Learning Rate: 0.000155, Grad Norm: 22.1430
  -> New best model saved with accuracy: 60.06%
Epoch 42/64: Train Loss: 1.1172, Val Accuracy: 59.84%, Learning Rate: 0.000133, Grad Norm: 22.2353
  -> No improvement for 1 epoch(s)
Epoch 43/64: Train Loss: 1.1160, Val Accuracy: 60.18%, Learning Rate: 0.000112, Grad Norm: 22.3062
  -> New best model saved with accuracy: 60.18%
Epoch 44/64: Train Loss: 1.1138, Val Accuracy: 60.38%, Learning Rate: 0.000093, Grad Norm: 22.4570
  -> New best model saved with accuracy: 60.38%
Epoch 45/64: Train Loss: 1.1134, Val Accuracy: 60.50%, Learning Rate: 0.000076, Grad Norm: 22.4955
  -> New best model saved with accuracy: 60.50%
Epoch 46/64: Train Loss: 1.1108, Val Accuracy: 59.70%, Learning Rate: 0.000061, Grad Norm: 22.6302
  -> No improvement for 1 epoch(s)
Epoch 47/64: Train Loss: 1.1117, Val Accuracy: 60.00%, Learning Rate: 0.000048, Grad Norm: 22.6713
  -> No improvement for 2 epoch(s)
Epoch 48/64: Train Loss: 1.1093, Val Accuracy: 59.90%, Learning Rate: 0.000036, Grad Norm: 22.6882
  -> No improvement for 3 epoch(s)
Epoch 49/64: Train Loss: 1.1112, Val Accuracy: 60.08%, Learning Rate: 0.000027, Grad Norm: 22.7522
  -> No improvement for 4 epoch(s)
Epoch 50/64: Train Loss: 1.1085, Val Accuracy: 60.04%, Learning Rate: 0.000020, Grad Norm: 22.7835
  -> No improvement for 5 epoch(s)
Epoch 51/64: Train Loss: 1.1079, Val Accuracy: 60.10%, Learning Rate: 0.000014, Grad Norm: 22.7742
  -> No improvement for 6 epoch(s)
Epoch 52/64: Train Loss: 1.1093, Val Accuracy: 60.10%, Learning Rate: 0.000011, Grad Norm: 22.7953
  -> No improvement for 7 epoch(s)
  >> Cosine annealing restart #1: LR 0.000011 -> 0.000050
Epoch 53/64: Train Loss: 1.1097, Val Accuracy: 59.98%, Learning Rate: 0.000050, Grad Norm: 22.7995
  -> No improvement for 8 epoch(s)
Epoch 54/64: Train Loss: 1.1118, Val Accuracy: 59.94%, Learning Rate: 0.000050, Grad Norm: 23.0240
  -> No improvement for 9 epoch(s)
Epoch 55/64: Train Loss: 1.1099, Val Accuracy: 60.24%, Learning Rate: 0.000050, Grad Norm: 22.9636
  -> No improvement for 10 epoch(s)
Early stopping triggered at epoch 55
Finished Training
Best validation accuracy: 60.50% at epoch 45 with train loss: 1.1134
