Using GPU: NVIDIA GeForce RTX 4090
Created CosineAnnealingWarmRestartsDecay (T_0=30, T_mult=1, cycle_decay=0.01)
  Warm-up: 5 epoch(s), Initial LR: 0.0001
  Min LR: 1.0000000000000002e-06, Total epochs: 60
Training on device: cuda:0
Initial training loss (before training): 2.3244
Initial validation accuracy (before training): 9.86%
--------------------------------------------------
Epoch 1/60: Train Loss: 2.1548, Val Accuracy: 30.32%, Learning Rate: 0.000020, Grad Norm: 1.9819
  -> New best model saved with accuracy: 30.32%
Epoch 2/60: Train Loss: 1.9415, Val Accuracy: 38.42%, Learning Rate: 0.000040, Grad Norm: 4.2623
  -> New best model saved with accuracy: 38.42%
Epoch 3/60: Train Loss: 1.8038, Val Accuracy: 43.56%, Learning Rate: 0.000060, Grad Norm: 5.4359
  -> New best model saved with accuracy: 43.56%
Epoch 4/60: Train Loss: 1.7273, Val Accuracy: 45.10%, Learning Rate: 0.000080, Grad Norm: 5.9079
  -> New best model saved with accuracy: 45.10%
Epoch 5/60: Train Loss: 1.6691, Val Accuracy: 47.44%, Learning Rate: 0.000100, Grad Norm: 5.9935
  -> New best model saved with accuracy: 47.44%
Epoch 6/60: Train Loss: 1.6181, Val Accuracy: 49.98%, Learning Rate: 0.000100, Grad Norm: 6.1864
  -> New best model saved with accuracy: 49.98%
Epoch 7/60: Train Loss: 1.5808, Val Accuracy: 51.40%, Learning Rate: 0.000099, Grad Norm: 6.3754
  -> New best model saved with accuracy: 51.40%
Epoch 8/60: Train Loss: 1.5476, Val Accuracy: 53.04%, Learning Rate: 0.000098, Grad Norm: 6.4491
  -> New best model saved with accuracy: 53.04%
Epoch 9/60: Train Loss: 1.5235, Val Accuracy: 53.82%, Learning Rate: 0.000096, Grad Norm: 6.5671
  -> New best model saved with accuracy: 53.82%
Epoch 10/60: Train Loss: 1.4997, Val Accuracy: 55.16%, Learning Rate: 0.000093, Grad Norm: 6.6928
  -> New best model saved with accuracy: 55.16%
Epoch 11/60: Train Loss: 1.4781, Val Accuracy: 55.26%, Learning Rate: 0.000091, Grad Norm: 6.7684
  -> New best model saved with accuracy: 55.26%
Epoch 12/60: Train Loss: 1.4588, Val Accuracy: 55.62%, Learning Rate: 0.000087, Grad Norm: 6.8004
  -> New best model saved with accuracy: 55.62%
Epoch 13/60: Train Loss: 1.4432, Val Accuracy: 57.16%, Learning Rate: 0.000084, Grad Norm: 6.9194
  -> New best model saved with accuracy: 57.16%
Epoch 14/60: Train Loss: 1.4274, Val Accuracy: 57.26%, Learning Rate: 0.000080, Grad Norm: 7.0308
  -> New best model saved with accuracy: 57.26%
Epoch 15/60: Train Loss: 1.4140, Val Accuracy: 57.44%, Learning Rate: 0.000075, Grad Norm: 7.1153
  -> New best model saved with accuracy: 57.44%
Epoch 16/60: Train Loss: 1.4015, Val Accuracy: 57.46%, Learning Rate: 0.000071, Grad Norm: 7.1629
  -> New best model saved with accuracy: 57.46%
Epoch 17/60: Train Loss: 1.3914, Val Accuracy: 58.48%, Learning Rate: 0.000066, Grad Norm: 7.2313
  -> New best model saved with accuracy: 58.48%
Epoch 18/60: Train Loss: 1.3798, Val Accuracy: 59.02%, Learning Rate: 0.000061, Grad Norm: 7.3289
  -> New best model saved with accuracy: 59.02%
Epoch 19/60: Train Loss: 1.3684, Val Accuracy: 59.50%, Learning Rate: 0.000056, Grad Norm: 7.3639
  -> New best model saved with accuracy: 59.50%
Epoch 20/60: Train Loss: 1.3612, Val Accuracy: 59.74%, Learning Rate: 0.000051, Grad Norm: 7.4086
  -> New best model saved with accuracy: 59.74%
Epoch 21/60: Train Loss: 1.3518, Val Accuracy: 59.82%, Learning Rate: 0.000045, Grad Norm: 7.4519
  -> New best model saved with accuracy: 59.82%
Epoch 22/60: Train Loss: 1.3434, Val Accuracy: 60.26%, Learning Rate: 0.000040, Grad Norm: 7.5390
  -> New best model saved with accuracy: 60.26%
Epoch 23/60: Train Loss: 1.3376, Val Accuracy: 60.38%, Learning Rate: 0.000035, Grad Norm: 7.6412
  -> New best model saved with accuracy: 60.38%
Epoch 24/60: Train Loss: 1.3318, Val Accuracy: 60.22%, Learning Rate: 0.000030, Grad Norm: 7.6280
  -> No improvement for 1 epoch(s)
Epoch 25/60: Train Loss: 1.3256, Val Accuracy: 60.12%, Learning Rate: 0.000026, Grad Norm: 7.6598
  -> No improvement for 2 epoch(s)
Epoch 26/60: Train Loss: 1.3221, Val Accuracy: 60.10%, Learning Rate: 0.000021, Grad Norm: 7.7365
  -> No improvement for 3 epoch(s)
Epoch 27/60: Train Loss: 1.3166, Val Accuracy: 60.60%, Learning Rate: 0.000017, Grad Norm: 7.7296
  -> New best model saved with accuracy: 60.60%
