Using GPU: NVIDIA GeForce RTX 4090
Created CosineAnnealingWarmRestartsDecay (T_0=30, T_mult=1, cycle_decay=0.01)
  Warm-up: 5 epoch(s), Initial LR: 0.0001
  Min LR: 1.0000000000000002e-06, Total epochs: 60
Training on device: cuda:0
Initial training loss (before training): 2.3036
Initial validation accuracy (before training): 10.04%
--------------------------------------------------
Epoch 1/60: Train Loss: 2.2243, Val Accuracy: 25.38%, Learning Rate: 0.000020, Grad Norm: 0.5519
  -> New best model saved with accuracy: 25.38%
Epoch 2/60: Train Loss: 1.9744, Val Accuracy: 31.02%, Learning Rate: 0.000040, Grad Norm: 1.8884
  -> New best model saved with accuracy: 31.02%
Epoch 3/60: Train Loss: 1.8589, Val Accuracy: 35.20%, Learning Rate: 0.000060, Grad Norm: 2.6130
  -> New best model saved with accuracy: 35.20%
Epoch 4/60: Train Loss: 1.7527, Val Accuracy: 38.86%, Learning Rate: 0.000080, Grad Norm: 3.1969
  -> New best model saved with accuracy: 38.86%
Epoch 5/60: Train Loss: 1.6658, Val Accuracy: 41.50%, Learning Rate: 0.000100, Grad Norm: 3.7106
  -> New best model saved with accuracy: 41.50%
Epoch 6/60: Train Loss: 1.5991, Val Accuracy: 43.38%, Learning Rate: 0.000100, Grad Norm: 4.1387
  -> New best model saved with accuracy: 43.38%
Epoch 7/60: Train Loss: 1.5508, Val Accuracy: 45.44%, Learning Rate: 0.000099, Grad Norm: 4.5120
  -> New best model saved with accuracy: 45.44%
Epoch 8/60: Train Loss: 1.5108, Val Accuracy: 46.90%, Learning Rate: 0.000098, Grad Norm: 4.7438
  -> New best model saved with accuracy: 46.90%
Epoch 9/60: Train Loss: 1.4796, Val Accuracy: 48.12%, Learning Rate: 0.000096, Grad Norm: 4.8531
  -> New best model saved with accuracy: 48.12%
Epoch 10/60: Train Loss: 1.4526, Val Accuracy: 49.36%, Learning Rate: 0.000093, Grad Norm: 4.9879
  -> New best model saved with accuracy: 49.36%
Epoch 11/60: Train Loss: 1.4305, Val Accuracy: 49.82%, Learning Rate: 0.000091, Grad Norm: 5.1539
  -> New best model saved with accuracy: 49.82%
Epoch 12/60: Train Loss: 1.4091, Val Accuracy: 50.44%, Learning Rate: 0.000087, Grad Norm: 5.3409
  -> New best model saved with accuracy: 50.44%
Epoch 13/60: Train Loss: 1.3916, Val Accuracy: 50.90%, Learning Rate: 0.000084, Grad Norm: 5.3413
  -> New best model saved with accuracy: 50.90%
Epoch 14/60: Train Loss: 1.3762, Val Accuracy: 51.66%, Learning Rate: 0.000080, Grad Norm: 5.4684
  -> New best model saved with accuracy: 51.66%
Epoch 15/60: Train Loss: 1.3613, Val Accuracy: 51.80%, Learning Rate: 0.000075, Grad Norm: 5.4363
  -> New best model saved with accuracy: 51.80%
Epoch 16/60: Train Loss: 1.3482, Val Accuracy: 52.40%, Learning Rate: 0.000071, Grad Norm: 5.5611
  -> New best model saved with accuracy: 52.40%
Epoch 17/60: Train Loss: 1.3350, Val Accuracy: 52.08%, Learning Rate: 0.000066, Grad Norm: 5.6280
  -> No improvement for 1 epoch(s)
Epoch 18/60: Train Loss: 1.3264, Val Accuracy: 53.44%, Learning Rate: 0.000061, Grad Norm: 5.6850
  -> New best model saved with accuracy: 53.44%
Epoch 19/60: Train Loss: 1.3140, Val Accuracy: 53.36%, Learning Rate: 0.000056, Grad Norm: 5.5904
  -> No improvement for 1 epoch(s)
Epoch 20/60: Train Loss: 1.3052, Val Accuracy: 53.26%, Learning Rate: 0.000051, Grad Norm: 5.7502
  -> No improvement for 2 epoch(s)
Epoch 21/60: Train Loss: 1.2996, Val Accuracy: 53.56%, Learning Rate: 0.000045, Grad Norm: 5.7956
  -> New best model saved with accuracy: 53.56%
Epoch 22/60: Train Loss: 1.2929, Val Accuracy: 53.58%, Learning Rate: 0.000040, Grad Norm: 5.7673
  -> New best model saved with accuracy: 53.58%
Epoch 23/60: Train Loss: 1.2845, Val Accuracy: 54.04%, Learning Rate: 0.000035, Grad Norm: 5.8841
  -> New best model saved with accuracy: 54.04%
Epoch 24/60: Train Loss: 1.2795, Val Accuracy: 54.08%, Learning Rate: 0.000030, Grad Norm: 5.9322
  -> New best model saved with accuracy: 54.08%
Epoch 25/60: Train Loss: 1.2747, Val Accuracy: 53.66%, Learning Rate: 0.000026, Grad Norm: 5.9083
  -> No improvement for 1 epoch(s)
Epoch 26/60: Train Loss: 1.2705, Val Accuracy: 54.08%, Learning Rate: 0.000021, Grad Norm: 5.9195
  -> No improvement for 2 epoch(s)
Epoch 27/60: Train Loss: 1.2678, Val Accuracy: 54.22%, Learning Rate: 0.000017, Grad Norm: 5.9410
  -> New best model saved with accuracy: 54.22%
Epoch 28/60: Train Loss: 1.2615, Val Accuracy: 54.52%, Learning Rate: 0.000014, Grad Norm: 5.9700
  -> New best model saved with accuracy: 54.52%
Epoch 29/60: Train Loss: 1.2626, Val Accuracy: 54.22%, Learning Rate: 0.000010, Grad Norm: 6.0135
  -> No improvement for 1 epoch(s)
Epoch 30/60: Train Loss: 1.2580, Val Accuracy: 54.34%, Learning Rate: 0.000008, Grad Norm: 6.0021
  -> No improvement for 2 epoch(s)
Epoch 31/60: Train Loss: 1.2547, Val Accuracy: 54.22%, Learning Rate: 0.000005, Grad Norm: 5.9938
  -> No improvement for 3 epoch(s)
Epoch 32/60: Train Loss: 1.2577, Val Accuracy: 54.56%, Learning Rate: 0.000003, Grad Norm: 6.0002
  -> New best model saved with accuracy: 54.56%
Epoch 33/60: Train Loss: 1.2556, Val Accuracy: 54.66%, Learning Rate: 0.000002, Grad Norm: 6.0022
  -> New best model saved with accuracy: 54.66%
Epoch 34/60: Train Loss: 1.2532, Val Accuracy: 54.62%, Learning Rate: 0.000001, Grad Norm: 5.9629
  -> No improvement for 1 epoch(s)
  >> Cosine annealing restart #1: LR 0.000001 -> 0.000001
Epoch 35/60: Train Loss: 1.2530, Val Accuracy: 54.58%, Learning Rate: 0.000001, Grad Norm: 6.0136
  -> No improvement for 2 epoch(s)
