Using GPU: NVIDIA GeForce RTX 4090
Created CosineAnnealingWarmRestartsDecay (T_0=48, T_mult=1, cycle_decay=0.05)
  Warm-up: 5 epoch(s), Initial LR: 0.005
  Min LR: 5e-05, Total epochs: 64
Training on device: cuda:0
Initial training loss (before training): 2.2585
Initial validation accuracy (before training): 10.26%
--------------------------------------------------
Epoch 1/64: Train Loss: 1.8633, Val Accuracy: 38.32%, Learning Rate: 0.001000, Grad Norm: 9.1706
  -> New best model saved with accuracy: 38.32%
Epoch 2/64: Train Loss: 1.5955, Val Accuracy: 47.54%, Learning Rate: 0.002000, Grad Norm: 12.2829
  -> New best model saved with accuracy: 47.54%
Epoch 3/64: Train Loss: 1.4574, Val Accuracy: 51.28%, Learning Rate: 0.003000, Grad Norm: 12.4183
  -> New best model saved with accuracy: 51.28%
Epoch 4/64: Train Loss: 1.3641, Val Accuracy: 53.44%, Learning Rate: 0.004000, Grad Norm: 12.6895
  -> New best model saved with accuracy: 53.44%
Epoch 5/64: Train Loss: 1.2954, Val Accuracy: 56.46%, Learning Rate: 0.005000, Grad Norm: 12.5140
  -> New best model saved with accuracy: 56.46%
Epoch 6/64: Train Loss: 1.2151, Val Accuracy: 57.54%, Learning Rate: 0.004995, Grad Norm: 12.7945
  -> New best model saved with accuracy: 57.54%
Epoch 7/64: Train Loss: 1.1578, Val Accuracy: 61.10%, Learning Rate: 0.004979, Grad Norm: 13.0402
  -> New best model saved with accuracy: 61.10%
Epoch 8/64: Train Loss: 1.1098, Val Accuracy: 61.04%, Learning Rate: 0.004952, Grad Norm: 13.3262
  -> No improvement for 1 epoch(s)
Epoch 9/64: Train Loss: 1.0657, Val Accuracy: 63.54%, Learning Rate: 0.004916, Grad Norm: 13.6959
  -> New best model saved with accuracy: 63.54%
Epoch 10/64: Train Loss: 1.0322, Val Accuracy: 63.00%, Learning Rate: 0.004869, Grad Norm: 14.0582
  -> No improvement for 1 epoch(s)
Epoch 11/64: Train Loss: 0.9936, Val Accuracy: 63.44%, Learning Rate: 0.004812, Grad Norm: 14.4456
  -> No improvement for 2 epoch(s)
Epoch 12/64: Train Loss: 0.9664, Val Accuracy: 63.44%, Learning Rate: 0.004745, Grad Norm: 14.6682
  -> No improvement for 3 epoch(s)
Epoch 13/64: Train Loss: 0.9408, Val Accuracy: 63.38%, Learning Rate: 0.004668, Grad Norm: 14.8136
  -> No improvement for 4 epoch(s)
Epoch 14/64: Train Loss: 0.9194, Val Accuracy: 66.06%, Learning Rate: 0.004583, Grad Norm: 15.1724
  -> New best model saved with accuracy: 66.06%
Epoch 15/64: Train Loss: 0.8892, Val Accuracy: 65.14%, Learning Rate: 0.004489, Grad Norm: 15.4558
  -> No improvement for 1 epoch(s)
Epoch 16/64: Train Loss: 0.8743, Val Accuracy: 64.88%, Learning Rate: 0.004386, Grad Norm: 15.7670
  -> No improvement for 2 epoch(s)
Epoch 17/64: Train Loss: 0.8518, Val Accuracy: 66.58%, Learning Rate: 0.004275, Grad Norm: 16.1050
  -> New best model saved with accuracy: 66.58%
Epoch 18/64: Train Loss: 0.8370, Val Accuracy: 65.58%, Learning Rate: 0.004157, Grad Norm: 16.4811
  -> No improvement for 1 epoch(s)
Epoch 19/64: Train Loss: 0.8209, Val Accuracy: 66.36%, Learning Rate: 0.004032, Grad Norm: 16.5962
  -> No improvement for 2 epoch(s)
Epoch 20/64: Train Loss: 0.8057, Val Accuracy: 66.96%, Learning Rate: 0.003900, Grad Norm: 16.8503
  -> New best model saved with accuracy: 66.96%
Epoch 21/64: Train Loss: 0.7881, Val Accuracy: 67.14%, Learning Rate: 0.003763, Grad Norm: 17.1536
  -> New best model saved with accuracy: 67.14%
Epoch 22/64: Train Loss: 0.7727, Val Accuracy: 67.76%, Learning Rate: 0.003620, Grad Norm: 17.3546
  -> New best model saved with accuracy: 67.76%
Epoch 23/64: Train Loss: 0.7550, Val Accuracy: 66.46%, Learning Rate: 0.003472, Grad Norm: 17.5846
  -> No improvement for 1 epoch(s)
Epoch 24/64: Train Loss: 0.7491, Val Accuracy: 67.26%, Learning Rate: 0.003321, Grad Norm: 18.0557
  -> No improvement for 2 epoch(s)
Epoch 25/64: Train Loss: 0.7310, Val Accuracy: 67.18%, Learning Rate: 0.003166, Grad Norm: 18.1731
  -> No improvement for 3 epoch(s)
Epoch 26/64: Train Loss: 0.7158, Val Accuracy: 67.98%, Learning Rate: 0.003008, Grad Norm: 18.4472
  -> New best model saved with accuracy: 67.98%
Epoch 27/64: Train Loss: 0.7001, Val Accuracy: 67.22%, Learning Rate: 0.002848, Grad Norm: 18.7471
  -> No improvement for 1 epoch(s)
Epoch 28/64: Train Loss: 0.6889, Val Accuracy: 68.40%, Learning Rate: 0.002687, Grad Norm: 19.1998
  -> New best model saved with accuracy: 68.40%
Epoch 29/64: Train Loss: 0.6733, Val Accuracy: 68.84%, Learning Rate: 0.002525, Grad Norm: 19.4331
  -> New best model saved with accuracy: 68.84%
Epoch 30/64: Train Loss: 0.6584, Val Accuracy: 69.06%, Learning Rate: 0.002363, Grad Norm: 19.6248
  -> New best model saved with accuracy: 69.06%
Epoch 31/64: Train Loss: 0.6443, Val Accuracy: 69.14%, Learning Rate: 0.002202, Grad Norm: 19.9048
  -> New best model saved with accuracy: 69.14%
Epoch 32/64: Train Loss: 0.6352, Val Accuracy: 68.56%, Learning Rate: 0.002042, Grad Norm: 20.3282
  -> No improvement for 1 epoch(s)
Epoch 33/64: Train Loss: 0.6265, Val Accuracy: 68.78%, Learning Rate: 0.001884, Grad Norm: 20.3982
  -> No improvement for 2 epoch(s)
Epoch 34/64: Train Loss: 0.6065, Val Accuracy: 69.10%, Learning Rate: 0.001729, Grad Norm: 20.5894
  -> No improvement for 3 epoch(s)
Epoch 35/64: Train Loss: 0.5980, Val Accuracy: 68.90%, Learning Rate: 0.001578, Grad Norm: 21.0040
  -> No improvement for 4 epoch(s)
Epoch 36/64: Train Loss: 0.5910, Val Accuracy: 69.48%, Learning Rate: 0.001430, Grad Norm: 21.1491
  -> New best model saved with accuracy: 69.48%
Epoch 37/64: Train Loss: 0.5810, Val Accuracy: 68.62%, Learning Rate: 0.001288, Grad Norm: 21.4203
  -> No improvement for 1 epoch(s)
Epoch 38/64: Train Loss: 0.5700, Val Accuracy: 69.00%, Learning Rate: 0.001150, Grad Norm: 21.3865
  -> No improvement for 2 epoch(s)
Epoch 39/64: Train Loss: 0.5582, Val Accuracy: 69.64%, Learning Rate: 0.001018, Grad Norm: 21.5310
  -> New best model saved with accuracy: 69.64%
Epoch 40/64: Train Loss: 0.5452, Val Accuracy: 69.16%, Learning Rate: 0.000893, Grad Norm: 21.6034
  -> No improvement for 1 epoch(s)
Epoch 41/64: Train Loss: 0.5351, Val Accuracy: 69.82%, Learning Rate: 0.000775, Grad Norm: 21.6769
  -> New best model saved with accuracy: 69.82%
Epoch 42/64: Train Loss: 0.5379, Val Accuracy: 69.56%, Learning Rate: 0.000664, Grad Norm: 21.9988
  -> No improvement for 1 epoch(s)
Epoch 43/64: Train Loss: 0.5289, Val Accuracy: 69.38%, Learning Rate: 0.000561, Grad Norm: 21.8740
  -> No improvement for 2 epoch(s)
Epoch 44/64: Train Loss: 0.5232, Val Accuracy: 69.72%, Learning Rate: 0.000467, Grad Norm: 22.1469
  -> No improvement for 3 epoch(s)
Epoch 45/64: Train Loss: 0.5130, Val Accuracy: 69.56%, Learning Rate: 0.000382, Grad Norm: 21.8948
  -> No improvement for 4 epoch(s)
Epoch 46/64: Train Loss: 0.5015, Val Accuracy: 69.88%, Learning Rate: 0.000305, Grad Norm: 21.8727
  -> New best model saved with accuracy: 69.88%
Epoch 47/64: Train Loss: 0.4991, Val Accuracy: 69.88%, Learning Rate: 0.000238, Grad Norm: 21.8343
  -> No improvement for 1 epoch(s)
Epoch 48/64: Train Loss: 0.4955, Val Accuracy: 70.14%, Learning Rate: 0.000181, Grad Norm: 21.8553
  -> New best model saved with accuracy: 70.14%
Epoch 49/64: Train Loss: 0.4990, Val Accuracy: 69.84%, Learning Rate: 0.000134, Grad Norm: 21.9811
  -> No improvement for 1 epoch(s)
Epoch 50/64: Train Loss: 0.4924, Val Accuracy: 70.04%, Learning Rate: 0.000098, Grad Norm: 21.7447
  -> No improvement for 2 epoch(s)
Epoch 51/64: Train Loss: 0.4988, Val Accuracy: 69.98%, Learning Rate: 0.000071, Grad Norm: 22.0236
  -> No improvement for 3 epoch(s)
Epoch 52/64: Train Loss: 0.4818, Val Accuracy: 69.80%, Learning Rate: 0.000055, Grad Norm: 21.7039
  -> No improvement for 4 epoch(s)
  >> Cosine annealing restart #1: LR 0.000055 -> 0.000250
Epoch 53/64: Train Loss: 0.5023, Val Accuracy: 69.80%, Learning Rate: 0.000250, Grad Norm: 22.2967
  -> No improvement for 5 epoch(s)
Epoch 54/64: Train Loss: 0.4971, Val Accuracy: 70.12%, Learning Rate: 0.000250, Grad Norm: 22.4339
  -> No improvement for 6 epoch(s)
Epoch 55/64: Train Loss: 0.5098, Val Accuracy: 69.58%, Learning Rate: 0.000249, Grad Norm: 22.6545
  -> No improvement for 7 epoch(s)
Epoch 56/64: Train Loss: 0.5046, Val Accuracy: 69.96%, Learning Rate: 0.000248, Grad Norm: 22.5855
  -> No improvement for 8 epoch(s)
Epoch 57/64: Train Loss: 0.5007, Val Accuracy: 69.76%, Learning Rate: 0.000247, Grad Norm: 22.6062
  -> No improvement for 9 epoch(s)
Epoch 58/64: Train Loss: 0.4956, Val Accuracy: 70.02%, Learning Rate: 0.000245, Grad Norm: 22.5285
  -> No improvement for 10 epoch(s)
Early stopping triggered at epoch 58
Finished Training
Best validation accuracy: 70.14% at epoch 48 with train loss: 0.4955
