Using GPU: NVIDIA GeForce RTX 4090
Created CosineAnnealingWarmRestartsDecay (T_0=30, T_mult=1, cycle_decay=0.01)
  Warm-up: 5 epoch(s), Initial LR: 0.0001
  Min LR: 1.0000000000000002e-06, Total epochs: 60
Training on device: cuda:0
Initial training loss (before training): 2.3091
Initial validation accuracy (before training): 10.42%
--------------------------------------------------
Epoch 1/60: Train Loss: 2.0996, Val Accuracy: 30.50%, Learning Rate: 0.000020, Grad Norm: 2.3564
  -> New best model saved with accuracy: 30.50%
Epoch 2/60: Train Loss: 1.8313, Val Accuracy: 37.08%, Learning Rate: 0.000040, Grad Norm: 5.5323
  -> New best model saved with accuracy: 37.08%
Epoch 3/60: Train Loss: 1.6816, Val Accuracy: 42.44%, Learning Rate: 0.000060, Grad Norm: 6.9397
  -> New best model saved with accuracy: 42.44%
Epoch 4/60: Train Loss: 1.5890, Val Accuracy: 44.90%, Learning Rate: 0.000080, Grad Norm: 7.7370
  -> New best model saved with accuracy: 44.90%
Epoch 5/60: Train Loss: 1.5180, Val Accuracy: 47.80%, Learning Rate: 0.000100, Grad Norm: 8.1838
  -> New best model saved with accuracy: 47.80%
Epoch 6/60: Train Loss: 1.4445, Val Accuracy: 49.22%, Learning Rate: 0.000100, Grad Norm: 8.6419
  -> New best model saved with accuracy: 49.22%
Epoch 7/60: Train Loss: 1.3875, Val Accuracy: 52.14%, Learning Rate: 0.000099, Grad Norm: 9.2314
  -> New best model saved with accuracy: 52.14%
Epoch 8/60: Train Loss: 1.3386, Val Accuracy: 52.86%, Learning Rate: 0.000098, Grad Norm: 9.7260
  -> New best model saved with accuracy: 52.86%
Epoch 9/60: Train Loss: 1.3013, Val Accuracy: 54.68%, Learning Rate: 0.000096, Grad Norm: 10.0082
  -> New best model saved with accuracy: 54.68%
Epoch 10/60: Train Loss: 1.2651, Val Accuracy: 55.76%, Learning Rate: 0.000093, Grad Norm: 10.1963
  -> New best model saved with accuracy: 55.76%
Epoch 11/60: Train Loss: 1.2386, Val Accuracy: 57.24%, Learning Rate: 0.000091, Grad Norm: 10.4491
  -> New best model saved with accuracy: 57.24%
Epoch 12/60: Train Loss: 1.2154, Val Accuracy: 57.10%, Learning Rate: 0.000087, Grad Norm: 10.6115
  -> No improvement for 1 epoch(s)
Epoch 13/60: Train Loss: 1.1911, Val Accuracy: 58.16%, Learning Rate: 0.000084, Grad Norm: 10.7653
  -> New best model saved with accuracy: 58.16%
Epoch 14/60: Train Loss: 1.1708, Val Accuracy: 58.44%, Learning Rate: 0.000080, Grad Norm: 10.8905
  -> New best model saved with accuracy: 58.44%
Epoch 15/60: Train Loss: 1.1551, Val Accuracy: 58.70%, Learning Rate: 0.000075, Grad Norm: 10.9925
  -> New best model saved with accuracy: 58.70%
Epoch 16/60: Train Loss: 1.1339, Val Accuracy: 59.62%, Learning Rate: 0.000071, Grad Norm: 11.1392
  -> New best model saved with accuracy: 59.62%
Epoch 17/60: Train Loss: 1.1190, Val Accuracy: 59.64%, Learning Rate: 0.000066, Grad Norm: 11.2079
  -> New best model saved with accuracy: 59.64%
Epoch 18/60: Train Loss: 1.1040, Val Accuracy: 60.62%, Learning Rate: 0.000061, Grad Norm: 11.2947
  -> New best model saved with accuracy: 60.62%
Epoch 19/60: Train Loss: 1.0946, Val Accuracy: 61.26%, Learning Rate: 0.000056, Grad Norm: 11.3981
  -> New best model saved with accuracy: 61.26%
Epoch 20/60: Train Loss: 1.0824, Val Accuracy: 60.76%, Learning Rate: 0.000051, Grad Norm: 11.5148
  -> No improvement for 1 epoch(s)
Epoch 21/60: Train Loss: 1.0689, Val Accuracy: 60.92%, Learning Rate: 0.000045, Grad Norm: 11.6422
  -> No improvement for 2 epoch(s)
Epoch 22/60: Train Loss: 1.0640, Val Accuracy: 60.70%, Learning Rate: 0.000040, Grad Norm: 11.6184
  -> No improvement for 3 epoch(s)
Epoch 23/60: Train Loss: 1.0556, Val Accuracy: 61.64%, Learning Rate: 0.000035, Grad Norm: 11.7978
  -> New best model saved with accuracy: 61.64%
Epoch 24/60: Train Loss: 1.0461, Val Accuracy: 61.52%, Learning Rate: 0.000030, Grad Norm: 11.8702
  -> No improvement for 1 epoch(s)
Epoch 25/60: Train Loss: 1.0393, Val Accuracy: 61.82%, Learning Rate: 0.000026, Grad Norm: 11.9035
  -> New best model saved with accuracy: 61.82%
Epoch 26/60: Train Loss: 1.0337, Val Accuracy: 62.14%, Learning Rate: 0.000021, Grad Norm: 11.9500
  -> New best model saved with accuracy: 62.14%
Epoch 27/60: Train Loss: 1.0306, Val Accuracy: 61.84%, Learning Rate: 0.000017, Grad Norm: 12.0048
  -> No improvement for 1 epoch(s)
Epoch 28/60: Train Loss: 1.0230, Val Accuracy: 62.20%, Learning Rate: 0.000014, Grad Norm: 11.9576
  -> New best model saved with accuracy: 62.20%
Epoch 29/60: Train Loss: 1.0203, Val Accuracy: 62.22%, Learning Rate: 0.000010, Grad Norm: 12.0682
  -> New best model saved with accuracy: 62.22%
