Using GPU: NVIDIA GeForce RTX 4090
Created CosineAnnealingWarmRestartsDecay (T_0=48, T_mult=1, cycle_decay=0.05)
  Warm-up: 5 epoch(s), Initial LR: 0.001
  Min LR: 1e-05, Total epochs: 64
Training on device: cuda:0
Initial training loss (before training): 2.2857
Initial validation accuracy (before training): 10.00%
--------------------------------------------------
Epoch 1/64: Train Loss: 2.3022, Val Accuracy: 12.88%, Learning Rate: 0.000200, Grad Norm: 0.1896
  -> New best model saved with accuracy: 12.88%
Epoch 2/64: Train Loss: 2.2862, Val Accuracy: 16.90%, Learning Rate: 0.000400, Grad Norm: 0.2741
  -> New best model saved with accuracy: 16.90%
Epoch 3/64: Train Loss: 2.1907, Val Accuracy: 26.56%, Learning Rate: 0.000600, Grad Norm: 0.7146
  -> New best model saved with accuracy: 26.56%
Epoch 4/64: Train Loss: 2.0277, Val Accuracy: 32.18%, Learning Rate: 0.000800, Grad Norm: 1.5110
  -> New best model saved with accuracy: 32.18%
Epoch 5/64: Train Loss: 1.8956, Val Accuracy: 37.00%, Learning Rate: 0.001000, Grad Norm: 2.1125
  -> New best model saved with accuracy: 37.00%
Epoch 6/64: Train Loss: 1.8176, Val Accuracy: 39.12%, Learning Rate: 0.000999, Grad Norm: 2.5614
  -> New best model saved with accuracy: 39.12%
Epoch 7/64: Train Loss: 1.7717, Val Accuracy: 41.14%, Learning Rate: 0.000996, Grad Norm: 2.8291
  -> New best model saved with accuracy: 41.14%
Epoch 8/64: Train Loss: 1.7436, Val Accuracy: 42.88%, Learning Rate: 0.000990, Grad Norm: 2.9653
  -> New best model saved with accuracy: 42.88%
Epoch 9/64: Train Loss: 1.7190, Val Accuracy: 44.08%, Learning Rate: 0.000983, Grad Norm: 3.0815
  -> New best model saved with accuracy: 44.08%
Epoch 10/64: Train Loss: 1.7021, Val Accuracy: 45.56%, Learning Rate: 0.000974, Grad Norm: 3.2051
  -> New best model saved with accuracy: 45.56%
Epoch 11/64: Train Loss: 1.6884, Val Accuracy: 46.18%, Learning Rate: 0.000962, Grad Norm: 3.2819
  -> New best model saved with accuracy: 46.18%
Epoch 12/64: Train Loss: 1.6749, Val Accuracy: 46.16%, Learning Rate: 0.000949, Grad Norm: 3.3578
  -> No improvement for 1 epoch(s)
Epoch 13/64: Train Loss: 1.6617, Val Accuracy: 47.02%, Learning Rate: 0.000934, Grad Norm: 3.4503
  -> New best model saved with accuracy: 47.02%
Epoch 14/64: Train Loss: 1.6521, Val Accuracy: 47.64%, Learning Rate: 0.000917, Grad Norm: 3.5005
  -> New best model saved with accuracy: 47.64%
Epoch 15/64: Train Loss: 1.6395, Val Accuracy: 48.58%, Learning Rate: 0.000898, Grad Norm: 3.5600
  -> New best model saved with accuracy: 48.58%
Epoch 16/64: Train Loss: 1.6282, Val Accuracy: 48.74%, Learning Rate: 0.000877, Grad Norm: 3.6832
  -> New best model saved with accuracy: 48.74%
Epoch 17/64: Train Loss: 1.6175, Val Accuracy: 49.14%, Learning Rate: 0.000855, Grad Norm: 3.6793
  -> New best model saved with accuracy: 49.14%
Epoch 18/64: Train Loss: 1.6104, Val Accuracy: 49.28%, Learning Rate: 0.000831, Grad Norm: 3.8097
  -> New best model saved with accuracy: 49.28%
Epoch 19/64: Train Loss: 1.6028, Val Accuracy: 50.48%, Learning Rate: 0.000806, Grad Norm: 3.8463
  -> New best model saved with accuracy: 50.48%
Epoch 20/64: Train Loss: 1.5924, Val Accuracy: 50.42%, Learning Rate: 0.000780, Grad Norm: 3.9385
  -> No improvement for 1 epoch(s)
Epoch 21/64: Train Loss: 1.5840, Val Accuracy: 51.18%, Learning Rate: 0.000753, Grad Norm: 4.0001
  -> New best model saved with accuracy: 51.18%
Epoch 22/64: Train Loss: 1.5780, Val Accuracy: 51.52%, Learning Rate: 0.000724, Grad Norm: 4.0605
  -> New best model saved with accuracy: 51.52%
Epoch 23/64: Train Loss: 1.5728, Val Accuracy: 51.38%, Learning Rate: 0.000694, Grad Norm: 4.0712
  -> No improvement for 1 epoch(s)
Epoch 24/64: Train Loss: 1.5653, Val Accuracy: 51.84%, Learning Rate: 0.000664, Grad Norm: 4.1629
  -> New best model saved with accuracy: 51.84%
Epoch 25/64: Train Loss: 1.5622, Val Accuracy: 52.26%, Learning Rate: 0.000633, Grad Norm: 4.2422
  -> New best model saved with accuracy: 52.26%
Epoch 26/64: Train Loss: 1.5550, Val Accuracy: 52.68%, Learning Rate: 0.000602, Grad Norm: 4.2253
  -> New best model saved with accuracy: 52.68%
Epoch 27/64: Train Loss: 1.5484, Val Accuracy: 52.58%, Learning Rate: 0.000570, Grad Norm: 4.2807
  -> No improvement for 1 epoch(s)
Epoch 28/64: Train Loss: 1.5453, Val Accuracy: 52.76%, Learning Rate: 0.000537, Grad Norm: 4.3153
  -> New best model saved with accuracy: 52.76%
Epoch 29/64: Train Loss: 1.5414, Val Accuracy: 52.96%, Learning Rate: 0.000505, Grad Norm: 4.3762
  -> New best model saved with accuracy: 52.96%
Epoch 30/64: Train Loss: 1.5366, Val Accuracy: 53.04%, Learning Rate: 0.000473, Grad Norm: 4.3150
  -> New best model saved with accuracy: 53.04%
Epoch 31/64: Train Loss: 1.5329, Val Accuracy: 53.20%, Learning Rate: 0.000440, Grad Norm: 4.4118
  -> New best model saved with accuracy: 53.20%
Epoch 32/64: Train Loss: 1.5296, Val Accuracy: 53.14%, Learning Rate: 0.000408, Grad Norm: 4.4605
  -> No improvement for 1 epoch(s)
Epoch 33/64: Train Loss: 1.5255, Val Accuracy: 53.50%, Learning Rate: 0.000377, Grad Norm: 4.4365
  -> New best model saved with accuracy: 53.50%
Epoch 34/64: Train Loss: 1.5246, Val Accuracy: 53.42%, Learning Rate: 0.000346, Grad Norm: 4.5390
  -> No improvement for 1 epoch(s)
Epoch 35/64: Train Loss: 1.5206, Val Accuracy: 53.82%, Learning Rate: 0.000316, Grad Norm: 4.5236
  -> New best model saved with accuracy: 53.82%
Epoch 36/64: Train Loss: 1.5172, Val Accuracy: 53.60%, Learning Rate: 0.000286, Grad Norm: 4.5050
  -> No improvement for 1 epoch(s)
Epoch 37/64: Train Loss: 1.5151, Val Accuracy: 53.44%, Learning Rate: 0.000258, Grad Norm: 4.5442
  -> No improvement for 2 epoch(s)
Epoch 38/64: Train Loss: 1.5122, Val Accuracy: 53.38%, Learning Rate: 0.000230, Grad Norm: 4.6079
  -> No improvement for 3 epoch(s)
Epoch 39/64: Train Loss: 1.5139, Val Accuracy: 54.16%, Learning Rate: 0.000204, Grad Norm: 4.5713
  -> New best model saved with accuracy: 54.16%
Epoch 40/64: Train Loss: 1.5103, Val Accuracy: 54.48%, Learning Rate: 0.000179, Grad Norm: 4.5738
  -> New best model saved with accuracy: 54.48%
Epoch 41/64: Train Loss: 1.5090, Val Accuracy: 54.16%, Learning Rate: 0.000155, Grad Norm: 4.6081
  -> No improvement for 1 epoch(s)
Epoch 42/64: Train Loss: 1.5087, Val Accuracy: 54.14%, Learning Rate: 0.000133, Grad Norm: 4.6661
  -> No improvement for 2 epoch(s)
Epoch 43/64: Train Loss: 1.5070, Val Accuracy: 54.16%, Learning Rate: 0.000112, Grad Norm: 4.6596
  -> No improvement for 3 epoch(s)
Epoch 44/64: Train Loss: 1.5061, Val Accuracy: 54.22%, Learning Rate: 0.000093, Grad Norm: 4.6414
  -> No improvement for 4 epoch(s)
Epoch 45/64: Train Loss: 1.5061, Val Accuracy: 54.30%, Learning Rate: 0.000076, Grad Norm: 4.6299
  -> No improvement for 5 epoch(s)
Epoch 46/64: Train Loss: 1.5039, Val Accuracy: 54.16%, Learning Rate: 0.000061, Grad Norm: 4.5617
  -> No improvement for 6 epoch(s)
Epoch 47/64: Train Loss: 1.5044, Val Accuracy: 54.36%, Learning Rate: 0.000048, Grad Norm: 4.5840
  -> No improvement for 7 epoch(s)
Epoch 48/64: Train Loss: 1.5051, Val Accuracy: 54.40%, Learning Rate: 0.000036, Grad Norm: 4.6025
  -> No improvement for 8 epoch(s)
Epoch 49/64: Train Loss: 1.5022, Val Accuracy: 54.36%, Learning Rate: 0.000027, Grad Norm: 4.5378
  -> No improvement for 9 epoch(s)
Epoch 50/64: Train Loss: 1.5028, Val Accuracy: 54.42%, Learning Rate: 0.000020, Grad Norm: 4.5703
  -> No improvement for 10 epoch(s)
Early stopping triggered at epoch 50
Finished Training
Best validation accuracy: 54.48% at epoch 40 with train loss: 1.5103
