Using GPU: NVIDIA GeForce RTX 4090
Created CosineAnnealingWarmRestartsDecay (T_0=48, T_mult=1, cycle_decay=0.05)
  Warm-up: 5 epoch(s), Initial LR: 0.01
  Min LR: 0.0001, Total epochs: 64
Training on device: cuda:0
Initial training loss (before training): 2.3178
Initial validation accuracy (before training): 8.16%
--------------------------------------------------
Epoch 1/64: Train Loss: 1.9792, Val Accuracy: 39.38%, Learning Rate: 0.002000, Grad Norm: 3.2311
  -> New best model saved with accuracy: 39.38%
Epoch 2/64: Train Loss: 1.7307, Val Accuracy: 44.70%, Learning Rate: 0.004000, Grad Norm: 4.7196
  -> New best model saved with accuracy: 44.70%
Epoch 3/64: Train Loss: 1.6117, Val Accuracy: 52.60%, Learning Rate: 0.006000, Grad Norm: 4.7446
  -> New best model saved with accuracy: 52.60%
Epoch 4/64: Train Loss: 1.5191, Val Accuracy: 54.26%, Learning Rate: 0.008000, Grad Norm: 4.7605
  -> New best model saved with accuracy: 54.26%
Epoch 5/64: Train Loss: 1.4599, Val Accuracy: 57.60%, Learning Rate: 0.010000, Grad Norm: 4.7180
  -> New best model saved with accuracy: 57.60%
Epoch 6/64: Train Loss: 1.4002, Val Accuracy: 59.68%, Learning Rate: 0.009989, Grad Norm: 4.6993
  -> New best model saved with accuracy: 59.68%
Epoch 7/64: Train Loss: 1.3551, Val Accuracy: 62.02%, Learning Rate: 0.009958, Grad Norm: 4.7471
  -> New best model saved with accuracy: 62.02%
Epoch 8/64: Train Loss: 1.3137, Val Accuracy: 62.70%, Learning Rate: 0.009905, Grad Norm: 4.7931
  -> New best model saved with accuracy: 62.70%
Epoch 9/64: Train Loss: 1.2856, Val Accuracy: 62.54%, Learning Rate: 0.009831, Grad Norm: 4.8286
  -> No improvement for 1 epoch(s)
Epoch 10/64: Train Loss: 1.2568, Val Accuracy: 64.80%, Learning Rate: 0.009737, Grad Norm: 4.8543
  -> New best model saved with accuracy: 64.80%
Epoch 11/64: Train Loss: 1.2312, Val Accuracy: 64.76%, Learning Rate: 0.009623, Grad Norm: 4.8731
  -> No improvement for 1 epoch(s)
Epoch 12/64: Train Loss: 1.2112, Val Accuracy: 65.78%, Learning Rate: 0.009490, Grad Norm: 4.8871
  -> New best model saved with accuracy: 65.78%
Epoch 13/64: Train Loss: 1.1952, Val Accuracy: 65.76%, Learning Rate: 0.009337, Grad Norm: 4.9059
  -> No improvement for 1 epoch(s)
Epoch 14/64: Train Loss: 1.1730, Val Accuracy: 65.80%, Learning Rate: 0.009166, Grad Norm: 4.9431
  -> New best model saved with accuracy: 65.80%
Epoch 15/64: Train Loss: 1.1534, Val Accuracy: 66.08%, Learning Rate: 0.008977, Grad Norm: 4.9522
  -> New best model saved with accuracy: 66.08%
Epoch 16/64: Train Loss: 1.1341, Val Accuracy: 65.78%, Learning Rate: 0.008772, Grad Norm: 5.0029
  -> No improvement for 1 epoch(s)
Epoch 17/64: Train Loss: 1.1256, Val Accuracy: 67.24%, Learning Rate: 0.008550, Grad Norm: 5.0677
  -> New best model saved with accuracy: 67.24%
Epoch 18/64: Train Loss: 1.1081, Val Accuracy: 66.52%, Learning Rate: 0.008314, Grad Norm: 5.0680
  -> No improvement for 1 epoch(s)
Epoch 19/64: Train Loss: 1.0890, Val Accuracy: 66.68%, Learning Rate: 0.008063, Grad Norm: 5.0847
  -> No improvement for 2 epoch(s)
Epoch 20/64: Train Loss: 1.0788, Val Accuracy: 66.90%, Learning Rate: 0.007800, Grad Norm: 5.1456
  -> No improvement for 3 epoch(s)
Epoch 21/64: Train Loss: 1.0671, Val Accuracy: 67.00%, Learning Rate: 0.007525, Grad Norm: 5.1668
  -> No improvement for 4 epoch(s)
Epoch 22/64: Train Loss: 1.0535, Val Accuracy: 67.22%, Learning Rate: 0.007239, Grad Norm: 5.2035
  -> No improvement for 5 epoch(s)
Epoch 23/64: Train Loss: 1.0427, Val Accuracy: 68.32%, Learning Rate: 0.006944, Grad Norm: 5.1985
  -> New best model saved with accuracy: 68.32%
Epoch 24/64: Train Loss: 1.0290, Val Accuracy: 67.30%, Learning Rate: 0.006641, Grad Norm: 5.2121
  -> No improvement for 1 epoch(s)
Epoch 25/64: Train Loss: 1.0154, Val Accuracy: 67.58%, Learning Rate: 0.006331, Grad Norm: 5.2838
  -> No improvement for 2 epoch(s)
Epoch 26/64: Train Loss: 1.0025, Val Accuracy: 67.56%, Learning Rate: 0.006016, Grad Norm: 5.3230
  -> No improvement for 3 epoch(s)
Epoch 27/64: Train Loss: 0.9999, Val Accuracy: 68.04%, Learning Rate: 0.005696, Grad Norm: 5.3119
  -> No improvement for 4 epoch(s)
Epoch 28/64: Train Loss: 0.9819, Val Accuracy: 67.44%, Learning Rate: 0.005374, Grad Norm: 5.3417
  -> No improvement for 5 epoch(s)
Epoch 29/64: Train Loss: 0.9723, Val Accuracy: 66.98%, Learning Rate: 0.005050, Grad Norm: 5.3444
  -> No improvement for 6 epoch(s)
Epoch 30/64: Train Loss: 0.9625, Val Accuracy: 67.96%, Learning Rate: 0.004726, Grad Norm: 5.3532
  -> No improvement for 7 epoch(s)
Epoch 31/64: Train Loss: 0.9530, Val Accuracy: 67.36%, Learning Rate: 0.004404, Grad Norm: 5.3522
  -> No improvement for 8 epoch(s)
Epoch 32/64: Train Loss: 0.9402, Val Accuracy: 68.06%, Learning Rate: 0.004084, Grad Norm: 5.3641
  -> No improvement for 9 epoch(s)
Epoch 33/64: Train Loss: 0.9336, Val Accuracy: 67.96%, Learning Rate: 0.003769, Grad Norm: 5.3873
  -> No improvement for 10 epoch(s)
Early stopping triggered at epoch 33
Finished Training
Best validation accuracy: 68.32% at epoch 23 with train loss: 1.0427
