Using GPU: NVIDIA GeForce RTX 4090
Created CosineAnnealingWarmRestartsDecay (T_0=48, T_mult=1, cycle_decay=0.05)
  Warm-up: 5 epoch(s), Initial LR: 0.01
  Min LR: 0.0001, Total epochs: 64
Training on device: cuda:0
Initial training loss (before training): 2.3097
Initial validation accuracy (before training): 10.26%
--------------------------------------------------
Epoch 1/64: Train Loss: 2.1117, Val Accuracy: 31.40%, Learning Rate: 0.002000, Grad Norm: 1.1912
  -> New best model saved with accuracy: 31.40%
Epoch 2/64: Train Loss: 1.7226, Val Accuracy: 40.50%, Learning Rate: 0.004000, Grad Norm: 3.0257
  -> New best model saved with accuracy: 40.50%
Epoch 3/64: Train Loss: 1.5448, Val Accuracy: 45.52%, Learning Rate: 0.006000, Grad Norm: 3.9114
  -> New best model saved with accuracy: 45.52%
Epoch 4/64: Train Loss: 1.4357, Val Accuracy: 48.96%, Learning Rate: 0.008000, Grad Norm: 4.2709
  -> New best model saved with accuracy: 48.96%
Epoch 5/64: Train Loss: 1.3423, Val Accuracy: 51.94%, Learning Rate: 0.010000, Grad Norm: 4.3772
  -> New best model saved with accuracy: 51.94%
Epoch 6/64: Train Loss: 1.2564, Val Accuracy: 55.26%, Learning Rate: 0.009989, Grad Norm: 4.3754
  -> New best model saved with accuracy: 55.26%
Epoch 7/64: Train Loss: 1.1856, Val Accuracy: 56.46%, Learning Rate: 0.009958, Grad Norm: 4.5157
  -> New best model saved with accuracy: 56.46%
Epoch 8/64: Train Loss: 1.1315, Val Accuracy: 59.44%, Learning Rate: 0.009905, Grad Norm: 4.4983
  -> New best model saved with accuracy: 59.44%
Epoch 9/64: Train Loss: 1.0872, Val Accuracy: 60.92%, Learning Rate: 0.009831, Grad Norm: 4.5722
  -> New best model saved with accuracy: 60.92%
Epoch 10/64: Train Loss: 1.0440, Val Accuracy: 63.00%, Learning Rate: 0.009737, Grad Norm: 4.5415
  -> New best model saved with accuracy: 63.00%
Epoch 11/64: Train Loss: 1.0119, Val Accuracy: 63.64%, Learning Rate: 0.009623, Grad Norm: 4.6705
  -> New best model saved with accuracy: 63.64%
Epoch 12/64: Train Loss: 0.9773, Val Accuracy: 63.12%, Learning Rate: 0.009490, Grad Norm: 4.6674
  -> No improvement for 1 epoch(s)
Epoch 13/64: Train Loss: 0.9514, Val Accuracy: 62.82%, Learning Rate: 0.009337, Grad Norm: 4.6318
  -> No improvement for 2 epoch(s)
Epoch 14/64: Train Loss: 0.9247, Val Accuracy: 64.30%, Learning Rate: 0.009166, Grad Norm: 4.7247
  -> New best model saved with accuracy: 64.30%
Epoch 15/64: Train Loss: 0.9046, Val Accuracy: 65.64%, Learning Rate: 0.008977, Grad Norm: 4.7420
  -> New best model saved with accuracy: 65.64%
Epoch 16/64: Train Loss: 0.8836, Val Accuracy: 66.04%, Learning Rate: 0.008772, Grad Norm: 4.8049
  -> New best model saved with accuracy: 66.04%
Epoch 17/64: Train Loss: 0.8602, Val Accuracy: 66.74%, Learning Rate: 0.008550, Grad Norm: 4.8008
  -> New best model saved with accuracy: 66.74%
Epoch 18/64: Train Loss: 0.8430, Val Accuracy: 67.80%, Learning Rate: 0.008314, Grad Norm: 4.8641
  -> New best model saved with accuracy: 67.80%
Epoch 19/64: Train Loss: 0.8221, Val Accuracy: 66.58%, Learning Rate: 0.008063, Grad Norm: 4.8718
  -> No improvement for 1 epoch(s)
Epoch 20/64: Train Loss: 0.8043, Val Accuracy: 66.98%, Learning Rate: 0.007800, Grad Norm: 4.9104
  -> No improvement for 2 epoch(s)
Epoch 21/64: Train Loss: 0.7918, Val Accuracy: 67.32%, Learning Rate: 0.007525, Grad Norm: 4.9745
  -> No improvement for 3 epoch(s)
Epoch 22/64: Train Loss: 0.7739, Val Accuracy: 67.66%, Learning Rate: 0.007239, Grad Norm: 5.0387
  -> No improvement for 4 epoch(s)
Epoch 23/64: Train Loss: 0.7586, Val Accuracy: 67.84%, Learning Rate: 0.006944, Grad Norm: 4.9994
  -> New best model saved with accuracy: 67.84%
Epoch 24/64: Train Loss: 0.7460, Val Accuracy: 68.88%, Learning Rate: 0.006641, Grad Norm: 5.0988
  -> New best model saved with accuracy: 68.88%
Epoch 25/64: Train Loss: 0.7324, Val Accuracy: 68.16%, Learning Rate: 0.006331, Grad Norm: 5.1499
  -> No improvement for 1 epoch(s)
Epoch 26/64: Train Loss: 0.7198, Val Accuracy: 68.38%, Learning Rate: 0.006016, Grad Norm: 5.1666
  -> No improvement for 2 epoch(s)
Epoch 27/64: Train Loss: 0.7102, Val Accuracy: 68.44%, Learning Rate: 0.005696, Grad Norm: 5.2564
  -> No improvement for 3 epoch(s)
Epoch 28/64: Train Loss: 0.6983, Val Accuracy: 68.12%, Learning Rate: 0.005374, Grad Norm: 5.2554
  -> No improvement for 4 epoch(s)
Epoch 29/64: Train Loss: 0.6823, Val Accuracy: 68.44%, Learning Rate: 0.005050, Grad Norm: 5.2955
  -> No improvement for 5 epoch(s)
Epoch 30/64: Train Loss: 0.6738, Val Accuracy: 67.44%, Learning Rate: 0.004726, Grad Norm: 5.3712
  -> No improvement for 6 epoch(s)
Epoch 31/64: Train Loss: 0.6624, Val Accuracy: 68.54%, Learning Rate: 0.004404, Grad Norm: 5.3712
  -> No improvement for 7 epoch(s)
Epoch 32/64: Train Loss: 0.6548, Val Accuracy: 68.98%, Learning Rate: 0.004084, Grad Norm: 5.3730
  -> New best model saved with accuracy: 68.98%
Epoch 33/64: Train Loss: 0.6423, Val Accuracy: 68.20%, Learning Rate: 0.003769, Grad Norm: 5.4080
  -> No improvement for 1 epoch(s)
Epoch 34/64: Train Loss: 0.6313, Val Accuracy: 68.16%, Learning Rate: 0.003459, Grad Norm: 5.4477
  -> No improvement for 2 epoch(s)
Epoch 35/64: Train Loss: 0.6206, Val Accuracy: 68.36%, Learning Rate: 0.003156, Grad Norm: 5.4327
  -> No improvement for 3 epoch(s)
Epoch 36/64: Train Loss: 0.6136, Val Accuracy: 68.62%, Learning Rate: 0.002861, Grad Norm: 5.5211
  -> No improvement for 4 epoch(s)
Epoch 37/64: Train Loss: 0.6055, Val Accuracy: 68.00%, Learning Rate: 0.002575, Grad Norm: 5.5456
  -> No improvement for 5 epoch(s)
Epoch 38/64: Train Loss: 0.5969, Val Accuracy: 68.20%, Learning Rate: 0.002300, Grad Norm: 5.5581
  -> No improvement for 6 epoch(s)
Epoch 39/64: Train Loss: 0.5945, Val Accuracy: 68.52%, Learning Rate: 0.002037, Grad Norm: 5.6115
  -> No improvement for 7 epoch(s)
Epoch 40/64: Train Loss: 0.5871, Val Accuracy: 68.60%, Learning Rate: 0.001786, Grad Norm: 5.5992
  -> No improvement for 8 epoch(s)
Epoch 41/64: Train Loss: 0.5813, Val Accuracy: 68.30%, Learning Rate: 0.001550, Grad Norm: 5.5663
  -> No improvement for 9 epoch(s)
Epoch 42/64: Train Loss: 0.5760, Val Accuracy: 68.22%, Learning Rate: 0.001328, Grad Norm: 5.5546
  -> No improvement for 10 epoch(s)
Early stopping triggered at epoch 42
Finished Training
Best validation accuracy: 68.98% at epoch 32 with train loss: 0.6548
