Using GPU: NVIDIA GeForce RTX 4090
Created CosineAnnealingWarmRestartsDecay (T_0=30, T_mult=1, cycle_decay=0.01)
  Warm-up: 5 epoch(s), Initial LR: 0.0001
  Min LR: 1.0000000000000002e-06, Total epochs: 60
Training on device: cuda:0
Initial training loss (before training): 2.3082
Initial validation accuracy (before training): 11.02%
--------------------------------------------------
Epoch 1/60: Train Loss: 2.2311, Val Accuracy: 26.16%, Learning Rate: 0.000020, Grad Norm: 0.5379
  -> New best model saved with accuracy: 26.16%
Epoch 2/60: Train Loss: 1.9058, Val Accuracy: 35.18%, Learning Rate: 0.000040, Grad Norm: 2.1133
  -> New best model saved with accuracy: 35.18%
Epoch 3/60: Train Loss: 1.7370, Val Accuracy: 38.74%, Learning Rate: 0.000060, Grad Norm: 3.1715
  -> New best model saved with accuracy: 38.74%
Epoch 4/60: Train Loss: 1.6463, Val Accuracy: 41.52%, Learning Rate: 0.000080, Grad Norm: 3.8601
  -> New best model saved with accuracy: 41.52%
Epoch 5/60: Train Loss: 1.5815, Val Accuracy: 44.86%, Learning Rate: 0.000100, Grad Norm: 4.2908
  -> New best model saved with accuracy: 44.86%
Epoch 6/60: Train Loss: 1.5249, Val Accuracy: 46.50%, Learning Rate: 0.000100, Grad Norm: 4.6653
  -> New best model saved with accuracy: 46.50%
Epoch 7/60: Train Loss: 1.4795, Val Accuracy: 47.62%, Learning Rate: 0.000099, Grad Norm: 4.9255
  -> New best model saved with accuracy: 47.62%
Epoch 8/60: Train Loss: 1.4499, Val Accuracy: 49.66%, Learning Rate: 0.000098, Grad Norm: 5.1709
  -> New best model saved with accuracy: 49.66%
Epoch 9/60: Train Loss: 1.4233, Val Accuracy: 49.86%, Learning Rate: 0.000096, Grad Norm: 5.1352
  -> New best model saved with accuracy: 49.86%
Epoch 10/60: Train Loss: 1.4000, Val Accuracy: 50.48%, Learning Rate: 0.000093, Grad Norm: 5.4002
  -> New best model saved with accuracy: 50.48%
Epoch 11/60: Train Loss: 1.3836, Val Accuracy: 51.82%, Learning Rate: 0.000091, Grad Norm: 5.4770
  -> New best model saved with accuracy: 51.82%
Epoch 12/60: Train Loss: 1.3661, Val Accuracy: 52.58%, Learning Rate: 0.000087, Grad Norm: 5.5471
  -> New best model saved with accuracy: 52.58%
Epoch 13/60: Train Loss: 1.3500, Val Accuracy: 51.36%, Learning Rate: 0.000084, Grad Norm: 5.7219
  -> No improvement for 1 epoch(s)
Epoch 14/60: Train Loss: 1.3344, Val Accuracy: 53.08%, Learning Rate: 0.000080, Grad Norm: 5.6922
  -> New best model saved with accuracy: 53.08%
Epoch 15/60: Train Loss: 1.3217, Val Accuracy: 52.56%, Learning Rate: 0.000075, Grad Norm: 5.7819
  -> No improvement for 1 epoch(s)
Epoch 16/60: Train Loss: 1.3057, Val Accuracy: 53.72%, Learning Rate: 0.000071, Grad Norm: 5.8072
  -> New best model saved with accuracy: 53.72%
Epoch 17/60: Train Loss: 1.2976, Val Accuracy: 53.76%, Learning Rate: 0.000066, Grad Norm: 6.0140
  -> New best model saved with accuracy: 53.76%
Epoch 18/60: Train Loss: 1.2865, Val Accuracy: 54.38%, Learning Rate: 0.000061, Grad Norm: 5.9838
  -> New best model saved with accuracy: 54.38%
Epoch 19/60: Train Loss: 1.2770, Val Accuracy: 54.78%, Learning Rate: 0.000056, Grad Norm: 6.0641
  -> New best model saved with accuracy: 54.78%
Epoch 20/60: Train Loss: 1.2683, Val Accuracy: 54.34%, Learning Rate: 0.000051, Grad Norm: 6.0688
  -> No improvement for 1 epoch(s)
Epoch 21/60: Train Loss: 1.2607, Val Accuracy: 55.44%, Learning Rate: 0.000045, Grad Norm: 6.1666
  -> New best model saved with accuracy: 55.44%
Epoch 22/60: Train Loss: 1.2511, Val Accuracy: 55.72%, Learning Rate: 0.000040, Grad Norm: 6.2365
  -> New best model saved with accuracy: 55.72%
Epoch 23/60: Train Loss: 1.2486, Val Accuracy: 55.44%, Learning Rate: 0.000035, Grad Norm: 6.3336
  -> No improvement for 1 epoch(s)
Epoch 24/60: Train Loss: 1.2428, Val Accuracy: 55.66%, Learning Rate: 0.000030, Grad Norm: 6.2931
  -> No improvement for 2 epoch(s)
Epoch 25/60: Train Loss: 1.2351, Val Accuracy: 55.84%, Learning Rate: 0.000026, Grad Norm: 6.4438
  -> New best model saved with accuracy: 55.84%
Epoch 26/60: Train Loss: 1.2310, Val Accuracy: 55.78%, Learning Rate: 0.000021, Grad Norm: 6.3168
  -> No improvement for 1 epoch(s)
Epoch 27/60: Train Loss: 1.2266, Val Accuracy: 55.56%, Learning Rate: 0.000017, Grad Norm: 6.3461
  -> No improvement for 2 epoch(s)
Epoch 28/60: Train Loss: 1.2246, Val Accuracy: 56.12%, Learning Rate: 0.000014, Grad Norm: 6.3812
  -> New best model saved with accuracy: 56.12%
Epoch 29/60: Train Loss: 1.2228, Val Accuracy: 56.26%, Learning Rate: 0.000010, Grad Norm: 6.4511
  -> New best model saved with accuracy: 56.26%
Epoch 30/60: Train Loss: 1.2209, Val Accuracy: 56.04%, Learning Rate: 0.000008, Grad Norm: 6.4330
  -> No improvement for 1 epoch(s)
Epoch 31/60: Train Loss: 1.2189, Val Accuracy: 56.18%, Learning Rate: 0.000005, Grad Norm: 6.4572
  -> No improvement for 2 epoch(s)
Epoch 32/60: Train Loss: 1.2165, Val Accuracy: 56.08%, Learning Rate: 0.000003, Grad Norm: 6.4531
  -> No improvement for 3 epoch(s)
Epoch 33/60: Train Loss: 1.2170, Val Accuracy: 56.14%, Learning Rate: 0.000002, Grad Norm: 6.3956
  -> No improvement for 4 epoch(s)
Epoch 34/60: Train Loss: 1.2155, Val Accuracy: 56.10%, Learning Rate: 0.000001, Grad Norm: 6.4126
  -> No improvement for 5 epoch(s)
  >> Cosine annealing restart #1: LR 0.000001 -> 0.000001
Epoch 35/60: Train Loss: 1.2164, Val Accuracy: 56.28%, Learning Rate: 0.000001, Grad Norm: 6.3753
  -> New best model saved with accuracy: 56.28%
