Using GPU: NVIDIA GeForce RTX 4090
Created CosineAnnealingWarmRestartsDecay (T_0=30, T_mult=1, cycle_decay=0.01)
  Warm-up: 5 epoch(s), Initial LR: 0.0001
  Min LR: 1.0000000000000002e-06, Total epochs: 60
Training on device: cuda:0
Initial training loss (before training): 2.3007
Initial validation accuracy (before training): 9.34%
--------------------------------------------------
Epoch 1/60: Train Loss: 2.1326, Val Accuracy: 30.02%, Learning Rate: 0.000020, Grad Norm: 2.0906
  -> New best model saved with accuracy: 30.02%
Epoch 2/60: Train Loss: 1.8830, Val Accuracy: 36.38%, Learning Rate: 0.000040, Grad Norm: 5.0094
  -> New best model saved with accuracy: 36.38%
Epoch 3/60: Train Loss: 1.7241, Val Accuracy: 41.26%, Learning Rate: 0.000060, Grad Norm: 6.8348
  -> New best model saved with accuracy: 41.26%
Epoch 4/60: Train Loss: 1.6009, Val Accuracy: 44.82%, Learning Rate: 0.000080, Grad Norm: 8.0709
  -> New best model saved with accuracy: 44.82%
Epoch 5/60: Train Loss: 1.5230, Val Accuracy: 47.76%, Learning Rate: 0.000100, Grad Norm: 8.5516
  -> New best model saved with accuracy: 47.76%
Epoch 6/60: Train Loss: 1.4687, Val Accuracy: 49.30%, Learning Rate: 0.000100, Grad Norm: 8.5678
  -> New best model saved with accuracy: 49.30%
Epoch 7/60: Train Loss: 1.4207, Val Accuracy: 49.96%, Learning Rate: 0.000099, Grad Norm: 8.7040
  -> New best model saved with accuracy: 49.96%
Epoch 8/60: Train Loss: 1.3796, Val Accuracy: 52.00%, Learning Rate: 0.000098, Grad Norm: 8.7266
  -> New best model saved with accuracy: 52.00%
Epoch 9/60: Train Loss: 1.3433, Val Accuracy: 53.48%, Learning Rate: 0.000096, Grad Norm: 8.9880
  -> New best model saved with accuracy: 53.48%
Epoch 10/60: Train Loss: 1.3107, Val Accuracy: 54.60%, Learning Rate: 0.000093, Grad Norm: 9.0926
  -> New best model saved with accuracy: 54.60%
Epoch 11/60: Train Loss: 1.2832, Val Accuracy: 54.84%, Learning Rate: 0.000091, Grad Norm: 9.2804
  -> New best model saved with accuracy: 54.84%
Epoch 12/60: Train Loss: 1.2567, Val Accuracy: 56.24%, Learning Rate: 0.000087, Grad Norm: 9.4338
  -> New best model saved with accuracy: 56.24%
Epoch 13/60: Train Loss: 1.2297, Val Accuracy: 57.26%, Learning Rate: 0.000084, Grad Norm: 9.6146
  -> New best model saved with accuracy: 57.26%
Epoch 14/60: Train Loss: 1.2090, Val Accuracy: 57.14%, Learning Rate: 0.000080, Grad Norm: 9.7931
  -> No improvement for 1 epoch(s)
Epoch 15/60: Train Loss: 1.1906, Val Accuracy: 59.20%, Learning Rate: 0.000075, Grad Norm: 9.9359
  -> New best model saved with accuracy: 59.20%
Epoch 16/60: Train Loss: 1.1714, Val Accuracy: 58.48%, Learning Rate: 0.000071, Grad Norm: 10.0869
  -> No improvement for 1 epoch(s)
Epoch 17/60: Train Loss: 1.1557, Val Accuracy: 58.02%, Learning Rate: 0.000066, Grad Norm: 10.2359
  -> No improvement for 2 epoch(s)
Epoch 18/60: Train Loss: 1.1421, Val Accuracy: 59.48%, Learning Rate: 0.000061, Grad Norm: 10.3961
  -> New best model saved with accuracy: 59.48%
Epoch 19/60: Train Loss: 1.1315, Val Accuracy: 59.40%, Learning Rate: 0.000056, Grad Norm: 10.5367
  -> No improvement for 1 epoch(s)
Epoch 20/60: Train Loss: 1.1193, Val Accuracy: 59.94%, Learning Rate: 0.000051, Grad Norm: 10.5575
  -> New best model saved with accuracy: 59.94%
Epoch 21/60: Train Loss: 1.1083, Val Accuracy: 59.96%, Learning Rate: 0.000045, Grad Norm: 10.7567
  -> New best model saved with accuracy: 59.96%
Epoch 22/60: Train Loss: 1.0960, Val Accuracy: 59.28%, Learning Rate: 0.000040, Grad Norm: 10.8407
  -> No improvement for 1 epoch(s)
Epoch 23/60: Train Loss: 1.0893, Val Accuracy: 60.54%, Learning Rate: 0.000035, Grad Norm: 11.0302
  -> New best model saved with accuracy: 60.54%
Epoch 24/60: Train Loss: 1.0827, Val Accuracy: 60.68%, Learning Rate: 0.000030, Grad Norm: 11.1087
  -> New best model saved with accuracy: 60.68%
Epoch 25/60: Train Loss: 1.0757, Val Accuracy: 60.72%, Learning Rate: 0.000026, Grad Norm: 11.1426
  -> New best model saved with accuracy: 60.72%
Epoch 26/60: Train Loss: 1.0677, Val Accuracy: 61.20%, Learning Rate: 0.000021, Grad Norm: 11.1453
  -> New best model saved with accuracy: 61.20%
Epoch 27/60: Train Loss: 1.0644, Val Accuracy: 61.08%, Learning Rate: 0.000017, Grad Norm: 11.3600
  -> No improvement for 1 epoch(s)
