Using GPU: NVIDIA GeForce RTX 4090
Created CosineAnnealingWarmRestartsDecay (T_0=48, T_mult=1, cycle_decay=0.05)
  Warm-up: 5 epoch(s), Initial LR: 0.001
  Min LR: 1e-05, Total epochs: 64
Training on device: cuda:0
Initial training loss (before training): 2.3121
Initial validation accuracy (before training): 9.62%
--------------------------------------------------
Epoch 1/64: Train Loss: 2.3042, Val Accuracy: 9.74%, Learning Rate: 0.000200, Grad Norm: 0.1668
  -> New best model saved with accuracy: 9.74%
Epoch 2/64: Train Loss: 2.3001, Val Accuracy: 15.56%, Learning Rate: 0.000400, Grad Norm: 0.1747
  -> New best model saved with accuracy: 15.56%
Epoch 3/64: Train Loss: 2.2630, Val Accuracy: 23.66%, Learning Rate: 0.000600, Grad Norm: 0.3511
  -> New best model saved with accuracy: 23.66%
Epoch 4/64: Train Loss: 1.9987, Val Accuracy: 29.94%, Learning Rate: 0.000800, Grad Norm: 1.7928
  -> New best model saved with accuracy: 29.94%
Epoch 5/64: Train Loss: 1.9005, Val Accuracy: 32.34%, Learning Rate: 0.001000, Grad Norm: 2.5549
  -> New best model saved with accuracy: 32.34%
Epoch 6/64: Train Loss: 1.8326, Val Accuracy: 35.56%, Learning Rate: 0.000999, Grad Norm: 2.8739
  -> New best model saved with accuracy: 35.56%
Epoch 7/64: Train Loss: 1.7702, Val Accuracy: 37.20%, Learning Rate: 0.000996, Grad Norm: 3.2575
  -> New best model saved with accuracy: 37.20%
Epoch 8/64: Train Loss: 1.7135, Val Accuracy: 38.38%, Learning Rate: 0.000990, Grad Norm: 3.6960
  -> New best model saved with accuracy: 38.38%
Epoch 9/64: Train Loss: 1.6718, Val Accuracy: 40.62%, Learning Rate: 0.000983, Grad Norm: 4.0780
  -> New best model saved with accuracy: 40.62%
Epoch 10/64: Train Loss: 1.6380, Val Accuracy: 41.86%, Learning Rate: 0.000974, Grad Norm: 4.3525
  -> New best model saved with accuracy: 41.86%
Epoch 11/64: Train Loss: 1.6084, Val Accuracy: 43.18%, Learning Rate: 0.000962, Grad Norm: 4.5413
  -> New best model saved with accuracy: 43.18%
Epoch 12/64: Train Loss: 1.5853, Val Accuracy: 43.00%, Learning Rate: 0.000949, Grad Norm: 4.7918
  -> No improvement for 1 epoch(s)
Epoch 13/64: Train Loss: 1.5648, Val Accuracy: 44.96%, Learning Rate: 0.000934, Grad Norm: 4.8738
  -> New best model saved with accuracy: 44.96%
Epoch 14/64: Train Loss: 1.5458, Val Accuracy: 45.28%, Learning Rate: 0.000917, Grad Norm: 5.1105
  -> New best model saved with accuracy: 45.28%
Epoch 15/64: Train Loss: 1.5311, Val Accuracy: 45.80%, Learning Rate: 0.000898, Grad Norm: 5.1406
  -> New best model saved with accuracy: 45.80%
Epoch 16/64: Train Loss: 1.5156, Val Accuracy: 46.54%, Learning Rate: 0.000877, Grad Norm: 5.2208
  -> New best model saved with accuracy: 46.54%
Epoch 17/64: Train Loss: 1.5046, Val Accuracy: 46.98%, Learning Rate: 0.000855, Grad Norm: 5.4020
  -> New best model saved with accuracy: 46.98%
Epoch 18/64: Train Loss: 1.4896, Val Accuracy: 46.88%, Learning Rate: 0.000831, Grad Norm: 5.3455
  -> No improvement for 1 epoch(s)
Epoch 19/64: Train Loss: 1.4761, Val Accuracy: 48.40%, Learning Rate: 0.000806, Grad Norm: 5.4062
  -> New best model saved with accuracy: 48.40%
Epoch 20/64: Train Loss: 1.4627, Val Accuracy: 47.80%, Learning Rate: 0.000780, Grad Norm: 5.5233
  -> No improvement for 1 epoch(s)
Epoch 21/64: Train Loss: 1.4547, Val Accuracy: 48.50%, Learning Rate: 0.000753, Grad Norm: 5.6281
  -> New best model saved with accuracy: 48.50%
Epoch 22/64: Train Loss: 1.4430, Val Accuracy: 49.20%, Learning Rate: 0.000724, Grad Norm: 5.6510
  -> New best model saved with accuracy: 49.20%
Epoch 23/64: Train Loss: 1.4326, Val Accuracy: 48.36%, Learning Rate: 0.000694, Grad Norm: 5.6997
  -> No improvement for 1 epoch(s)
Epoch 24/64: Train Loss: 1.4238, Val Accuracy: 49.82%, Learning Rate: 0.000664, Grad Norm: 5.8851
  -> New best model saved with accuracy: 49.82%
Epoch 25/64: Train Loss: 1.4113, Val Accuracy: 49.58%, Learning Rate: 0.000633, Grad Norm: 5.9274
  -> No improvement for 1 epoch(s)
Epoch 26/64: Train Loss: 1.4024, Val Accuracy: 50.34%, Learning Rate: 0.000602, Grad Norm: 5.8945
  -> New best model saved with accuracy: 50.34%
Epoch 27/64: Train Loss: 1.3968, Val Accuracy: 50.52%, Learning Rate: 0.000570, Grad Norm: 5.9737
  -> New best model saved with accuracy: 50.52%
Epoch 28/64: Train Loss: 1.3869, Val Accuracy: 51.14%, Learning Rate: 0.000537, Grad Norm: 6.1161
  -> New best model saved with accuracy: 51.14%
Epoch 29/64: Train Loss: 1.3818, Val Accuracy: 51.26%, Learning Rate: 0.000505, Grad Norm: 6.0879
  -> New best model saved with accuracy: 51.26%
Epoch 30/64: Train Loss: 1.3721, Val Accuracy: 51.38%, Learning Rate: 0.000473, Grad Norm: 6.1803
  -> New best model saved with accuracy: 51.38%
Epoch 31/64: Train Loss: 1.3659, Val Accuracy: 51.54%, Learning Rate: 0.000440, Grad Norm: 6.2055
  -> New best model saved with accuracy: 51.54%
Epoch 32/64: Train Loss: 1.3641, Val Accuracy: 51.24%, Learning Rate: 0.000408, Grad Norm: 6.3326
  -> No improvement for 1 epoch(s)
Epoch 33/64: Train Loss: 1.3551, Val Accuracy: 51.62%, Learning Rate: 0.000377, Grad Norm: 6.1830
  -> New best model saved with accuracy: 51.62%
Epoch 34/64: Train Loss: 1.3520, Val Accuracy: 52.12%, Learning Rate: 0.000346, Grad Norm: 6.1719
  -> New best model saved with accuracy: 52.12%
Epoch 35/64: Train Loss: 1.3472, Val Accuracy: 52.26%, Learning Rate: 0.000316, Grad Norm: 6.3195
  -> New best model saved with accuracy: 52.26%
Epoch 36/64: Train Loss: 1.3431, Val Accuracy: 52.42%, Learning Rate: 0.000286, Grad Norm: 6.2923
  -> New best model saved with accuracy: 52.42%
Epoch 37/64: Train Loss: 1.3414, Val Accuracy: 52.78%, Learning Rate: 0.000258, Grad Norm: 6.3231
  -> New best model saved with accuracy: 52.78%
Epoch 38/64: Train Loss: 1.3373, Val Accuracy: 53.04%, Learning Rate: 0.000230, Grad Norm: 6.4223
  -> New best model saved with accuracy: 53.04%
Epoch 39/64: Train Loss: 1.3337, Val Accuracy: 52.68%, Learning Rate: 0.000204, Grad Norm: 6.3772
  -> No improvement for 1 epoch(s)
Epoch 40/64: Train Loss: 1.3343, Val Accuracy: 52.92%, Learning Rate: 0.000179, Grad Norm: 6.4563
  -> No improvement for 2 epoch(s)
Epoch 41/64: Train Loss: 1.3304, Val Accuracy: 53.22%, Learning Rate: 0.000155, Grad Norm: 6.4441
  -> New best model saved with accuracy: 53.22%
Epoch 42/64: Train Loss: 1.3279, Val Accuracy: 52.98%, Learning Rate: 0.000133, Grad Norm: 6.3720
  -> No improvement for 1 epoch(s)
Epoch 43/64: Train Loss: 1.3248, Val Accuracy: 52.90%, Learning Rate: 0.000112, Grad Norm: 6.3694
  -> No improvement for 2 epoch(s)
Epoch 44/64: Train Loss: 1.3241, Val Accuracy: 53.04%, Learning Rate: 0.000093, Grad Norm: 6.4274
  -> No improvement for 3 epoch(s)
Epoch 45/64: Train Loss: 1.3242, Val Accuracy: 53.40%, Learning Rate: 0.000076, Grad Norm: 6.4458
  -> New best model saved with accuracy: 53.40%
Epoch 46/64: Train Loss: 1.3225, Val Accuracy: 52.82%, Learning Rate: 0.000061, Grad Norm: 6.5350
  -> No improvement for 1 epoch(s)
Epoch 47/64: Train Loss: 1.3214, Val Accuracy: 53.06%, Learning Rate: 0.000048, Grad Norm: 6.5402
  -> No improvement for 2 epoch(s)
Epoch 48/64: Train Loss: 1.3230, Val Accuracy: 53.24%, Learning Rate: 0.000036, Grad Norm: 6.4299
  -> No improvement for 3 epoch(s)
Epoch 49/64: Train Loss: 1.3206, Val Accuracy: 53.10%, Learning Rate: 0.000027, Grad Norm: 6.5631
  -> No improvement for 4 epoch(s)
Epoch 50/64: Train Loss: 1.3205, Val Accuracy: 53.08%, Learning Rate: 0.000020, Grad Norm: 6.5560
  -> No improvement for 5 epoch(s)
Epoch 51/64: Train Loss: 1.3205, Val Accuracy: 53.22%, Learning Rate: 0.000014, Grad Norm: 6.4918
  -> No improvement for 6 epoch(s)
Epoch 52/64: Train Loss: 1.3198, Val Accuracy: 53.16%, Learning Rate: 0.000011, Grad Norm: 6.4516
  -> No improvement for 7 epoch(s)
  >> Cosine annealing restart #1: LR 0.000011 -> 0.000050
Epoch 53/64: Train Loss: 1.3211, Val Accuracy: 53.10%, Learning Rate: 0.000050, Grad Norm: 6.4326
  -> No improvement for 8 epoch(s)
Epoch 54/64: Train Loss: 1.3200, Val Accuracy: 53.12%, Learning Rate: 0.000050, Grad Norm: 6.5315
  -> No improvement for 9 epoch(s)
Epoch 55/64: Train Loss: 1.3182, Val Accuracy: 53.00%, Learning Rate: 0.000050, Grad Norm: 6.5352
  -> No improvement for 10 epoch(s)
Early stopping triggered at epoch 55
Finished Training
Best validation accuracy: 53.40% at epoch 45 with train loss: 1.3242
