Using GPU: NVIDIA GeForce RTX 4090
Created CosineAnnealingWarmRestartsDecay (T_0=48, T_mult=1, cycle_decay=0.05)
  Warm-up: 5 epoch(s), Initial LR: 0.005
  Min LR: 5e-05, Total epochs: 64
Training on device: cuda:0
Initial training loss (before training): 2.2893
Initial validation accuracy (before training): 10.06%
--------------------------------------------------
Epoch 1/64: Train Loss: 2.0043, Val Accuracy: 36.96%, Learning Rate: 0.001000, Grad Norm: 5.6987
  -> New best model saved with accuracy: 36.96%
Epoch 2/64: Train Loss: 1.7698, Val Accuracy: 42.68%, Learning Rate: 0.002000, Grad Norm: 8.3106
  -> New best model saved with accuracy: 42.68%
Epoch 3/64: Train Loss: 1.6662, Val Accuracy: 49.56%, Learning Rate: 0.003000, Grad Norm: 8.1289
  -> New best model saved with accuracy: 49.56%
Epoch 4/64: Train Loss: 1.5887, Val Accuracy: 53.00%, Learning Rate: 0.004000, Grad Norm: 8.3883
  -> New best model saved with accuracy: 53.00%
Epoch 5/64: Train Loss: 1.5409, Val Accuracy: 55.26%, Learning Rate: 0.005000, Grad Norm: 8.3096
  -> New best model saved with accuracy: 55.26%
Epoch 6/64: Train Loss: 1.4961, Val Accuracy: 58.06%, Learning Rate: 0.004995, Grad Norm: 8.5504
  -> New best model saved with accuracy: 58.06%
Epoch 7/64: Train Loss: 1.4690, Val Accuracy: 58.20%, Learning Rate: 0.004979, Grad Norm: 8.7091
  -> New best model saved with accuracy: 58.20%
Epoch 8/64: Train Loss: 1.4495, Val Accuracy: 59.06%, Learning Rate: 0.004952, Grad Norm: 8.8870
  -> New best model saved with accuracy: 59.06%
Epoch 9/64: Train Loss: 1.4335, Val Accuracy: 58.66%, Learning Rate: 0.004916, Grad Norm: 9.0199
  -> No improvement for 1 epoch(s)
Epoch 10/64: Train Loss: 1.4205, Val Accuracy: 59.56%, Learning Rate: 0.004869, Grad Norm: 9.1681
  -> New best model saved with accuracy: 59.56%
Epoch 11/64: Train Loss: 1.4166, Val Accuracy: 60.70%, Learning Rate: 0.004812, Grad Norm: 9.2420
  -> New best model saved with accuracy: 60.70%
Epoch 12/64: Train Loss: 1.4045, Val Accuracy: 59.98%, Learning Rate: 0.004745, Grad Norm: 9.3810
  -> No improvement for 1 epoch(s)
Epoch 13/64: Train Loss: 1.3953, Val Accuracy: 61.44%, Learning Rate: 0.004668, Grad Norm: 9.4446
  -> New best model saved with accuracy: 61.44%
Epoch 14/64: Train Loss: 1.3862, Val Accuracy: 60.00%, Learning Rate: 0.004583, Grad Norm: 9.5389
  -> No improvement for 1 epoch(s)
Epoch 15/64: Train Loss: 1.3776, Val Accuracy: 60.98%, Learning Rate: 0.004489, Grad Norm: 9.6493
  -> No improvement for 2 epoch(s)
Epoch 16/64: Train Loss: 1.3723, Val Accuracy: 61.38%, Learning Rate: 0.004386, Grad Norm: 9.7792
  -> No improvement for 3 epoch(s)
Epoch 17/64: Train Loss: 1.3654, Val Accuracy: 60.84%, Learning Rate: 0.004275, Grad Norm: 9.8787
  -> No improvement for 4 epoch(s)
Epoch 18/64: Train Loss: 1.3600, Val Accuracy: 62.50%, Learning Rate: 0.004157, Grad Norm: 9.9271
  -> New best model saved with accuracy: 62.50%
Epoch 19/64: Train Loss: 1.3498, Val Accuracy: 62.00%, Learning Rate: 0.004032, Grad Norm: 10.0530
  -> No improvement for 1 epoch(s)
Epoch 20/64: Train Loss: 1.3418, Val Accuracy: 61.60%, Learning Rate: 0.003900, Grad Norm: 10.1431
  -> No improvement for 2 epoch(s)
Epoch 21/64: Train Loss: 1.3367, Val Accuracy: 62.84%, Learning Rate: 0.003763, Grad Norm: 10.2961
  -> New best model saved with accuracy: 62.84%
Epoch 22/64: Train Loss: 1.3276, Val Accuracy: 60.58%, Learning Rate: 0.003620, Grad Norm: 10.4188
  -> No improvement for 1 epoch(s)
Epoch 23/64: Train Loss: 1.3220, Val Accuracy: 65.02%, Learning Rate: 0.003472, Grad Norm: 10.4786
  -> New best model saved with accuracy: 65.02%
Epoch 24/64: Train Loss: 1.3142, Val Accuracy: 63.14%, Learning Rate: 0.003321, Grad Norm: 10.5646
  -> No improvement for 1 epoch(s)
Epoch 25/64: Train Loss: 1.3088, Val Accuracy: 62.22%, Learning Rate: 0.003166, Grad Norm: 10.6826
  -> No improvement for 2 epoch(s)
Epoch 26/64: Train Loss: 1.3025, Val Accuracy: 64.50%, Learning Rate: 0.003008, Grad Norm: 10.7738
  -> No improvement for 3 epoch(s)
Epoch 27/64: Train Loss: 1.2988, Val Accuracy: 63.94%, Learning Rate: 0.002848, Grad Norm: 10.9458
  -> No improvement for 4 epoch(s)
Epoch 28/64: Train Loss: 1.2903, Val Accuracy: 63.50%, Learning Rate: 0.002687, Grad Norm: 11.0667
  -> No improvement for 5 epoch(s)
Epoch 29/64: Train Loss: 1.2854, Val Accuracy: 64.00%, Learning Rate: 0.002525, Grad Norm: 11.1713
  -> No improvement for 6 epoch(s)
Epoch 30/64: Train Loss: 1.2790, Val Accuracy: 66.26%, Learning Rate: 0.002363, Grad Norm: 11.3183
  -> New best model saved with accuracy: 66.26%
Epoch 31/64: Train Loss: 1.2695, Val Accuracy: 65.82%, Learning Rate: 0.002202, Grad Norm: 11.4494
  -> No improvement for 1 epoch(s)
Epoch 32/64: Train Loss: 1.2672, Val Accuracy: 65.26%, Learning Rate: 0.002042, Grad Norm: 11.6777
  -> No improvement for 2 epoch(s)
Epoch 33/64: Train Loss: 1.2621, Val Accuracy: 65.66%, Learning Rate: 0.001884, Grad Norm: 11.8041
  -> No improvement for 3 epoch(s)
Epoch 34/64: Train Loss: 1.2564, Val Accuracy: 66.84%, Learning Rate: 0.001729, Grad Norm: 11.9548
  -> New best model saved with accuracy: 66.84%
Epoch 35/64: Train Loss: 1.2500, Val Accuracy: 66.70%, Learning Rate: 0.001578, Grad Norm: 12.0628
  -> No improvement for 1 epoch(s)
Epoch 36/64: Train Loss: 1.2466, Val Accuracy: 67.06%, Learning Rate: 0.001430, Grad Norm: 12.3425
  -> New best model saved with accuracy: 67.06%
Epoch 37/64: Train Loss: 1.2418, Val Accuracy: 65.86%, Learning Rate: 0.001288, Grad Norm: 12.4692
  -> No improvement for 1 epoch(s)
Epoch 38/64: Train Loss: 1.2357, Val Accuracy: 66.48%, Learning Rate: 0.001150, Grad Norm: 12.6038
  -> No improvement for 2 epoch(s)
Epoch 39/64: Train Loss: 1.2320, Val Accuracy: 67.02%, Learning Rate: 0.001018, Grad Norm: 12.8313
  -> No improvement for 3 epoch(s)
Epoch 40/64: Train Loss: 1.2246, Val Accuracy: 66.70%, Learning Rate: 0.000893, Grad Norm: 13.0329
  -> No improvement for 4 epoch(s)
Epoch 41/64: Train Loss: 1.2207, Val Accuracy: 67.30%, Learning Rate: 0.000775, Grad Norm: 13.1620
  -> New best model saved with accuracy: 67.30%
Epoch 42/64: Train Loss: 1.2153, Val Accuracy: 66.90%, Learning Rate: 0.000664, Grad Norm: 13.4373
  -> No improvement for 1 epoch(s)
Epoch 43/64: Train Loss: 1.2135, Val Accuracy: 67.64%, Learning Rate: 0.000561, Grad Norm: 13.5872
  -> New best model saved with accuracy: 67.64%
Epoch 44/64: Train Loss: 1.2095, Val Accuracy: 67.30%, Learning Rate: 0.000467, Grad Norm: 13.7331
  -> No improvement for 1 epoch(s)
Epoch 45/64: Train Loss: 1.2053, Val Accuracy: 67.06%, Learning Rate: 0.000382, Grad Norm: 13.9202
  -> No improvement for 2 epoch(s)
Epoch 46/64: Train Loss: 1.2014, Val Accuracy: 67.84%, Learning Rate: 0.000305, Grad Norm: 14.0496
  -> New best model saved with accuracy: 67.84%
Epoch 47/64: Train Loss: 1.1995, Val Accuracy: 67.94%, Learning Rate: 0.000238, Grad Norm: 14.1576
  -> New best model saved with accuracy: 67.94%
Epoch 48/64: Train Loss: 1.1959, Val Accuracy: 68.22%, Learning Rate: 0.000181, Grad Norm: 14.2635
  -> New best model saved with accuracy: 68.22%
Epoch 49/64: Train Loss: 1.1951, Val Accuracy: 67.82%, Learning Rate: 0.000134, Grad Norm: 14.3717
  -> No improvement for 1 epoch(s)
Epoch 50/64: Train Loss: 1.1922, Val Accuracy: 67.96%, Learning Rate: 0.000098, Grad Norm: 14.4470
  -> No improvement for 2 epoch(s)
Epoch 51/64: Train Loss: 1.1906, Val Accuracy: 68.00%, Learning Rate: 0.000071, Grad Norm: 14.5325
  -> No improvement for 3 epoch(s)
Epoch 52/64: Train Loss: 1.1918, Val Accuracy: 68.18%, Learning Rate: 0.000055, Grad Norm: 14.5394
  -> No improvement for 4 epoch(s)
  >> Cosine annealing restart #1: LR 0.000055 -> 0.000250
Epoch 53/64: Train Loss: 1.1980, Val Accuracy: 68.14%, Learning Rate: 0.000250, Grad Norm: 14.6566
  -> No improvement for 5 epoch(s)
Epoch 54/64: Train Loss: 1.1984, Val Accuracy: 67.70%, Learning Rate: 0.000250, Grad Norm: 14.7108
  -> No improvement for 6 epoch(s)
Epoch 55/64: Train Loss: 1.2009, Val Accuracy: 67.66%, Learning Rate: 0.000249, Grad Norm: 14.7523
  -> No improvement for 7 epoch(s)
Epoch 56/64: Train Loss: 1.2003, Val Accuracy: 67.82%, Learning Rate: 0.000248, Grad Norm: 14.8163
  -> No improvement for 8 epoch(s)
Epoch 57/64: Train Loss: 1.1998, Val Accuracy: 68.04%, Learning Rate: 0.000247, Grad Norm: 14.8823
  -> No improvement for 9 epoch(s)
Epoch 58/64: Train Loss: 1.1987, Val Accuracy: 67.80%, Learning Rate: 0.000245, Grad Norm: 14.8899
  -> No improvement for 10 epoch(s)
Early stopping triggered at epoch 58
Finished Training
Best validation accuracy: 68.22% at epoch 48 with train loss: 1.1959
