Using GPU: NVIDIA GeForce RTX 4090
Created CosineAnnealingWarmRestartsDecay (T_0=48, T_mult=1, cycle_decay=0.05)
  Warm-up: 5 epoch(s), Initial LR: 0.01
  Min LR: 0.0001, Total epochs: 64
Training on device: cuda:0
Initial training loss (before training): 2.3164
Initial validation accuracy (before training): 9.98%
--------------------------------------------------
Epoch 1/64: Train Loss: 2.1954, Val Accuracy: 29.34%, Learning Rate: 0.002000, Grad Norm: 0.6932
  -> New best model saved with accuracy: 29.34%
Epoch 2/64: Train Loss: 1.8848, Val Accuracy: 40.86%, Learning Rate: 0.004000, Grad Norm: 2.2347
  -> New best model saved with accuracy: 40.86%
Epoch 3/64: Train Loss: 1.7222, Val Accuracy: 46.02%, Learning Rate: 0.006000, Grad Norm: 3.0172
  -> New best model saved with accuracy: 46.02%
Epoch 4/64: Train Loss: 1.6347, Val Accuracy: 49.34%, Learning Rate: 0.008000, Grad Norm: 3.1019
  -> New best model saved with accuracy: 49.34%
Epoch 5/64: Train Loss: 1.5667, Val Accuracy: 51.80%, Learning Rate: 0.010000, Grad Norm: 3.1137
  -> New best model saved with accuracy: 51.80%
Epoch 6/64: Train Loss: 1.4964, Val Accuracy: 53.18%, Learning Rate: 0.009989, Grad Norm: 3.1337
  -> New best model saved with accuracy: 53.18%
Epoch 7/64: Train Loss: 1.4445, Val Accuracy: 57.16%, Learning Rate: 0.009958, Grad Norm: 3.2352
  -> New best model saved with accuracy: 57.16%
Epoch 8/64: Train Loss: 1.4071, Val Accuracy: 58.92%, Learning Rate: 0.009905, Grad Norm: 3.3069
  -> New best model saved with accuracy: 58.92%
Epoch 9/64: Train Loss: 1.3733, Val Accuracy: 59.68%, Learning Rate: 0.009831, Grad Norm: 3.3790
  -> New best model saved with accuracy: 59.68%
Epoch 10/64: Train Loss: 1.3428, Val Accuracy: 60.78%, Learning Rate: 0.009737, Grad Norm: 3.3939
  -> New best model saved with accuracy: 60.78%
Epoch 11/64: Train Loss: 1.3193, Val Accuracy: 62.46%, Learning Rate: 0.009623, Grad Norm: 3.4264
  -> New best model saved with accuracy: 62.46%
Epoch 12/64: Train Loss: 1.2934, Val Accuracy: 63.60%, Learning Rate: 0.009490, Grad Norm: 3.4755
  -> New best model saved with accuracy: 63.60%
Epoch 13/64: Train Loss: 1.2727, Val Accuracy: 63.30%, Learning Rate: 0.009337, Grad Norm: 3.5056
  -> No improvement for 1 epoch(s)
Epoch 14/64: Train Loss: 1.2520, Val Accuracy: 63.12%, Learning Rate: 0.009166, Grad Norm: 3.5113
  -> No improvement for 2 epoch(s)
Epoch 15/64: Train Loss: 1.2344, Val Accuracy: 64.42%, Learning Rate: 0.008977, Grad Norm: 3.5642
  -> New best model saved with accuracy: 64.42%
Epoch 16/64: Train Loss: 1.2195, Val Accuracy: 65.58%, Learning Rate: 0.008772, Grad Norm: 3.6128
  -> New best model saved with accuracy: 65.58%
Epoch 17/64: Train Loss: 1.2038, Val Accuracy: 65.14%, Learning Rate: 0.008550, Grad Norm: 3.6400
  -> No improvement for 1 epoch(s)
Epoch 18/64: Train Loss: 1.1904, Val Accuracy: 64.78%, Learning Rate: 0.008314, Grad Norm: 3.6536
  -> No improvement for 2 epoch(s)
Epoch 19/64: Train Loss: 1.1790, Val Accuracy: 65.64%, Learning Rate: 0.008063, Grad Norm: 3.6855
  -> New best model saved with accuracy: 65.64%
Epoch 20/64: Train Loss: 1.1637, Val Accuracy: 66.30%, Learning Rate: 0.007800, Grad Norm: 3.6884
  -> New best model saved with accuracy: 66.30%
Epoch 21/64: Train Loss: 1.1532, Val Accuracy: 65.36%, Learning Rate: 0.007525, Grad Norm: 3.7391
  -> No improvement for 1 epoch(s)
Epoch 22/64: Train Loss: 1.1413, Val Accuracy: 65.46%, Learning Rate: 0.007239, Grad Norm: 3.7900
  -> No improvement for 2 epoch(s)
Epoch 23/64: Train Loss: 1.1313, Val Accuracy: 67.08%, Learning Rate: 0.006944, Grad Norm: 3.7839
  -> New best model saved with accuracy: 67.08%
Epoch 24/64: Train Loss: 1.1204, Val Accuracy: 66.92%, Learning Rate: 0.006641, Grad Norm: 3.8165
  -> No improvement for 1 epoch(s)
Epoch 25/64: Train Loss: 1.1096, Val Accuracy: 66.36%, Learning Rate: 0.006331, Grad Norm: 3.8192
  -> No improvement for 2 epoch(s)
Epoch 26/64: Train Loss: 1.1004, Val Accuracy: 66.74%, Learning Rate: 0.006016, Grad Norm: 3.8630
  -> No improvement for 3 epoch(s)
Epoch 27/64: Train Loss: 1.0938, Val Accuracy: 66.94%, Learning Rate: 0.005696, Grad Norm: 3.8930
  -> No improvement for 4 epoch(s)
Epoch 28/64: Train Loss: 1.0829, Val Accuracy: 67.72%, Learning Rate: 0.005374, Grad Norm: 3.8896
  -> New best model saved with accuracy: 67.72%
Epoch 29/64: Train Loss: 1.0751, Val Accuracy: 67.16%, Learning Rate: 0.005050, Grad Norm: 3.9378
  -> No improvement for 1 epoch(s)
Epoch 30/64: Train Loss: 1.0696, Val Accuracy: 67.06%, Learning Rate: 0.004726, Grad Norm: 4.0001
  -> No improvement for 2 epoch(s)
Epoch 31/64: Train Loss: 1.0598, Val Accuracy: 67.60%, Learning Rate: 0.004404, Grad Norm: 4.0026
  -> No improvement for 3 epoch(s)
Epoch 32/64: Train Loss: 1.0535, Val Accuracy: 68.10%, Learning Rate: 0.004084, Grad Norm: 4.0158
  -> New best model saved with accuracy: 68.10%
Epoch 33/64: Train Loss: 1.0443, Val Accuracy: 67.68%, Learning Rate: 0.003769, Grad Norm: 4.0328
  -> No improvement for 1 epoch(s)
Epoch 34/64: Train Loss: 1.0384, Val Accuracy: 67.68%, Learning Rate: 0.003459, Grad Norm: 3.9996
  -> No improvement for 2 epoch(s)
Epoch 35/64: Train Loss: 1.0339, Val Accuracy: 68.00%, Learning Rate: 0.003156, Grad Norm: 4.0674
  -> No improvement for 3 epoch(s)
Epoch 36/64: Train Loss: 1.0279, Val Accuracy: 67.90%, Learning Rate: 0.002861, Grad Norm: 4.0840
  -> No improvement for 4 epoch(s)
Epoch 37/64: Train Loss: 1.0229, Val Accuracy: 67.80%, Learning Rate: 0.002575, Grad Norm: 4.0950
  -> No improvement for 5 epoch(s)
Epoch 38/64: Train Loss: 1.0180, Val Accuracy: 67.74%, Learning Rate: 0.002300, Grad Norm: 4.1101
  -> No improvement for 6 epoch(s)
Epoch 39/64: Train Loss: 1.0118, Val Accuracy: 68.12%, Learning Rate: 0.002037, Grad Norm: 4.0970
  -> New best model saved with accuracy: 68.12%
Epoch 40/64: Train Loss: 1.0065, Val Accuracy: 67.96%, Learning Rate: 0.001786, Grad Norm: 4.1517
  -> No improvement for 1 epoch(s)
Epoch 41/64: Train Loss: 1.0028, Val Accuracy: 67.94%, Learning Rate: 0.001550, Grad Norm: 4.1256
  -> No improvement for 2 epoch(s)
Epoch 42/64: Train Loss: 0.9997, Val Accuracy: 68.26%, Learning Rate: 0.001328, Grad Norm: 4.1520
  -> New best model saved with accuracy: 68.26%
Epoch 43/64: Train Loss: 0.9954, Val Accuracy: 68.24%, Learning Rate: 0.001123, Grad Norm: 4.1449
  -> No improvement for 1 epoch(s)
Epoch 44/64: Train Loss: 0.9955, Val Accuracy: 67.96%, Learning Rate: 0.000934, Grad Norm: 4.1361
  -> No improvement for 2 epoch(s)
Epoch 45/64: Train Loss: 0.9921, Val Accuracy: 68.36%, Learning Rate: 0.000763, Grad Norm: 4.1351
  -> New best model saved with accuracy: 68.36%
Epoch 46/64: Train Loss: 0.9884, Val Accuracy: 68.32%, Learning Rate: 0.000610, Grad Norm: 4.1539
  -> No improvement for 1 epoch(s)
Epoch 47/64: Train Loss: 0.9840, Val Accuracy: 68.58%, Learning Rate: 0.000477, Grad Norm: 4.1049
  -> New best model saved with accuracy: 68.58%
Epoch 48/64: Train Loss: 0.9822, Val Accuracy: 68.54%, Learning Rate: 0.000363, Grad Norm: 4.1327
  -> No improvement for 1 epoch(s)
Epoch 49/64: Train Loss: 0.9806, Val Accuracy: 68.54%, Learning Rate: 0.000269, Grad Norm: 4.1026
  -> No improvement for 2 epoch(s)
Epoch 50/64: Train Loss: 0.9807, Val Accuracy: 68.40%, Learning Rate: 0.000195, Grad Norm: 4.1042
  -> No improvement for 3 epoch(s)
Epoch 51/64: Train Loss: 0.9779, Val Accuracy: 68.38%, Learning Rate: 0.000142, Grad Norm: 4.0850
  -> No improvement for 4 epoch(s)
Epoch 52/64: Train Loss: 0.9759, Val Accuracy: 68.22%, Learning Rate: 0.000111, Grad Norm: 4.0919
  -> No improvement for 5 epoch(s)
  >> Cosine annealing restart #1: LR 0.000111 -> 0.000500
Epoch 53/64: Train Loss: 0.9806, Val Accuracy: 68.44%, Learning Rate: 0.000500, Grad Norm: 4.1498
  -> No improvement for 6 epoch(s)
Epoch 54/64: Train Loss: 0.9833, Val Accuracy: 68.40%, Learning Rate: 0.000500, Grad Norm: 4.1675
  -> No improvement for 7 epoch(s)
Epoch 55/64: Train Loss: 0.9814, Val Accuracy: 68.44%, Learning Rate: 0.000498, Grad Norm: 4.1801
  -> No improvement for 8 epoch(s)
Epoch 56/64: Train Loss: 0.9815, Val Accuracy: 68.50%, Learning Rate: 0.000496, Grad Norm: 4.1677
  -> No improvement for 9 epoch(s)
Epoch 57/64: Train Loss: 0.9775, Val Accuracy: 68.68%, Learning Rate: 0.000493, Grad Norm: 4.1845
  -> New best model saved with accuracy: 68.68%
Epoch 58/64: Train Loss: 0.9768, Val Accuracy: 68.56%, Learning Rate: 0.000489, Grad Norm: 4.1577
  -> No improvement for 1 epoch(s)
Epoch 59/64: Train Loss: 0.9787, Val Accuracy: 68.36%, Learning Rate: 0.000485, Grad Norm: 4.1989
  -> No improvement for 2 epoch(s)
Epoch 60/64: Train Loss: 0.9771, Val Accuracy: 68.26%, Learning Rate: 0.000479, Grad Norm: 4.1897
  -> No improvement for 3 epoch(s)
Epoch 61/64: Train Loss: 0.9766, Val Accuracy: 68.66%, Learning Rate: 0.000473, Grad Norm: 4.1915
  -> No improvement for 4 epoch(s)
Epoch 62/64: Train Loss: 0.9785, Val Accuracy: 68.62%, Learning Rate: 0.000466, Grad Norm: 4.2277
  -> No improvement for 5 epoch(s)
Epoch 63/64: Train Loss: 0.9774, Val Accuracy: 68.28%, Learning Rate: 0.000459, Grad Norm: 4.2374
  -> No improvement for 6 epoch(s)
Epoch 64/64: Train Loss: 0.9787, Val Accuracy: 68.36%, Learning Rate: 0.000450, Grad Norm: 4.2461
  -> No improvement for 7 epoch(s)
Finished Training
Best validation accuracy: 68.68% at epoch 57 with train loss: 0.9775
