Using GPU: NVIDIA GeForce RTX 4090
Created CosineAnnealingWarmRestartsDecay (T_0=30, T_mult=1, cycle_decay=0.01)
  Warm-up: 5 epoch(s), Initial LR: 0.0001
  Min LR: 1.0000000000000002e-06, Total epochs: 60
Training on device: cuda:0
Initial training loss (before training): 2.3101
Initial validation accuracy (before training): 9.54%
--------------------------------------------------
Epoch 1/60: Train Loss: 2.2164, Val Accuracy: 26.44%, Learning Rate: 0.000020, Grad Norm: 0.6187
  -> New best model saved with accuracy: 26.44%
Epoch 2/60: Train Loss: 1.9603, Val Accuracy: 31.62%, Learning Rate: 0.000040, Grad Norm: 2.1874
  -> New best model saved with accuracy: 31.62%
Epoch 3/60: Train Loss: 1.8424, Val Accuracy: 35.88%, Learning Rate: 0.000060, Grad Norm: 3.0099
  -> New best model saved with accuracy: 35.88%
Epoch 4/60: Train Loss: 1.7354, Val Accuracy: 39.20%, Learning Rate: 0.000080, Grad Norm: 3.7818
  -> New best model saved with accuracy: 39.20%
Epoch 5/60: Train Loss: 1.6550, Val Accuracy: 41.92%, Learning Rate: 0.000100, Grad Norm: 4.4971
  -> New best model saved with accuracy: 41.92%
Epoch 6/60: Train Loss: 1.6010, Val Accuracy: 42.74%, Learning Rate: 0.000100, Grad Norm: 4.8592
  -> New best model saved with accuracy: 42.74%
Epoch 7/60: Train Loss: 1.5632, Val Accuracy: 44.20%, Learning Rate: 0.000099, Grad Norm: 5.0385
  -> New best model saved with accuracy: 44.20%
Epoch 8/60: Train Loss: 1.5269, Val Accuracy: 44.98%, Learning Rate: 0.000098, Grad Norm: 5.1749
  -> New best model saved with accuracy: 44.98%
Epoch 9/60: Train Loss: 1.4998, Val Accuracy: 46.10%, Learning Rate: 0.000096, Grad Norm: 5.4600
  -> New best model saved with accuracy: 46.10%
Epoch 10/60: Train Loss: 1.4744, Val Accuracy: 46.46%, Learning Rate: 0.000093, Grad Norm: 5.4272
  -> New best model saved with accuracy: 46.46%
Epoch 11/60: Train Loss: 1.4526, Val Accuracy: 47.20%, Learning Rate: 0.000091, Grad Norm: 5.5216
  -> New best model saved with accuracy: 47.20%
Epoch 12/60: Train Loss: 1.4320, Val Accuracy: 48.52%, Learning Rate: 0.000087, Grad Norm: 5.6901
  -> New best model saved with accuracy: 48.52%
Epoch 13/60: Train Loss: 1.4141, Val Accuracy: 48.54%, Learning Rate: 0.000084, Grad Norm: 5.6963
  -> New best model saved with accuracy: 48.54%
Epoch 14/60: Train Loss: 1.3973, Val Accuracy: 49.80%, Learning Rate: 0.000080, Grad Norm: 5.7447
  -> New best model saved with accuracy: 49.80%
Epoch 15/60: Train Loss: 1.3845, Val Accuracy: 50.14%, Learning Rate: 0.000075, Grad Norm: 5.7415
  -> New best model saved with accuracy: 50.14%
Epoch 16/60: Train Loss: 1.3680, Val Accuracy: 50.24%, Learning Rate: 0.000071, Grad Norm: 5.7761
  -> New best model saved with accuracy: 50.24%
Epoch 17/60: Train Loss: 1.3555, Val Accuracy: 50.96%, Learning Rate: 0.000066, Grad Norm: 5.7802
  -> New best model saved with accuracy: 50.96%
Epoch 18/60: Train Loss: 1.3457, Val Accuracy: 51.16%, Learning Rate: 0.000061, Grad Norm: 5.8572
  -> New best model saved with accuracy: 51.16%
Epoch 19/60: Train Loss: 1.3330, Val Accuracy: 51.62%, Learning Rate: 0.000056, Grad Norm: 5.8923
  -> New best model saved with accuracy: 51.62%
Epoch 20/60: Train Loss: 1.3228, Val Accuracy: 51.12%, Learning Rate: 0.000051, Grad Norm: 5.9836
  -> No improvement for 1 epoch(s)
Epoch 21/60: Train Loss: 1.3157, Val Accuracy: 51.76%, Learning Rate: 0.000045, Grad Norm: 5.9150
  -> New best model saved with accuracy: 51.76%
Epoch 22/60: Train Loss: 1.3065, Val Accuracy: 52.18%, Learning Rate: 0.000040, Grad Norm: 5.9934
  -> New best model saved with accuracy: 52.18%
Epoch 23/60: Train Loss: 1.2987, Val Accuracy: 52.52%, Learning Rate: 0.000035, Grad Norm: 6.0443
  -> New best model saved with accuracy: 52.52%
Epoch 24/60: Train Loss: 1.2941, Val Accuracy: 52.44%, Learning Rate: 0.000030, Grad Norm: 6.0060
  -> No improvement for 1 epoch(s)
Epoch 25/60: Train Loss: 1.2920, Val Accuracy: 52.48%, Learning Rate: 0.000026, Grad Norm: 6.1024
  -> No improvement for 2 epoch(s)
Epoch 26/60: Train Loss: 1.2820, Val Accuracy: 52.38%, Learning Rate: 0.000021, Grad Norm: 6.0763
  -> No improvement for 3 epoch(s)
Epoch 27/60: Train Loss: 1.2807, Val Accuracy: 52.38%, Learning Rate: 0.000017, Grad Norm: 6.1616
  -> No improvement for 4 epoch(s)
Epoch 28/60: Train Loss: 1.2769, Val Accuracy: 52.64%, Learning Rate: 0.000014, Grad Norm: 6.0530
  -> New best model saved with accuracy: 52.64%
Epoch 29/60: Train Loss: 1.2745, Val Accuracy: 53.06%, Learning Rate: 0.000010, Grad Norm: 6.0675
  -> New best model saved with accuracy: 53.06%
Epoch 30/60: Train Loss: 1.2748, Val Accuracy: 52.88%, Learning Rate: 0.000008, Grad Norm: 6.0249
  -> No improvement for 1 epoch(s)
Epoch 31/60: Train Loss: 1.2693, Val Accuracy: 53.04%, Learning Rate: 0.000005, Grad Norm: 6.0409
  -> No improvement for 2 epoch(s)
Epoch 32/60: Train Loss: 1.2688, Val Accuracy: 53.26%, Learning Rate: 0.000003, Grad Norm: 6.1616
  -> New best model saved with accuracy: 53.26%
Epoch 33/60: Train Loss: 1.2671, Val Accuracy: 53.28%, Learning Rate: 0.000002, Grad Norm: 6.0658
  -> New best model saved with accuracy: 53.28%
Epoch 34/60: Train Loss: 1.2680, Val Accuracy: 53.20%, Learning Rate: 0.000001, Grad Norm: 6.1157
  -> No improvement for 1 epoch(s)
  >> Cosine annealing restart #1: LR 0.000001 -> 0.000001
Epoch 35/60: Train Loss: 1.2680, Val Accuracy: 53.26%, Learning Rate: 0.000001, Grad Norm: 6.1272
  -> No improvement for 2 epoch(s)
