Using GPU: NVIDIA GeForce RTX 4090
Created CosineAnnealingWarmRestartsDecay (T_0=48, T_mult=1, cycle_decay=0.05)
  Warm-up: 5 epoch(s), Initial LR: 0.005
  Min LR: 5e-05, Total epochs: 64
Training on device: cuda:0
Initial training loss (before training): 2.3310
Initial validation accuracy (before training): 10.36%
--------------------------------------------------
Epoch 1/64: Train Loss: 1.9311, Val Accuracy: 40.34%, Learning Rate: 0.001000, Grad Norm: 7.1041
  -> New best model saved with accuracy: 40.34%
Epoch 2/64: Train Loss: 1.7405, Val Accuracy: 45.54%, Learning Rate: 0.002000, Grad Norm: 8.9963
  -> New best model saved with accuracy: 45.54%
Epoch 3/64: Train Loss: 1.6402, Val Accuracy: 51.50%, Learning Rate: 0.003000, Grad Norm: 9.1826
  -> New best model saved with accuracy: 51.50%
Epoch 4/64: Train Loss: 1.5549, Val Accuracy: 53.46%, Learning Rate: 0.004000, Grad Norm: 9.2930
  -> New best model saved with accuracy: 53.46%
Epoch 5/64: Train Loss: 1.4859, Val Accuracy: 57.02%, Learning Rate: 0.005000, Grad Norm: 9.2260
  -> New best model saved with accuracy: 57.02%
Epoch 6/64: Train Loss: 1.4127, Val Accuracy: 62.26%, Learning Rate: 0.004995, Grad Norm: 9.2560
  -> New best model saved with accuracy: 62.26%
Epoch 7/64: Train Loss: 1.3659, Val Accuracy: 62.20%, Learning Rate: 0.004979, Grad Norm: 9.3257
  -> No improvement for 1 epoch(s)
Epoch 8/64: Train Loss: 1.3278, Val Accuracy: 64.28%, Learning Rate: 0.004952, Grad Norm: 9.3914
  -> New best model saved with accuracy: 64.28%
Epoch 9/64: Train Loss: 1.2949, Val Accuracy: 62.16%, Learning Rate: 0.004916, Grad Norm: 9.5212
  -> No improvement for 1 epoch(s)
Epoch 10/64: Train Loss: 1.2663, Val Accuracy: 64.48%, Learning Rate: 0.004869, Grad Norm: 9.5333
  -> New best model saved with accuracy: 64.48%
Epoch 11/64: Train Loss: 1.2418, Val Accuracy: 65.48%, Learning Rate: 0.004812, Grad Norm: 9.6484
  -> New best model saved with accuracy: 65.48%
Epoch 12/64: Train Loss: 1.2226, Val Accuracy: 66.54%, Learning Rate: 0.004745, Grad Norm: 9.7148
  -> New best model saved with accuracy: 66.54%
Epoch 13/64: Train Loss: 1.2037, Val Accuracy: 65.86%, Learning Rate: 0.004668, Grad Norm: 9.8501
  -> No improvement for 1 epoch(s)
Epoch 14/64: Train Loss: 1.1853, Val Accuracy: 66.88%, Learning Rate: 0.004583, Grad Norm: 9.8830
  -> New best model saved with accuracy: 66.88%
Epoch 15/64: Train Loss: 1.1695, Val Accuracy: 67.68%, Learning Rate: 0.004489, Grad Norm: 10.0027
  -> New best model saved with accuracy: 67.68%
Epoch 16/64: Train Loss: 1.1539, Val Accuracy: 66.94%, Learning Rate: 0.004386, Grad Norm: 10.1738
  -> No improvement for 1 epoch(s)
Epoch 17/64: Train Loss: 1.1412, Val Accuracy: 66.52%, Learning Rate: 0.004275, Grad Norm: 10.1897
  -> No improvement for 2 epoch(s)
Epoch 18/64: Train Loss: 1.1288, Val Accuracy: 67.14%, Learning Rate: 0.004157, Grad Norm: 10.3552
  -> No improvement for 3 epoch(s)
Epoch 19/64: Train Loss: 1.1164, Val Accuracy: 68.68%, Learning Rate: 0.004032, Grad Norm: 10.4551
  -> New best model saved with accuracy: 68.68%
Epoch 20/64: Train Loss: 1.1076, Val Accuracy: 67.62%, Learning Rate: 0.003900, Grad Norm: 10.5534
  -> No improvement for 1 epoch(s)
Epoch 21/64: Train Loss: 1.0903, Val Accuracy: 69.06%, Learning Rate: 0.003763, Grad Norm: 10.6586
  -> New best model saved with accuracy: 69.06%
Epoch 22/64: Train Loss: 1.0798, Val Accuracy: 68.06%, Learning Rate: 0.003620, Grad Norm: 10.7699
  -> No improvement for 1 epoch(s)
Epoch 23/64: Train Loss: 1.0694, Val Accuracy: 69.02%, Learning Rate: 0.003472, Grad Norm: 10.8514
  -> No improvement for 2 epoch(s)
Epoch 24/64: Train Loss: 1.0607, Val Accuracy: 69.34%, Learning Rate: 0.003321, Grad Norm: 10.9655
  -> New best model saved with accuracy: 69.34%
Epoch 25/64: Train Loss: 1.0498, Val Accuracy: 69.74%, Learning Rate: 0.003166, Grad Norm: 11.1087
  -> New best model saved with accuracy: 69.74%
Epoch 26/64: Train Loss: 1.0389, Val Accuracy: 69.72%, Learning Rate: 0.003008, Grad Norm: 11.2451
  -> No improvement for 1 epoch(s)
Epoch 27/64: Train Loss: 1.0301, Val Accuracy: 70.36%, Learning Rate: 0.002848, Grad Norm: 11.2870
  -> New best model saved with accuracy: 70.36%
Epoch 28/64: Train Loss: 1.0184, Val Accuracy: 69.90%, Learning Rate: 0.002687, Grad Norm: 11.3768
  -> No improvement for 1 epoch(s)
Epoch 29/64: Train Loss: 1.0065, Val Accuracy: 69.94%, Learning Rate: 0.002525, Grad Norm: 11.5233
  -> No improvement for 2 epoch(s)
Epoch 30/64: Train Loss: 0.9991, Val Accuracy: 70.98%, Learning Rate: 0.002363, Grad Norm: 11.6032
  -> New best model saved with accuracy: 70.98%
Epoch 31/64: Train Loss: 0.9907, Val Accuracy: 69.76%, Learning Rate: 0.002202, Grad Norm: 11.8087
  -> No improvement for 1 epoch(s)
Epoch 32/64: Train Loss: 0.9778, Val Accuracy: 70.40%, Learning Rate: 0.002042, Grad Norm: 11.7962
  -> No improvement for 2 epoch(s)
Epoch 33/64: Train Loss: 0.9743, Val Accuracy: 70.02%, Learning Rate: 0.001884, Grad Norm: 11.9210
  -> No improvement for 3 epoch(s)
Epoch 34/64: Train Loss: 0.9632, Val Accuracy: 70.38%, Learning Rate: 0.001729, Grad Norm: 12.0659
  -> No improvement for 4 epoch(s)
Epoch 35/64: Train Loss: 0.9563, Val Accuracy: 69.88%, Learning Rate: 0.001578, Grad Norm: 12.1075
  -> No improvement for 5 epoch(s)
Epoch 36/64: Train Loss: 0.9458, Val Accuracy: 69.80%, Learning Rate: 0.001430, Grad Norm: 12.1941
  -> No improvement for 6 epoch(s)
Epoch 37/64: Train Loss: 0.9400, Val Accuracy: 70.42%, Learning Rate: 0.001288, Grad Norm: 12.2888
  -> No improvement for 7 epoch(s)
Epoch 38/64: Train Loss: 0.9299, Val Accuracy: 71.08%, Learning Rate: 0.001150, Grad Norm: 12.3535
  -> New best model saved with accuracy: 71.08%
Epoch 39/64: Train Loss: 0.9244, Val Accuracy: 70.54%, Learning Rate: 0.001018, Grad Norm: 12.3156
  -> No improvement for 1 epoch(s)
Epoch 40/64: Train Loss: 0.9187, Val Accuracy: 71.18%, Learning Rate: 0.000893, Grad Norm: 12.4271
  -> New best model saved with accuracy: 71.18%
Epoch 41/64: Train Loss: 0.9153, Val Accuracy: 70.88%, Learning Rate: 0.000775, Grad Norm: 12.4620
  -> No improvement for 1 epoch(s)
Epoch 42/64: Train Loss: 0.9046, Val Accuracy: 71.30%, Learning Rate: 0.000664, Grad Norm: 12.4875
  -> New best model saved with accuracy: 71.30%
Epoch 43/64: Train Loss: 0.9034, Val Accuracy: 70.96%, Learning Rate: 0.000561, Grad Norm: 12.4910
  -> No improvement for 1 epoch(s)
Epoch 44/64: Train Loss: 0.8964, Val Accuracy: 70.82%, Learning Rate: 0.000467, Grad Norm: 12.4793
  -> No improvement for 2 epoch(s)
Epoch 45/64: Train Loss: 0.8930, Val Accuracy: 70.66%, Learning Rate: 0.000382, Grad Norm: 12.5526
  -> No improvement for 3 epoch(s)
Epoch 46/64: Train Loss: 0.8890, Val Accuracy: 70.98%, Learning Rate: 0.000305, Grad Norm: 12.4910
  -> No improvement for 4 epoch(s)
Epoch 47/64: Train Loss: 0.8879, Val Accuracy: 70.70%, Learning Rate: 0.000238, Grad Norm: 12.5281
  -> No improvement for 5 epoch(s)
Epoch 48/64: Train Loss: 0.8834, Val Accuracy: 71.00%, Learning Rate: 0.000181, Grad Norm: 12.4885
  -> No improvement for 6 epoch(s)
Epoch 49/64: Train Loss: 0.8805, Val Accuracy: 71.02%, Learning Rate: 0.000134, Grad Norm: 12.6043
  -> No improvement for 7 epoch(s)
Epoch 50/64: Train Loss: 0.8810, Val Accuracy: 71.16%, Learning Rate: 0.000098, Grad Norm: 12.5284
  -> No improvement for 8 epoch(s)
Epoch 51/64: Train Loss: 0.8791, Val Accuracy: 71.06%, Learning Rate: 0.000071, Grad Norm: 12.4674
  -> No improvement for 9 epoch(s)
Epoch 52/64: Train Loss: 0.8786, Val Accuracy: 71.02%, Learning Rate: 0.000055, Grad Norm: 12.5046
  -> No improvement for 10 epoch(s)
Early stopping triggered at epoch 52
Finished Training
Best validation accuracy: 71.30% at epoch 42 with train loss: 0.9046
