Using GPU: NVIDIA GeForce RTX 4090
Created CosineAnnealingWarmRestartsDecay (T_0=30, T_mult=1, cycle_decay=0.01)
  Warm-up: 5 epoch(s), Initial LR: 0.0001
  Min LR: 1.0000000000000002e-06, Total epochs: 60
Training on device: cuda:0
Initial training loss (before training): 2.3728
Initial validation accuracy (before training): 9.46%
--------------------------------------------------
Epoch 1/60: Train Loss: 2.0784, Val Accuracy: 33.34%, Learning Rate: 0.000020, Grad Norm: 5.4338
  -> New best model saved with accuracy: 33.34%
Epoch 2/60: Train Loss: 1.8448, Val Accuracy: 41.78%, Learning Rate: 0.000040, Grad Norm: 10.1090
  -> New best model saved with accuracy: 41.78%
Epoch 3/60: Train Loss: 1.7374, Val Accuracy: 45.16%, Learning Rate: 0.000060, Grad Norm: 11.1755
  -> New best model saved with accuracy: 45.16%
Epoch 4/60: Train Loss: 1.6622, Val Accuracy: 49.02%, Learning Rate: 0.000080, Grad Norm: 11.3017
  -> New best model saved with accuracy: 49.02%
Epoch 5/60: Train Loss: 1.5863, Val Accuracy: 52.94%, Learning Rate: 0.000100, Grad Norm: 11.4896
  -> New best model saved with accuracy: 52.94%
Epoch 6/60: Train Loss: 1.5193, Val Accuracy: 55.30%, Learning Rate: 0.000100, Grad Norm: 11.9732
  -> New best model saved with accuracy: 55.30%
Epoch 7/60: Train Loss: 1.4725, Val Accuracy: 55.88%, Learning Rate: 0.000099, Grad Norm: 12.4983
  -> New best model saved with accuracy: 55.88%
Epoch 8/60: Train Loss: 1.4303, Val Accuracy: 59.22%, Learning Rate: 0.000098, Grad Norm: 13.0944
  -> New best model saved with accuracy: 59.22%
Epoch 9/60: Train Loss: 1.3964, Val Accuracy: 60.08%, Learning Rate: 0.000096, Grad Norm: 13.6201
  -> New best model saved with accuracy: 60.08%
