Using GPU: NVIDIA GeForce RTX 4090
Created CosineAnnealingWarmRestartsDecay (T_0=48, T_mult=1, cycle_decay=0.05)
  Warm-up: 5 epoch(s), Initial LR: 0.01
  Min LR: 0.0001, Total epochs: 64
Training on device: cuda:0
Initial training loss (before training): 2.3157
Initial validation accuracy (before training): 10.42%
--------------------------------------------------
Epoch 1/64: Train Loss: 2.1647, Val Accuracy: 29.50%, Learning Rate: 0.002000, Grad Norm: 0.8338
  -> New best model saved with accuracy: 29.50%
Epoch 2/64: Train Loss: 1.7871, Val Accuracy: 38.72%, Learning Rate: 0.004000, Grad Norm: 2.7594
  -> New best model saved with accuracy: 38.72%
Epoch 3/64: Train Loss: 1.5916, Val Accuracy: 44.06%, Learning Rate: 0.006000, Grad Norm: 3.6416
  -> New best model saved with accuracy: 44.06%
Epoch 4/64: Train Loss: 1.4946, Val Accuracy: 46.64%, Learning Rate: 0.008000, Grad Norm: 3.9690
  -> New best model saved with accuracy: 46.64%
Epoch 5/64: Train Loss: 1.4296, Val Accuracy: 51.28%, Learning Rate: 0.010000, Grad Norm: 4.0360
  -> New best model saved with accuracy: 51.28%
Epoch 6/64: Train Loss: 1.3604, Val Accuracy: 52.38%, Learning Rate: 0.009989, Grad Norm: 4.0446
  -> New best model saved with accuracy: 52.38%
Epoch 7/64: Train Loss: 1.2940, Val Accuracy: 55.16%, Learning Rate: 0.009958, Grad Norm: 4.1762
  -> New best model saved with accuracy: 55.16%
Epoch 8/64: Train Loss: 1.2339, Val Accuracy: 55.30%, Learning Rate: 0.009905, Grad Norm: 4.3025
  -> New best model saved with accuracy: 55.30%
Epoch 9/64: Train Loss: 1.1881, Val Accuracy: 58.80%, Learning Rate: 0.009831, Grad Norm: 4.4621
  -> New best model saved with accuracy: 58.80%
Epoch 10/64: Train Loss: 1.1489, Val Accuracy: 58.26%, Learning Rate: 0.009737, Grad Norm: 4.4622
  -> No improvement for 1 epoch(s)
Epoch 11/64: Train Loss: 1.1169, Val Accuracy: 59.18%, Learning Rate: 0.009623, Grad Norm: 4.5495
  -> New best model saved with accuracy: 59.18%
Epoch 12/64: Train Loss: 1.0871, Val Accuracy: 59.66%, Learning Rate: 0.009490, Grad Norm: 4.5884
  -> New best model saved with accuracy: 59.66%
Epoch 13/64: Train Loss: 1.0640, Val Accuracy: 61.92%, Learning Rate: 0.009337, Grad Norm: 4.7032
  -> New best model saved with accuracy: 61.92%
Epoch 14/64: Train Loss: 1.0369, Val Accuracy: 62.58%, Learning Rate: 0.009166, Grad Norm: 4.6752
  -> New best model saved with accuracy: 62.58%
Epoch 15/64: Train Loss: 1.0195, Val Accuracy: 61.38%, Learning Rate: 0.008977, Grad Norm: 4.7727
  -> No improvement for 1 epoch(s)
Epoch 16/64: Train Loss: 1.0020, Val Accuracy: 62.36%, Learning Rate: 0.008772, Grad Norm: 4.8093
  -> No improvement for 2 epoch(s)
Epoch 17/64: Train Loss: 0.9840, Val Accuracy: 62.84%, Learning Rate: 0.008550, Grad Norm: 4.9477
  -> New best model saved with accuracy: 62.84%
Epoch 18/64: Train Loss: 0.9672, Val Accuracy: 62.94%, Learning Rate: 0.008314, Grad Norm: 4.9642
  -> New best model saved with accuracy: 62.94%
Epoch 19/64: Train Loss: 0.9492, Val Accuracy: 64.72%, Learning Rate: 0.008063, Grad Norm: 4.9477
  -> New best model saved with accuracy: 64.72%
Epoch 20/64: Train Loss: 0.9332, Val Accuracy: 64.84%, Learning Rate: 0.007800, Grad Norm: 5.0889
  -> New best model saved with accuracy: 64.84%
Epoch 21/64: Train Loss: 0.9239, Val Accuracy: 63.58%, Learning Rate: 0.007525, Grad Norm: 5.0456
  -> No improvement for 1 epoch(s)
Epoch 22/64: Train Loss: 0.9073, Val Accuracy: 65.84%, Learning Rate: 0.007239, Grad Norm: 5.1224
  -> New best model saved with accuracy: 65.84%
Epoch 23/64: Train Loss: 0.8975, Val Accuracy: 65.98%, Learning Rate: 0.006944, Grad Norm: 5.2651
  -> New best model saved with accuracy: 65.98%
Epoch 24/64: Train Loss: 0.8850, Val Accuracy: 66.34%, Learning Rate: 0.006641, Grad Norm: 5.2855
  -> New best model saved with accuracy: 66.34%
Epoch 25/64: Train Loss: 0.8765, Val Accuracy: 65.74%, Learning Rate: 0.006331, Grad Norm: 5.3571
  -> No improvement for 1 epoch(s)
Epoch 26/64: Train Loss: 0.8638, Val Accuracy: 66.20%, Learning Rate: 0.006016, Grad Norm: 5.3427
  -> No improvement for 2 epoch(s)
Epoch 27/64: Train Loss: 0.8533, Val Accuracy: 66.94%, Learning Rate: 0.005696, Grad Norm: 5.4227
  -> New best model saved with accuracy: 66.94%
Epoch 28/64: Train Loss: 0.8459, Val Accuracy: 66.96%, Learning Rate: 0.005374, Grad Norm: 5.5133
  -> New best model saved with accuracy: 66.96%
Epoch 29/64: Train Loss: 0.8339, Val Accuracy: 66.24%, Learning Rate: 0.005050, Grad Norm: 5.5529
  -> No improvement for 1 epoch(s)
Epoch 30/64: Train Loss: 0.8220, Val Accuracy: 67.14%, Learning Rate: 0.004726, Grad Norm: 5.6591
  -> New best model saved with accuracy: 67.14%
Epoch 31/64: Train Loss: 0.8165, Val Accuracy: 66.52%, Learning Rate: 0.004404, Grad Norm: 5.7667
  -> No improvement for 1 epoch(s)
Epoch 32/64: Train Loss: 0.8067, Val Accuracy: 67.68%, Learning Rate: 0.004084, Grad Norm: 5.7491
  -> New best model saved with accuracy: 67.68%
Epoch 33/64: Train Loss: 0.7989, Val Accuracy: 67.72%, Learning Rate: 0.003769, Grad Norm: 5.8134
  -> New best model saved with accuracy: 67.72%
Epoch 34/64: Train Loss: 0.7902, Val Accuracy: 66.98%, Learning Rate: 0.003459, Grad Norm: 5.9350
  -> No improvement for 1 epoch(s)
Epoch 35/64: Train Loss: 0.7829, Val Accuracy: 67.98%, Learning Rate: 0.003156, Grad Norm: 5.9408
  -> New best model saved with accuracy: 67.98%
Epoch 36/64: Train Loss: 0.7731, Val Accuracy: 67.82%, Learning Rate: 0.002861, Grad Norm: 6.0540
  -> No improvement for 1 epoch(s)
Epoch 37/64: Train Loss: 0.7717, Val Accuracy: 68.06%, Learning Rate: 0.002575, Grad Norm: 6.1459
  -> New best model saved with accuracy: 68.06%
Epoch 38/64: Train Loss: 0.7618, Val Accuracy: 68.04%, Learning Rate: 0.002300, Grad Norm: 6.1715
  -> No improvement for 1 epoch(s)
Epoch 39/64: Train Loss: 0.7548, Val Accuracy: 67.92%, Learning Rate: 0.002037, Grad Norm: 6.2381
  -> No improvement for 2 epoch(s)
Epoch 40/64: Train Loss: 0.7510, Val Accuracy: 68.20%, Learning Rate: 0.001786, Grad Norm: 6.2925
  -> New best model saved with accuracy: 68.20%
Epoch 41/64: Train Loss: 0.7469, Val Accuracy: 68.10%, Learning Rate: 0.001550, Grad Norm: 6.2699
  -> No improvement for 1 epoch(s)
Epoch 42/64: Train Loss: 0.7400, Val Accuracy: 68.10%, Learning Rate: 0.001328, Grad Norm: 6.2955
  -> No improvement for 2 epoch(s)
Epoch 43/64: Train Loss: 0.7369, Val Accuracy: 68.02%, Learning Rate: 0.001123, Grad Norm: 6.3858
  -> No improvement for 3 epoch(s)
Epoch 44/64: Train Loss: 0.7293, Val Accuracy: 68.30%, Learning Rate: 0.000934, Grad Norm: 6.3994
  -> New best model saved with accuracy: 68.30%
Epoch 45/64: Train Loss: 0.7283, Val Accuracy: 68.28%, Learning Rate: 0.000763, Grad Norm: 6.4379
  -> No improvement for 1 epoch(s)
Epoch 46/64: Train Loss: 0.7232, Val Accuracy: 68.56%, Learning Rate: 0.000610, Grad Norm: 6.4461
  -> New best model saved with accuracy: 68.56%
Epoch 47/64: Train Loss: 0.7180, Val Accuracy: 68.80%, Learning Rate: 0.000477, Grad Norm: 6.4354
  -> New best model saved with accuracy: 68.80%
Epoch 48/64: Train Loss: 0.7186, Val Accuracy: 68.72%, Learning Rate: 0.000363, Grad Norm: 6.3922
  -> No improvement for 1 epoch(s)
Epoch 49/64: Train Loss: 0.7191, Val Accuracy: 68.76%, Learning Rate: 0.000269, Grad Norm: 6.4447
  -> No improvement for 2 epoch(s)
Epoch 50/64: Train Loss: 0.7141, Val Accuracy: 68.66%, Learning Rate: 0.000195, Grad Norm: 6.4929
  -> No improvement for 3 epoch(s)
Epoch 51/64: Train Loss: 0.7131, Val Accuracy: 68.74%, Learning Rate: 0.000142, Grad Norm: 6.4197
  -> No improvement for 4 epoch(s)
Epoch 52/64: Train Loss: 0.7124, Val Accuracy: 68.90%, Learning Rate: 0.000111, Grad Norm: 6.4095
  -> New best model saved with accuracy: 68.90%
  >> Cosine annealing restart #1: LR 0.000111 -> 0.000500
Epoch 53/64: Train Loss: 0.7166, Val Accuracy: 68.68%, Learning Rate: 0.000500, Grad Norm: 6.5300
  -> No improvement for 1 epoch(s)
Epoch 54/64: Train Loss: 0.7187, Val Accuracy: 68.72%, Learning Rate: 0.000500, Grad Norm: 6.5850
  -> No improvement for 2 epoch(s)
Epoch 55/64: Train Loss: 0.7173, Val Accuracy: 68.48%, Learning Rate: 0.000498, Grad Norm: 6.5443
  -> No improvement for 3 epoch(s)
Epoch 56/64: Train Loss: 0.7146, Val Accuracy: 68.40%, Learning Rate: 0.000496, Grad Norm: 6.6308
  -> No improvement for 4 epoch(s)
Epoch 57/64: Train Loss: 0.7146, Val Accuracy: 68.68%, Learning Rate: 0.000493, Grad Norm: 6.5976
  -> No improvement for 5 epoch(s)
Epoch 58/64: Train Loss: 0.7165, Val Accuracy: 68.86%, Learning Rate: 0.000489, Grad Norm: 6.6566
  -> No improvement for 6 epoch(s)
Epoch 59/64: Train Loss: 0.7145, Val Accuracy: 68.48%, Learning Rate: 0.000485, Grad Norm: 6.6431
  -> No improvement for 7 epoch(s)
Epoch 60/64: Train Loss: 0.7117, Val Accuracy: 68.30%, Learning Rate: 0.000479, Grad Norm: 6.6740
  -> No improvement for 8 epoch(s)
Epoch 61/64: Train Loss: 0.7124, Val Accuracy: 68.46%, Learning Rate: 0.000473, Grad Norm: 6.7429
  -> No improvement for 9 epoch(s)
Epoch 62/64: Train Loss: 0.7106, Val Accuracy: 68.42%, Learning Rate: 0.000466, Grad Norm: 6.6742
  -> No improvement for 10 epoch(s)
Early stopping triggered at epoch 62
Finished Training
Best validation accuracy: 68.90% at epoch 52 with train loss: 0.7124
