Using GPU: NVIDIA GeForce RTX 4090
Created CosineAnnealingWarmRestartsDecay (T_0=30, T_mult=1, cycle_decay=0.01)
  Warm-up: 5 epoch(s), Initial LR: 0.0001
  Min LR: 1.0000000000000002e-06, Total epochs: 60
Training on device: cuda:0
Initial training loss (before training): 2.2826
Initial validation accuracy (before training): 8.88%
--------------------------------------------------
Epoch 1/60: Train Loss: 2.1414, Val Accuracy: 29.66%, Learning Rate: 0.000020, Grad Norm: 2.0746
  -> New best model saved with accuracy: 29.66%
Epoch 2/60: Train Loss: 1.8765, Val Accuracy: 36.18%, Learning Rate: 0.000040, Grad Norm: 5.3058
  -> New best model saved with accuracy: 36.18%
Epoch 3/60: Train Loss: 1.7330, Val Accuracy: 41.72%, Learning Rate: 0.000060, Grad Norm: 7.0563
  -> New best model saved with accuracy: 41.72%
Epoch 4/60: Train Loss: 1.6225, Val Accuracy: 44.20%, Learning Rate: 0.000080, Grad Norm: 8.1409
  -> New best model saved with accuracy: 44.20%
Epoch 5/60: Train Loss: 1.5382, Val Accuracy: 47.40%, Learning Rate: 0.000100, Grad Norm: 8.5435
  -> New best model saved with accuracy: 47.40%
Epoch 6/60: Train Loss: 1.4671, Val Accuracy: 50.10%, Learning Rate: 0.000100, Grad Norm: 8.7629
  -> New best model saved with accuracy: 50.10%
Epoch 7/60: Train Loss: 1.4139, Val Accuracy: 52.22%, Learning Rate: 0.000099, Grad Norm: 9.0593
  -> New best model saved with accuracy: 52.22%
Epoch 8/60: Train Loss: 1.3696, Val Accuracy: 53.04%, Learning Rate: 0.000098, Grad Norm: 9.2694
  -> New best model saved with accuracy: 53.04%
Epoch 9/60: Train Loss: 1.3353, Val Accuracy: 54.06%, Learning Rate: 0.000096, Grad Norm: 9.5273
  -> New best model saved with accuracy: 54.06%
Epoch 10/60: Train Loss: 1.3060, Val Accuracy: 55.30%, Learning Rate: 0.000093, Grad Norm: 9.7897
  -> New best model saved with accuracy: 55.30%
Epoch 11/60: Train Loss: 1.2764, Val Accuracy: 54.62%, Learning Rate: 0.000091, Grad Norm: 9.9038
  -> No improvement for 1 epoch(s)
Epoch 12/60: Train Loss: 1.2541, Val Accuracy: 56.86%, Learning Rate: 0.000087, Grad Norm: 10.0228
  -> New best model saved with accuracy: 56.86%
Epoch 13/60: Train Loss: 1.2329, Val Accuracy: 56.48%, Learning Rate: 0.000084, Grad Norm: 10.1559
  -> No improvement for 1 epoch(s)
Epoch 14/60: Train Loss: 1.2104, Val Accuracy: 56.96%, Learning Rate: 0.000080, Grad Norm: 10.4356
  -> New best model saved with accuracy: 56.96%
Epoch 15/60: Train Loss: 1.1912, Val Accuracy: 57.26%, Learning Rate: 0.000075, Grad Norm: 10.4979
  -> New best model saved with accuracy: 57.26%
Epoch 16/60: Train Loss: 1.1751, Val Accuracy: 59.00%, Learning Rate: 0.000071, Grad Norm: 10.6914
  -> New best model saved with accuracy: 59.00%
Epoch 17/60: Train Loss: 1.1608, Val Accuracy: 59.34%, Learning Rate: 0.000066, Grad Norm: 10.7381
  -> New best model saved with accuracy: 59.34%
Epoch 18/60: Train Loss: 1.1489, Val Accuracy: 58.72%, Learning Rate: 0.000061, Grad Norm: 10.9365
  -> No improvement for 1 epoch(s)
Epoch 19/60: Train Loss: 1.1327, Val Accuracy: 59.64%, Learning Rate: 0.000056, Grad Norm: 10.9605
  -> New best model saved with accuracy: 59.64%
Epoch 20/60: Train Loss: 1.1234, Val Accuracy: 59.72%, Learning Rate: 0.000051, Grad Norm: 11.0702
  -> New best model saved with accuracy: 59.72%
Epoch 21/60: Train Loss: 1.1127, Val Accuracy: 59.90%, Learning Rate: 0.000045, Grad Norm: 11.2868
  -> New best model saved with accuracy: 59.90%
Epoch 22/60: Train Loss: 1.1004, Val Accuracy: 60.26%, Learning Rate: 0.000040, Grad Norm: 11.2924
  -> New best model saved with accuracy: 60.26%
Epoch 23/60: Train Loss: 1.0936, Val Accuracy: 59.78%, Learning Rate: 0.000035, Grad Norm: 11.4983
  -> No improvement for 1 epoch(s)
Epoch 24/60: Train Loss: 1.0824, Val Accuracy: 60.40%, Learning Rate: 0.000030, Grad Norm: 11.5019
  -> New best model saved with accuracy: 60.40%
Epoch 25/60: Train Loss: 1.0775, Val Accuracy: 60.72%, Learning Rate: 0.000026, Grad Norm: 11.6030
  -> New best model saved with accuracy: 60.72%
Epoch 26/60: Train Loss: 1.0711, Val Accuracy: 60.32%, Learning Rate: 0.000021, Grad Norm: 11.7101
  -> No improvement for 1 epoch(s)
Epoch 27/60: Train Loss: 1.0667, Val Accuracy: 61.02%, Learning Rate: 0.000017, Grad Norm: 11.8031
  -> New best model saved with accuracy: 61.02%
Epoch 28/60: Train Loss: 1.0621, Val Accuracy: 60.70%, Learning Rate: 0.000014, Grad Norm: 11.9419
  -> No improvement for 1 epoch(s)
