Using GPU: NVIDIA GeForce RTX 4090
Created CosineAnnealingWarmRestartsDecay (T_0=30, T_mult=1, cycle_decay=0.01)
  Warm-up: 5 epoch(s), Initial LR: 0.0001
  Min LR: 1.0000000000000002e-06, Total epochs: 60
Training on device: cuda:0
Initial training loss (before training): 2.2951
Initial validation accuracy (before training): 10.30%
--------------------------------------------------
Epoch 1/60: Train Loss: 2.0710, Val Accuracy: 34.24%, Learning Rate: 0.000020, Grad Norm: 5.7994
  -> New best model saved with accuracy: 34.24%
Epoch 2/60: Train Loss: 1.8451, Val Accuracy: 41.64%, Learning Rate: 0.000040, Grad Norm: 10.8320
  -> New best model saved with accuracy: 41.64%
Epoch 3/60: Train Loss: 1.7457, Val Accuracy: 45.26%, Learning Rate: 0.000060, Grad Norm: 11.6136
  -> New best model saved with accuracy: 45.26%
Epoch 4/60: Train Loss: 1.6788, Val Accuracy: 48.16%, Learning Rate: 0.000080, Grad Norm: 11.4928
  -> New best model saved with accuracy: 48.16%
Epoch 5/60: Train Loss: 1.6185, Val Accuracy: 50.86%, Learning Rate: 0.000100, Grad Norm: 11.4995
  -> New best model saved with accuracy: 50.86%
Epoch 6/60: Train Loss: 1.5570, Val Accuracy: 52.58%, Learning Rate: 0.000100, Grad Norm: 11.9044
  -> New best model saved with accuracy: 52.58%
Epoch 7/60: Train Loss: 1.5057, Val Accuracy: 56.26%, Learning Rate: 0.000099, Grad Norm: 12.1660
  -> New best model saved with accuracy: 56.26%
Epoch 8/60: Train Loss: 1.4620, Val Accuracy: 57.50%, Learning Rate: 0.000098, Grad Norm: 12.3064
  -> New best model saved with accuracy: 57.50%
Epoch 9/60: Train Loss: 1.4265, Val Accuracy: 59.52%, Learning Rate: 0.000096, Grad Norm: 12.6193
  -> New best model saved with accuracy: 59.52%
